{"/home/mirelle/Documentos/arquivos para o Igor/revisao-da-api-de-matematica/src/app.js": {"path":"/home/mirelle/Documentos/arquivos para o Igor/revisao-da-api-de-matematica/src/app.js","statementMap":{"0":{"start":{"line":8,"column":0},"end":{"line":8,"column":73}},"1":{"start":{"line":9,"column":0},"end":{"line":11,"column":3}},"2":{"start":{"line":10,"column":4},"end":{"line":10,"column":53}},"3":{"start":{"line":14,"column":12},"end":{"line":14,"column":21}},"4":{"start":{"line":17,"column":0},"end":{"line":17,"column":23}},"5":{"start":{"line":19,"column":0},"end":{"line":19,"column":11}}},"fnMap":{"0":{"name":"(anonymous_0)","decl":{"start":{"line":9,"column":16},"end":{"line":9,"column":17}},"loc":{"start":{"line":9,"column":22},"end":{"line":11,"column":1}},"line":9}},"branchMap":{},"s":{"0":6,"1":6,"2":0,"3":6,"4":6,"5":6},"f":{"0":0},"b":{},"_coverageSchema":"1a1c01bbd47fc00a2c39e90264f33305004495a9","hash":"86c8c142395e67ec3de2c80f76956f3bbcf648e7"}
,"/home/mirelle/Documentos/arquivos para o Igor/revisao-da-api-de-matematica/src/config/dbConect.js": {"path":"/home/mirelle/Documentos/arquivos para o Igor/revisao-da-api-de-matematica/src/config/dbConect.js","statementMap":{"0":{"start":{"line":4,"column":0},"end":{"line":4,"column":16}},"1":{"start":{"line":6,"column":0},"end":{"line":13,"column":3}},"2":{"start":{"line":10,"column":4},"end":{"line":10,"column":48}},"3":{"start":{"line":12,"column":4},"end":{"line":12,"column":50}},"4":{"start":{"line":16,"column":9},"end":{"line":16,"column":28}}},"fnMap":{"0":{"name":"(anonymous_0)","decl":{"start":{"line":9,"column":9},"end":{"line":9,"column":10}},"loc":{"start":{"line":9,"column":21},"end":{"line":11,"column":1}},"line":9},"1":{"name":"(anonymous_1)","decl":{"start":{"line":11,"column":9},"end":{"line":11,"column":10}},"loc":{"start":{"line":11,"column":18},"end":{"line":13,"column":1}},"line":11}},"branchMap":{},"s":{"0":6,"1":6,"2":0,"3":6,"4":6},"f":{"0":0,"1":6},"b":{},"_coverageSchema":"1a1c01bbd47fc00a2c39e90264f33305004495a9","hash":"bdca8a95fc65882dfa1ddd81f0aacb701b324340"}
,"/home/mirelle/Documentos/arquivos para o Igor/revisao-da-api-de-matematica/src/controllers/AulaController.js": {"path":"/home/mirelle/Documentos/arquivos para o Igor/revisao-da-api-de-matematica/src/controllers/AulaController.js","statementMap":{"0":{"start":{"line":5,"column":23},"end":{"line":107,"column":1}},"1":{"start":{"line":7,"column":8},"end":{"line":13,"column":9}},"2":{"start":{"line":8,"column":26},"end":{"line":8,"column":43}},"3":{"start":{"line":9,"column":12},"end":{"line":9,"column":28}},"4":{"start":{"line":11,"column":12},"end":{"line":11,"column":39}},"5":{"start":{"line":12,"column":12},"end":{"line":12,"column":53}},"6":{"start":{"line":17,"column":8},"end":{"line":26,"column":9}},"7":{"start":{"line":18,"column":25},"end":{"line":18,"column":59}},"8":{"start":{"line":19,"column":12},"end":{"line":21,"column":13}},"9":{"start":{"line":20,"column":16},"end":{"line":20,"column":76}},"10":{"start":{"line":22,"column":12},"end":{"line":22,"column":27}},"11":{"start":{"line":24,"column":12},"end":{"line":24,"column":39}},"12":{"start":{"line":25,"column":12},"end":{"line":25,"column":53}},"13":{"start":{"line":30,"column":8},"end":{"line":62,"column":9}},"14":{"start":{"line":31,"column":83},"end":{"line":31,"column":91}},"15":{"start":{"line":33,"column":34},"end":{"line":33,"column":64}},"16":{"start":{"line":35,"column":12},"end":{"line":41,"column":13}},"17":{"start":{"line":36,"column":16},"end":{"line":40,"column":19}},"18":{"start":{"line":43,"column":29},"end":{"line":50,"column":14}},"19":{"start":{"line":52,"column":12},"end":{"line":52,"column":34}},"20":{"start":{"line":54,"column":12},"end":{"line":54,"column":59}},"21":{"start":{"line":56,"column":12},"end":{"line":56,"column":31}},"22":{"start":{"line":57,"column":12},"end":{"line":61,"column":15}},"23":{"start":{"line":66,"column":22},"end":{"line":66,"column":43}},"24":{"start":{"line":67,"column":8},"end":{"line":69,"column":9}},"25":{"start":{"line":68,"column":12},"end":{"line":68,"column":66}},"26":{"start":{"line":71,"column":48},"end":{"line":71,"column":56}},"27":{"start":{"line":73,"column":8},"end":{"line":89,"column":9}},"28":{"start":{"line":74,"column":23},"end":{"line":74,"column":57}},"29":{"start":{"line":75,"column":12},"end":{"line":77,"column":13}},"30":{"start":{"line":76,"column":16},"end":{"line":76,"column":76}},"31":{"start":{"line":79,"column":12},"end":{"line":79,"column":33}},"32":{"start":{"line":80,"column":12},"end":{"line":80,"column":39}},"33":{"start":{"line":81,"column":12},"end":{"line":81,"column":37}},"34":{"start":{"line":83,"column":12},"end":{"line":83,"column":30}},"35":{"start":{"line":85,"column":12},"end":{"line":85,"column":27}},"36":{"start":{"line":87,"column":12},"end":{"line":87,"column":39}},"37":{"start":{"line":88,"column":12},"end":{"line":88,"column":53}},"38":{"start":{"line":93,"column":8},"end":{"line":105,"column":9}},"39":{"start":{"line":94,"column":23},"end":{"line":94,"column":57}},"40":{"start":{"line":95,"column":12},"end":{"line":97,"column":13}},"41":{"start":{"line":96,"column":16},"end":{"line":96,"column":76}},"42":{"start":{"line":99,"column":12},"end":{"line":99,"column":32}},"43":{"start":{"line":101,"column":12},"end":{"line":101,"column":47}},"44":{"start":{"line":103,"column":12},"end":{"line":103,"column":39}},"45":{"start":{"line":104,"column":12},"end":{"line":104,"column":53}}},"fnMap":{"0":{"name":"(anonymous_0)","decl":{"start":{"line":6,"column":4},"end":{"line":6,"column":5}},"loc":{"start":{"line":6,"column":32},"end":{"line":14,"column":5}},"line":6},"1":{"name":"(anonymous_1)","decl":{"start":{"line":16,"column":4},"end":{"line":16,"column":5}},"loc":{"start":{"line":16,"column":36},"end":{"line":27,"column":5}},"line":16},"2":{"name":"(anonymous_2)","decl":{"start":{"line":29,"column":4},"end":{"line":29,"column":5}},"loc":{"start":{"line":29,"column":30},"end":{"line":63,"column":5}},"line":29},"3":{"name":"(anonymous_3)","decl":{"start":{"line":65,"column":4},"end":{"line":65,"column":5}},"loc":{"start":{"line":65,"column":34},"end":{"line":90,"column":5}},"line":65},"4":{"name":"(anonymous_4)","decl":{"start":{"line":92,"column":4},"end":{"line":92,"column":5}},"loc":{"start":{"line":92,"column":32},"end":{"line":106,"column":5}},"line":92}},"branchMap":{"0":{"loc":{"start":{"line":19,"column":12},"end":{"line":21,"column":13}},"type":"if","locations":[{"start":{"line":19,"column":12},"end":{"line":21,"column":13}},{"start":{},"end":{}}],"line":19},"1":{"loc":{"start":{"line":35,"column":12},"end":{"line":41,"column":13}},"type":"if","locations":[{"start":{"line":35,"column":12},"end":{"line":41,"column":13}},{"start":{},"end":{}}],"line":35},"2":{"loc":{"start":{"line":67,"column":8},"end":{"line":69,"column":9}},"type":"if","locations":[{"start":{"line":67,"column":8},"end":{"line":69,"column":9}},{"start":{},"end":{}}],"line":67},"3":{"loc":{"start":{"line":75,"column":12},"end":{"line":77,"column":13}},"type":"if","locations":[{"start":{"line":75,"column":12},"end":{"line":77,"column":13}},{"start":{},"end":{}}],"line":75},"4":{"loc":{"start":{"line":95,"column":12},"end":{"line":97,"column":13}},"type":"if","locations":[{"start":{"line":95,"column":12},"end":{"line":97,"column":13}},{"start":{},"end":{}}],"line":95}},"s":{"0":6,"1":0,"2":0,"3":0,"4":0,"5":0,"6":0,"7":0,"8":0,"9":0,"10":0,"11":0,"12":0,"13":0,"14":0,"15":0,"16":0,"17":0,"18":0,"19":0,"20":0,"21":0,"22":0,"23":0,"24":0,"25":0,"26":0,"27":0,"28":0,"29":0,"30":0,"31":0,"32":0,"33":0,"34":0,"35":0,"36":0,"37":0,"38":0,"39":0,"40":0,"41":0,"42":0,"43":0,"44":0,"45":0},"f":{"0":0,"1":0,"2":0,"3":0,"4":0},"b":{"0":[0,0],"1":[0,0],"2":[0,0],"3":[0,0],"4":[0,0]},"_coverageSchema":"1a1c01bbd47fc00a2c39e90264f33305004495a9","hash":"1f4bd26f3816e4ae56f8600f5da888110dba0658"}
,"/home/mirelle/Documentos/arquivos para o Igor/revisao-da-api-de-matematica/src/controllers/AutenticacaoController.js": {"path":"/home/mirelle/Documentos/arquivos para o Igor/revisao-da-api-de-matematica/src/controllers/AutenticacaoController.js","statementMap":{"0":{"start":{"line":7,"column":19},"end":{"line":46,"column":5}},"1":{"start":{"line":9,"column":37},"end":{"line":9,"column":45}},"2":{"start":{"line":10,"column":26},"end":{"line":10,"column":121}},"3":{"start":{"line":13,"column":8},"end":{"line":16,"column":9}},"4":{"start":{"line":14,"column":12},"end":{"line":14,"column":96}},"5":{"start":{"line":17,"column":8},"end":{"line":20,"column":9}},"6":{"start":{"line":18,"column":11},"end":{"line":18,"column":104}},"7":{"start":{"line":21,"column":8},"end":{"line":23,"column":9}},"8":{"start":{"line":22,"column":12},"end":{"line":22,"column":92}},"9":{"start":{"line":25,"column":8},"end":{"line":45,"column":10}}},"fnMap":{"0":{"name":"(anonymous_0)","decl":{"start":{"line":7,"column":19},"end":{"line":7,"column":20}},"loc":{"start":{"line":7,"column":38},"end":{"line":46,"column":5}},"line":7}},"branchMap":{"0":{"loc":{"start":{"line":10,"column":26},"end":{"line":10,"column":121}},"type":"binary-expr","locations":[{"start":{"line":10,"column":26},"end":{"line":10,"column":71}},{"start":{"line":10,"column":75},"end":{"line":10,"column":121}}],"line":10},"1":{"loc":{"start":{"line":13,"column":8},"end":{"line":16,"column":9}},"type":"if","locations":[{"start":{"line":13,"column":8},"end":{"line":16,"column":9}},{"start":{},"end":{}}],"line":13},"2":{"loc":{"start":{"line":17,"column":8},"end":{"line":20,"column":9}},"type":"if","locations":[{"start":{"line":17,"column":8},"end":{"line":20,"column":9}},{"start":{},"end":{}}],"line":17},"3":{"loc":{"start":{"line":21,"column":8},"end":{"line":23,"column":9}},"type":"if","locations":[{"start":{"line":21,"column":8},"end":{"line":23,"column":9}},{"start":{},"end":{}}],"line":21}},"s":{"0":6,"1":6,"2":6,"3":0,"4":0,"5":0,"6":0,"7":0,"8":0,"9":0},"f":{"0":6},"b":{"0":[6,0],"1":[0,0],"2":[0,0],"3":[0,0]},"_coverageSchema":"1a1c01bbd47fc00a2c39e90264f33305004495a9","hash":"52ed48d91f4422cb2305a37258deac61e92c5d23"}
,"/home/mirelle/Documentos/arquivos para o Igor/revisao-da-api-de-matematica/src/controllers/CursoController.js": {"path":"/home/mirelle/Documentos/arquivos para o Igor/revisao-da-api-de-matematica/src/controllers/CursoController.js","statementMap":{"0":{"start":{"line":6,"column":24},"end":{"line":40,"column":3}},"1":{"start":{"line":7,"column":6},"end":{"line":39,"column":7}},"2":{"start":{"line":9,"column":10},"end":{"line":11,"column":11}},"3":{"start":{"line":10,"column":14},"end":{"line":10,"column":20}},"4":{"start":{"line":13,"column":25},"end":{"line":13,"column":41}},"5":{"start":{"line":14,"column":34},"end":{"line":14,"column":43}},"6":{"start":{"line":16,"column":26},"end":{"line":20,"column":11}},"7":{"start":{"line":22,"column":10},"end":{"line":33,"column":13}},"8":{"start":{"line":23,"column":28},"end":{"line":23,"column":62}},"9":{"start":{"line":24,"column":32},"end":{"line":24,"column":65}},"10":{"start":{"line":26,"column":14},"end":{"line":26,"column":42}},"11":{"start":{"line":29,"column":28},"end":{"line":29,"column":93}},"12":{"start":{"line":30,"column":32},"end":{"line":30,"column":65}},"13":{"start":{"line":32,"column":14},"end":{"line":32,"column":42}},"14":{"start":{"line":38,"column":10},"end":{"line":38,"column":100}},"15":{"start":{"line":42,"column":29},"end":{"line":66,"column":3}},"16":{"start":{"line":43,"column":6},"end":{"line":65,"column":7}},"17":{"start":{"line":45,"column":10},"end":{"line":47,"column":11}},"18":{"start":{"line":46,"column":13},"end":{"line":46,"column":19}},"19":{"start":{"line":49,"column":21},"end":{"line":49,"column":34}},"20":{"start":{"line":51,"column":10},"end":{"line":60,"column":12}},"21":{"start":{"line":54,"column":14},"end":{"line":54,"column":48}},"22":{"start":{"line":58,"column":12},"end":{"line":58,"column":101}},"23":{"start":{"line":64,"column":10},"end":{"line":64,"column":101}},"24":{"start":{"line":68,"column":26},"end":{"line":96,"column":3}},"25":{"start":{"line":69,"column":4},"end":{"line":95,"column":5}},"26":{"start":{"line":71,"column":8},"end":{"line":73,"column":9}},"27":{"start":{"line":72,"column":12},"end":{"line":72,"column":18}},"28":{"start":{"line":75,"column":20},"end":{"line":75,"column":40}},"29":{"start":{"line":77,"column":27},"end":{"line":77,"column":73}},"30":{"start":{"line":79,"column":8},"end":{"line":90,"column":9}},"31":{"start":{"line":81,"column":10},"end":{"line":87,"column":12}},"32":{"start":{"line":82,"column":12},"end":{"line":82,"column":48}},"33":{"start":{"line":86,"column":14},"end":{"line":86,"column":115}},"34":{"start":{"line":88,"column":14},"end":{"line":90,"column":9}},"35":{"start":{"line":89,"column":10},"end":{"line":89,"column":98}},"36":{"start":{"line":94,"column":8},"end":{"line":94,"column":100}},"37":{"start":{"line":98,"column":26},"end":{"line":131,"column":3}},"38":{"start":{"line":99,"column":6},"end":{"line":130,"column":7}},"39":{"start":{"line":101,"column":10},"end":{"line":103,"column":11}},"40":{"start":{"line":102,"column":12},"end":{"line":102,"column":18}},"41":{"start":{"line":105,"column":19},"end":{"line":105,"column":32}},"42":{"start":{"line":106,"column":10},"end":{"line":124,"column":12}},"43":{"start":{"line":107,"column":31},"end":{"line":107,"column":77}},"44":{"start":{"line":109,"column":12},"end":{"line":111,"column":13}},"45":{"start":{"line":110,"column":14},"end":{"line":110,"column":102}},"46":{"start":{"line":113,"column":12},"end":{"line":119,"column":14}},"47":{"start":{"line":114,"column":14},"end":{"line":114,"column":91}},"48":{"start":{"line":118,"column":14},"end":{"line":118,"column":126}},"49":{"start":{"line":123,"column":12},"end":{"line":123,"column":101}},"50":{"start":{"line":129,"column":8},"end":{"line":129,"column":99}},"51":{"start":{"line":133,"column":24},"end":{"line":157,"column":3}},"52":{"start":{"line":134,"column":6},"end":{"line":156,"column":7}},"53":{"start":{"line":136,"column":10},"end":{"line":138,"column":11}},"54":{"start":{"line":137,"column":12},"end":{"line":137,"column":18}},"55":{"start":{"line":140,"column":19},"end":{"line":140,"column":32}},"56":{"start":{"line":142,"column":10},"end":{"line":150,"column":12}},"57":{"start":{"line":143,"column":14},"end":{"line":145,"column":16}},"58":{"start":{"line":144,"column":16},"end":{"line":144,"column":97}},"59":{"start":{"line":149,"column":12},"end":{"line":149,"column":97}},"60":{"start":{"line":155,"column":10},"end":{"line":155,"column":102}}},"fnMap":{"0":{"name":"(anonymous_0)","decl":{"start":{"line":6,"column":24},"end":{"line":6,"column":25}},"loc":{"start":{"line":6,"column":43},"end":{"line":40,"column":3}},"line":6},"1":{"name":"(anonymous_1)","decl":{"start":{"line":42,"column":29},"end":{"line":42,"column":30}},"loc":{"start":{"line":42,"column":49},"end":{"line":66,"column":3}},"line":42},"2":{"name":"(anonymous_2)","decl":{"start":{"line":51,"column":35},"end":{"line":51,"column":36}},"loc":{"start":{"line":51,"column":51},"end":{"line":55,"column":11}},"line":51},"3":{"name":"(anonymous_3)","decl":{"start":{"line":56,"column":17},"end":{"line":56,"column":18}},"loc":{"start":{"line":56,"column":25},"end":{"line":60,"column":11}},"line":56},"4":{"name":"(anonymous_4)","decl":{"start":{"line":68,"column":26},"end":{"line":68,"column":27}},"loc":{"start":{"line":68,"column":46},"end":{"line":96,"column":3}},"line":68},"5":{"name":"(anonymous_5)","decl":{"start":{"line":81,"column":28},"end":{"line":81,"column":29}},"loc":{"start":{"line":81,"column":34},"end":{"line":83,"column":11}},"line":81},"6":{"name":"(anonymous_6)","decl":{"start":{"line":84,"column":17},"end":{"line":84,"column":18}},"loc":{"start":{"line":84,"column":25},"end":{"line":87,"column":11}},"line":84},"7":{"name":"(anonymous_7)","decl":{"start":{"line":98,"column":26},"end":{"line":98,"column":27}},"loc":{"start":{"line":98,"column":45},"end":{"line":131,"column":3}},"line":98},"8":{"name":"(anonymous_8)","decl":{"start":{"line":106,"column":35},"end":{"line":106,"column":36}},"loc":{"start":{"line":106,"column":45},"end":{"line":120,"column":11}},"line":106},"9":{"name":"(anonymous_9)","decl":{"start":{"line":113,"column":63},"end":{"line":113,"column":64}},"loc":{"start":{"line":113,"column":67},"end":{"line":115,"column":13}},"line":113},"10":{"name":"(anonymous_10)","decl":{"start":{"line":116,"column":19},"end":{"line":116,"column":20}},"loc":{"start":{"line":116,"column":28},"end":{"line":119,"column":13}},"line":116},"11":{"name":"(anonymous_11)","decl":{"start":{"line":121,"column":17},"end":{"line":121,"column":18}},"loc":{"start":{"line":121,"column":25},"end":{"line":124,"column":11}},"line":121},"12":{"name":"(anonymous_12)","decl":{"start":{"line":133,"column":24},"end":{"line":133,"column":25}},"loc":{"start":{"line":133,"column":44},"end":{"line":157,"column":3}},"line":133},"13":{"name":"(anonymous_13)","decl":{"start":{"line":142,"column":41},"end":{"line":142,"column":42}},"loc":{"start":{"line":142,"column":47},"end":{"line":146,"column":11}},"line":142},"14":{"name":"(anonymous_14)","decl":{"start":{"line":143,"column":48},"end":{"line":143,"column":49}},"loc":{"start":{"line":143,"column":54},"end":{"line":145,"column":15}},"line":143},"15":{"name":"(anonymous_15)","decl":{"start":{"line":147,"column":17},"end":{"line":147,"column":18}},"loc":{"start":{"line":147,"column":24},"end":{"line":150,"column":11}},"line":147}},"branchMap":{"0":{"loc":{"start":{"line":9,"column":10},"end":{"line":11,"column":11}},"type":"if","locations":[{"start":{"line":9,"column":10},"end":{"line":11,"column":11}},{"start":{},"end":{}}],"line":9},"1":{"loc":{"start":{"line":18,"column":20},"end":{"line":18,"column":39}},"type":"binary-expr","locations":[{"start":{"line":18,"column":20},"end":{"line":18,"column":34}},{"start":{"line":18,"column":38},"end":{"line":18,"column":39}}],"line":18},"2":{"loc":{"start":{"line":19,"column":21},"end":{"line":19,"column":71}},"type":"cond-expr","locations":[{"start":{"line":19,"column":45},"end":{"line":19,"column":46}},{"start":{"line":19,"column":49},"end":{"line":19,"column":71}}],"line":19},"3":{"loc":{"start":{"line":19,"column":49},"end":{"line":19,"column":71}},"type":"binary-expr","locations":[{"start":{"line":19,"column":49},"end":{"line":19,"column":66}},{"start":{"line":19,"column":70},"end":{"line":19,"column":71}}],"line":19},"4":{"loc":{"start":{"line":22,"column":10},"end":{"line":33,"column":13}},"type":"if","locations":[{"start":{"line":22,"column":10},"end":{"line":33,"column":13}},{"start":{"line":28,"column":17},"end":{"line":33,"column":13}}],"line":22},"5":{"loc":{"start":{"line":45,"column":10},"end":{"line":47,"column":11}},"type":"if","locations":[{"start":{"line":45,"column":10},"end":{"line":47,"column":11}},{"start":{},"end":{}}],"line":45},"6":{"loc":{"start":{"line":71,"column":8},"end":{"line":73,"column":9}},"type":"if","locations":[{"start":{"line":71,"column":8},"end":{"line":73,"column":9}},{"start":{},"end":{}}],"line":71},"7":{"loc":{"start":{"line":79,"column":8},"end":{"line":90,"column":9}},"type":"if","locations":[{"start":{"line":79,"column":8},"end":{"line":90,"column":9}},{"start":{"line":88,"column":14},"end":{"line":90,"column":9}}],"line":79},"8":{"loc":{"start":{"line":88,"column":14},"end":{"line":90,"column":9}},"type":"if","locations":[{"start":{"line":88,"column":14},"end":{"line":90,"column":9}},{"start":{},"end":{}}],"line":88},"9":{"loc":{"start":{"line":101,"column":10},"end":{"line":103,"column":11}},"type":"if","locations":[{"start":{"line":101,"column":10},"end":{"line":103,"column":11}},{"start":{},"end":{}}],"line":101},"10":{"loc":{"start":{"line":109,"column":12},"end":{"line":111,"column":13}},"type":"if","locations":[{"start":{"line":109,"column":12},"end":{"line":111,"column":13}},{"start":{},"end":{}}],"line":109},"11":{"loc":{"start":{"line":136,"column":10},"end":{"line":138,"column":11}},"type":"if","locations":[{"start":{"line":136,"column":10},"end":{"line":138,"column":11}},{"start":{},"end":{}}],"line":136}},"s":{"0":7,"1":0,"2":0,"3":0,"4":0,"5":0,"6":0,"7":0,"8":0,"9":0,"10":0,"11":0,"12":0,"13":0,"14":0,"15":7,"16":0,"17":0,"18":0,"19":0,"20":0,"21":0,"22":0,"23":0,"24":7,"25":0,"26":0,"27":0,"28":0,"29":0,"30":0,"31":0,"32":0,"33":0,"34":0,"35":0,"36":0,"37":7,"38":0,"39":0,"40":0,"41":0,"42":0,"43":0,"44":0,"45":0,"46":0,"47":0,"48":0,"49":0,"50":0,"51":7,"52":0,"53":0,"54":0,"55":0,"56":0,"57":0,"58":0,"59":0,"60":0},"f":{"0":0,"1":0,"2":0,"3":0,"4":0,"5":0,"6":0,"7":0,"8":0,"9":0,"10":0,"11":0,"12":0,"13":0,"14":0,"15":0},"b":{"0":[0,0],"1":[0,0],"2":[0,0],"3":[0,0],"4":[0,0],"5":[0,0],"6":[0,0],"7":[0,0],"8":[0,0],"9":[0,0],"10":[0,0],"11":[0,0]},"_coverageSchema":"1a1c01bbd47fc00a2c39e90264f33305004495a9","hash":"fe7c06b74f0068a0ff1c8b7f86fbb3200c40a67a"}
,"/home/mirelle/Documentos/arquivos para o Igor/revisao-da-api-de-matematica/src/controllers/GrupoController.js": {"path":"/home/mirelle/Documentos/arquivos para o Igor/revisao-da-api-de-matematica/src/controllers/GrupoController.js","statementMap":{"0":{"start":{"line":6,"column":25},"end":{"line":42,"column":5}},"1":{"start":{"line":8,"column":8},"end":{"line":41,"column":9}},"2":{"start":{"line":10,"column":12},"end":{"line":12,"column":13}},"3":{"start":{"line":11,"column":16},"end":{"line":11,"column":22}},"4":{"start":{"line":14,"column":25},"end":{"line":14,"column":39}},"5":{"start":{"line":15,"column":36},"end":{"line":15,"column":45}},"6":{"start":{"line":17,"column":28},"end":{"line":21,"column":13}},"7":{"start":{"line":23,"column":12},"end":{"line":35,"column":13}},"8":{"start":{"line":24,"column":30},"end":{"line":24,"column":64}},"9":{"start":{"line":25,"column":26},"end":{"line":25,"column":59}},"10":{"start":{"line":27,"column":16},"end":{"line":27,"column":36}},"11":{"start":{"line":31,"column":30},"end":{"line":31,"column":91}},"12":{"start":{"line":32,"column":26},"end":{"line":32,"column":59}},"13":{"start":{"line":34,"column":16},"end":{"line":34,"column":36}},"14":{"start":{"line":40,"column":12},"end":{"line":40,"column":103}},"15":{"start":{"line":44,"column":27},"end":{"line":66,"column":5}},"16":{"start":{"line":45,"column":8},"end":{"line":65,"column":9}},"17":{"start":{"line":47,"column":12},"end":{"line":49,"column":13}},"18":{"start":{"line":48,"column":16},"end":{"line":48,"column":22}},"19":{"start":{"line":51,"column":23},"end":{"line":51,"column":36}},"20":{"start":{"line":53,"column":12},"end":{"line":60,"column":14}},"21":{"start":{"line":54,"column":26},"end":{"line":54,"column":59}},"22":{"start":{"line":55,"column":16},"end":{"line":55,"column":48}},"23":{"start":{"line":59,"column":16},"end":{"line":59,"column":105}},"24":{"start":{"line":64,"column":12},"end":{"line":64,"column":103}},"25":{"start":{"line":68,"column":28},"end":{"line":95,"column":5}},"26":{"start":{"line":69,"column":8},"end":{"line":94,"column":9}},"27":{"start":{"line":71,"column":12},"end":{"line":73,"column":13}},"28":{"start":{"line":72,"column":16},"end":{"line":72,"column":22}},"29":{"start":{"line":75,"column":24},"end":{"line":75,"column":44}},"30":{"start":{"line":77,"column":30},"end":{"line":77,"column":72}},"31":{"start":{"line":79,"column":12},"end":{"line":89,"column":13}},"32":{"start":{"line":80,"column":16},"end":{"line":84,"column":18}},"33":{"start":{"line":81,"column":20},"end":{"line":81,"column":63}},"34":{"start":{"line":83,"column":20},"end":{"line":83,"column":121}},"35":{"start":{"line":87,"column":17},"end":{"line":89,"column":13}},"36":{"start":{"line":88,"column":16},"end":{"line":88,"column":99}},"37":{"start":{"line":93,"column":12},"end":{"line":93,"column":105}},"38":{"start":{"line":97,"column":28},"end":{"line":133,"column":5}},"39":{"start":{"line":98,"column":8},"end":{"line":132,"column":9}},"40":{"start":{"line":100,"column":12},"end":{"line":102,"column":13}},"41":{"start":{"line":101,"column":16},"end":{"line":101,"column":22}},"42":{"start":{"line":104,"column":23},"end":{"line":104,"column":36}},"43":{"start":{"line":106,"column":12},"end":{"line":126,"column":14}},"44":{"start":{"line":108,"column":38},"end":{"line":108,"column":80}},"45":{"start":{"line":110,"column":16},"end":{"line":112,"column":17}},"46":{"start":{"line":111,"column":20},"end":{"line":111,"column":116}},"47":{"start":{"line":114,"column":16},"end":{"line":120,"column":18}},"48":{"start":{"line":115,"column":20},"end":{"line":115,"column":97}},"49":{"start":{"line":119,"column":20},"end":{"line":119,"column":121}},"50":{"start":{"line":125,"column":16},"end":{"line":125,"column":105}},"51":{"start":{"line":131,"column":12},"end":{"line":131,"column":103}},"52":{"start":{"line":135,"column":26},"end":{"line":160,"column":5}},"53":{"start":{"line":136,"column":8},"end":{"line":159,"column":9}},"54":{"start":{"line":138,"column":12},"end":{"line":140,"column":13}},"55":{"start":{"line":139,"column":16},"end":{"line":139,"column":22}},"56":{"start":{"line":142,"column":21},"end":{"line":142,"column":34}},"57":{"start":{"line":144,"column":12},"end":{"line":153,"column":14}},"58":{"start":{"line":146,"column":16},"end":{"line":148,"column":18}},"59":{"start":{"line":147,"column":20},"end":{"line":147,"column":84}},"60":{"start":{"line":152,"column":16},"end":{"line":152,"column":102}},"61":{"start":{"line":157,"column":12},"end":{"line":157,"column":105}}},"fnMap":{"0":{"name":"(anonymous_0)","decl":{"start":{"line":6,"column":25},"end":{"line":6,"column":26}},"loc":{"start":{"line":6,"column":44},"end":{"line":42,"column":5}},"line":6},"1":{"name":"(anonymous_1)","decl":{"start":{"line":44,"column":27},"end":{"line":44,"column":28}},"loc":{"start":{"line":44,"column":46},"end":{"line":66,"column":5}},"line":44},"2":{"name":"(anonymous_2)","decl":{"start":{"line":53,"column":37},"end":{"line":53,"column":38}},"loc":{"start":{"line":53,"column":54},"end":{"line":56,"column":13}},"line":53},"3":{"name":"(anonymous_3)","decl":{"start":{"line":57,"column":19},"end":{"line":57,"column":20}},"loc":{"start":{"line":57,"column":28},"end":{"line":60,"column":13}},"line":57},"4":{"name":"(anonymous_4)","decl":{"start":{"line":68,"column":28},"end":{"line":68,"column":29}},"loc":{"start":{"line":68,"column":47},"end":{"line":95,"column":5}},"line":68},"5":{"name":"(anonymous_5)","decl":{"start":{"line":80,"column":34},"end":{"line":80,"column":35}},"loc":{"start":{"line":80,"column":38},"end":{"line":82,"column":17}},"line":80},"6":{"name":"(anonymous_6)","decl":{"start":{"line":82,"column":25},"end":{"line":82,"column":26}},"loc":{"start":{"line":82,"column":32},"end":{"line":84,"column":17}},"line":82},"7":{"name":"(anonymous_7)","decl":{"start":{"line":97,"column":28},"end":{"line":97,"column":29}},"loc":{"start":{"line":97,"column":46},"end":{"line":133,"column":5}},"line":97},"8":{"name":"(anonymous_8)","decl":{"start":{"line":106,"column":43},"end":{"line":106,"column":44}},"loc":{"start":{"line":106,"column":55},"end":{"line":122,"column":13}},"line":106},"9":{"name":"(anonymous_9)","decl":{"start":{"line":114,"column":68},"end":{"line":114,"column":69}},"loc":{"start":{"line":114,"column":72},"end":{"line":116,"column":17}},"line":114},"10":{"name":"(anonymous_10)","decl":{"start":{"line":117,"column":23},"end":{"line":117,"column":24}},"loc":{"start":{"line":117,"column":32},"end":{"line":120,"column":17}},"line":117},"11":{"name":"(anonymous_11)","decl":{"start":{"line":123,"column":19},"end":{"line":123,"column":20}},"loc":{"start":{"line":123,"column":28},"end":{"line":126,"column":13}},"line":123},"12":{"name":"(anonymous_12)","decl":{"start":{"line":135,"column":26},"end":{"line":135,"column":27}},"loc":{"start":{"line":135,"column":45},"end":{"line":160,"column":5}},"line":135},"13":{"name":"(anonymous_13)","decl":{"start":{"line":144,"column":43},"end":{"line":144,"column":44}},"loc":{"start":{"line":144,"column":49},"end":{"line":149,"column":13}},"line":144},"14":{"name":"(anonymous_14)","decl":{"start":{"line":146,"column":50},"end":{"line":146,"column":51}},"loc":{"start":{"line":146,"column":54},"end":{"line":148,"column":17}},"line":146},"15":{"name":"(anonymous_15)","decl":{"start":{"line":150,"column":19},"end":{"line":150,"column":20}},"loc":{"start":{"line":150,"column":28},"end":{"line":153,"column":13}},"line":150}},"branchMap":{"0":{"loc":{"start":{"line":10,"column":12},"end":{"line":12,"column":13}},"type":"if","locations":[{"start":{"line":10,"column":12},"end":{"line":12,"column":13}},{"start":{},"end":{}}],"line":10},"1":{"loc":{"start":{"line":19,"column":22},"end":{"line":19,"column":41}},"type":"binary-expr","locations":[{"start":{"line":19,"column":22},"end":{"line":19,"column":36}},{"start":{"line":19,"column":40},"end":{"line":19,"column":41}}],"line":19},"2":{"loc":{"start":{"line":20,"column":23},"end":{"line":20,"column":73}},"type":"cond-expr","locations":[{"start":{"line":20,"column":47},"end":{"line":20,"column":48}},{"start":{"line":20,"column":51},"end":{"line":20,"column":73}}],"line":20},"3":{"loc":{"start":{"line":20,"column":51},"end":{"line":20,"column":73}},"type":"binary-expr","locations":[{"start":{"line":20,"column":51},"end":{"line":20,"column":68}},{"start":{"line":20,"column":72},"end":{"line":20,"column":73}}],"line":20},"4":{"loc":{"start":{"line":23,"column":12},"end":{"line":35,"column":13}},"type":"if","locations":[{"start":{"line":23,"column":12},"end":{"line":35,"column":13}},{"start":{"line":30,"column":16},"end":{"line":35,"column":13}}],"line":23},"5":{"loc":{"start":{"line":47,"column":12},"end":{"line":49,"column":13}},"type":"if","locations":[{"start":{"line":47,"column":12},"end":{"line":49,"column":13}},{"start":{},"end":{}}],"line":47},"6":{"loc":{"start":{"line":71,"column":12},"end":{"line":73,"column":13}},"type":"if","locations":[{"start":{"line":71,"column":12},"end":{"line":73,"column":13}},{"start":{},"end":{}}],"line":71},"7":{"loc":{"start":{"line":79,"column":12},"end":{"line":89,"column":13}},"type":"if","locations":[{"start":{"line":79,"column":12},"end":{"line":89,"column":13}},{"start":{"line":87,"column":17},"end":{"line":89,"column":13}}],"line":79},"8":{"loc":{"start":{"line":87,"column":17},"end":{"line":89,"column":13}},"type":"if","locations":[{"start":{"line":87,"column":17},"end":{"line":89,"column":13}},{"start":{},"end":{}}],"line":87},"9":{"loc":{"start":{"line":100,"column":12},"end":{"line":102,"column":13}},"type":"if","locations":[{"start":{"line":100,"column":12},"end":{"line":102,"column":13}},{"start":{},"end":{}}],"line":100},"10":{"loc":{"start":{"line":110,"column":16},"end":{"line":112,"column":17}},"type":"if","locations":[{"start":{"line":110,"column":16},"end":{"line":112,"column":17}},{"start":{},"end":{}}],"line":110},"11":{"loc":{"start":{"line":138,"column":12},"end":{"line":140,"column":13}},"type":"if","locations":[{"start":{"line":138,"column":12},"end":{"line":140,"column":13}},{"start":{},"end":{}}],"line":138}},"s":{"0":7,"1":0,"2":0,"3":0,"4":0,"5":0,"6":0,"7":0,"8":0,"9":0,"10":0,"11":0,"12":0,"13":0,"14":0,"15":7,"16":0,"17":0,"18":0,"19":0,"20":0,"21":0,"22":0,"23":0,"24":0,"25":7,"26":0,"27":0,"28":0,"29":0,"30":0,"31":0,"32":0,"33":0,"34":0,"35":0,"36":0,"37":0,"38":7,"39":0,"40":0,"41":0,"42":0,"43":0,"44":0,"45":0,"46":0,"47":0,"48":0,"49":0,"50":0,"51":0,"52":7,"53":0,"54":0,"55":0,"56":0,"57":0,"58":0,"59":0,"60":0,"61":0},"f":{"0":0,"1":0,"2":0,"3":0,"4":0,"5":0,"6":0,"7":0,"8":0,"9":0,"10":0,"11":0,"12":0,"13":0,"14":0,"15":0},"b":{"0":[0,0],"1":[0,0],"2":[0,0],"3":[0,0],"4":[0,0],"5":[0,0],"6":[0,0],"7":[0,0],"8":[0,0],"9":[0,0],"10":[0,0],"11":[0,0]},"_coverageSchema":"1a1c01bbd47fc00a2c39e90264f33305004495a9","hash":"0bd63f22fae674bdc06b4893f152147347a3c726"}
,"/home/mirelle/Documentos/arquivos para o Igor/revisao-da-api-de-matematica/src/controllers/MatriculaController.js": {"path":"/home/mirelle/Documentos/arquivos para o Igor/revisao-da-api-de-matematica/src/controllers/MatriculaController.js","statementMap":{"0":{"start":{"line":8,"column":29},"end":{"line":63,"column":5}},"1":{"start":{"line":10,"column":8},"end":{"line":62,"column":9}},"2":{"start":{"line":12,"column":12},"end":{"line":14,"column":13}},"3":{"start":{"line":13,"column":16},"end":{"line":13,"column":22}},"4":{"start":{"line":16,"column":38},"end":{"line":16,"column":47}},"5":{"start":{"line":18,"column":28},"end":{"line":21,"column":13}},"6":{"start":{"line":24,"column":34},"end":{"line":24,"column":72}},"7":{"start":{"line":25,"column":28},"end":{"line":25,"column":65}},"8":{"start":{"line":26,"column":16},"end":{"line":26,"column":89}},"9":{"start":{"line":27,"column":16},"end":{"line":27,"column":85}},"10":{"start":{"line":29,"column":16},"end":{"line":31,"column":17}},"11":{"start":{"line":29,"column":29},"end":{"line":29,"column":30}},"12":{"start":{"line":30,"column":20},"end":{"line":30,"column":112}},"13":{"start":{"line":34,"column":16},"end":{"line":36,"column":17}},"14":{"start":{"line":34,"column":29},"end":{"line":34,"column":30}},"15":{"start":{"line":35,"column":20},"end":{"line":35,"column":108}},"16":{"start":{"line":38,"column":16},"end":{"line":38,"column":38}},"17":{"start":{"line":60,"column":12},"end":{"line":60,"column":30}},"18":{"start":{"line":61,"column":12},"end":{"line":61,"column":104}},"19":{"start":{"line":65,"column":31},"end":{"line":90,"column":5}},"20":{"start":{"line":66,"column":8},"end":{"line":89,"column":9}},"21":{"start":{"line":68,"column":12},"end":{"line":70,"column":13}},"22":{"start":{"line":69,"column":16},"end":{"line":69,"column":22}},"23":{"start":{"line":72,"column":23},"end":{"line":72,"column":36}},"24":{"start":{"line":74,"column":12},"end":{"line":83,"column":14}},"25":{"start":{"line":75,"column":28},"end":{"line":75,"column":65}},"26":{"start":{"line":76,"column":16},"end":{"line":76,"column":87}},"27":{"start":{"line":77,"column":16},"end":{"line":77,"column":83}},"28":{"start":{"line":78,"column":16},"end":{"line":78,"column":50}},"29":{"start":{"line":82,"column":16},"end":{"line":82,"column":107}},"30":{"start":{"line":88,"column":12},"end":{"line":88,"column":103}},"31":{"start":{"line":92,"column":32},"end":{"line":117,"column":5}},"32":{"start":{"line":93,"column":8},"end":{"line":116,"column":9}},"33":{"start":{"line":95,"column":12},"end":{"line":97,"column":13}},"34":{"start":{"line":96,"column":16},"end":{"line":96,"column":22}},"35":{"start":{"line":99,"column":28},"end":{"line":99,"column":52}},"36":{"start":{"line":101,"column":25},"end":{"line":101,"column":51}},"37":{"start":{"line":102,"column":12},"end":{"line":102,"column":48}},"38":{"start":{"line":104,"column":12},"end":{"line":110,"column":14}},"39":{"start":{"line":105,"column":17},"end":{"line":105,"column":57}},"40":{"start":{"line":109,"column":16},"end":{"line":109,"column":115}},"41":{"start":{"line":115,"column":12},"end":{"line":115,"column":103}},"42":{"start":{"line":119,"column":32},"end":{"line":147,"column":5}},"43":{"start":{"line":120,"column":8},"end":{"line":146,"column":9}},"44":{"start":{"line":122,"column":12},"end":{"line":124,"column":13}},"45":{"start":{"line":123,"column":16},"end":{"line":123,"column":22}},"46":{"start":{"line":125,"column":21},"end":{"line":125,"column":34}},"47":{"start":{"line":127,"column":12},"end":{"line":140,"column":14}},"48":{"start":{"line":129,"column":16},"end":{"line":135,"column":18}},"49":{"start":{"line":130,"column":20},"end":{"line":130,"column":99}},"50":{"start":{"line":134,"column":20},"end":{"line":134,"column":121}},"51":{"start":{"line":139,"column":16},"end":{"line":139,"column":107}},"52":{"start":{"line":145,"column":12},"end":{"line":145,"column":103}},"53":{"start":{"line":149,"column":30},"end":{"line":174,"column":5}},"54":{"start":{"line":150,"column":8},"end":{"line":173,"column":9}},"55":{"start":{"line":152,"column":12},"end":{"line":154,"column":13}},"56":{"start":{"line":153,"column":16},"end":{"line":153,"column":22}},"57":{"start":{"line":156,"column":21},"end":{"line":156,"column":34}},"58":{"start":{"line":158,"column":12},"end":{"line":168,"column":14}},"59":{"start":{"line":160,"column":16},"end":{"line":162,"column":18}},"60":{"start":{"line":161,"column":24},"end":{"line":161,"column":109}},"61":{"start":{"line":167,"column":16},"end":{"line":167,"column":107}},"62":{"start":{"line":172,"column":12},"end":{"line":172,"column":103}}},"fnMap":{"0":{"name":"(anonymous_0)","decl":{"start":{"line":8,"column":29},"end":{"line":8,"column":30}},"loc":{"start":{"line":8,"column":49},"end":{"line":63,"column":5}},"line":8},"1":{"name":"(anonymous_1)","decl":{"start":{"line":65,"column":31},"end":{"line":65,"column":32}},"loc":{"start":{"line":65,"column":50},"end":{"line":90,"column":5}},"line":65},"2":{"name":"(anonymous_2)","decl":{"start":{"line":74,"column":41},"end":{"line":74,"column":42}},"loc":{"start":{"line":74,"column":62},"end":{"line":79,"column":13}},"line":74},"3":{"name":"(anonymous_3)","decl":{"start":{"line":80,"column":19},"end":{"line":80,"column":20}},"loc":{"start":{"line":80,"column":28},"end":{"line":83,"column":13}},"line":80},"4":{"name":"(anonymous_4)","decl":{"start":{"line":92,"column":32},"end":{"line":92,"column":33}},"loc":{"start":{"line":92,"column":51},"end":{"line":117,"column":5}},"line":92},"5":{"name":"(anonymous_5)","decl":{"start":{"line":104,"column":34},"end":{"line":104,"column":35}},"loc":{"start":{"line":104,"column":40},"end":{"line":106,"column":13}},"line":104},"6":{"name":"(anonymous_6)","decl":{"start":{"line":107,"column":19},"end":{"line":107,"column":20}},"loc":{"start":{"line":107,"column":27},"end":{"line":110,"column":13}},"line":107},"7":{"name":"(anonymous_7)","decl":{"start":{"line":119,"column":32},"end":{"line":119,"column":33}},"loc":{"start":{"line":119,"column":50},"end":{"line":147,"column":5}},"line":119},"8":{"name":"(anonymous_8)","decl":{"start":{"line":127,"column":47},"end":{"line":127,"column":48}},"loc":{"start":{"line":127,"column":53},"end":{"line":136,"column":13}},"line":127},"9":{"name":"(anonymous_9)","decl":{"start":{"line":129,"column":72},"end":{"line":129,"column":73}},"loc":{"start":{"line":129,"column":76},"end":{"line":131,"column":17}},"line":129},"10":{"name":"(anonymous_10)","decl":{"start":{"line":132,"column":23},"end":{"line":132,"column":24}},"loc":{"start":{"line":132,"column":32},"end":{"line":135,"column":17}},"line":132},"11":{"name":"(anonymous_11)","decl":{"start":{"line":137,"column":19},"end":{"line":137,"column":20}},"loc":{"start":{"line":137,"column":28},"end":{"line":140,"column":13}},"line":137},"12":{"name":"(anonymous_12)","decl":{"start":{"line":149,"column":30},"end":{"line":149,"column":31}},"loc":{"start":{"line":149,"column":49},"end":{"line":174,"column":5}},"line":149},"13":{"name":"(anonymous_13)","decl":{"start":{"line":158,"column":47},"end":{"line":158,"column":48}},"loc":{"start":{"line":158,"column":53},"end":{"line":164,"column":13}},"line":158},"14":{"name":"(anonymous_14)","decl":{"start":{"line":160,"column":54},"end":{"line":160,"column":55}},"loc":{"start":{"line":160,"column":60},"end":{"line":162,"column":17}},"line":160},"15":{"name":"(anonymous_15)","decl":{"start":{"line":165,"column":19},"end":{"line":165,"column":20}},"loc":{"start":{"line":165,"column":28},"end":{"line":168,"column":13}},"line":165}},"branchMap":{"0":{"loc":{"start":{"line":12,"column":12},"end":{"line":14,"column":13}},"type":"if","locations":[{"start":{"line":12,"column":12},"end":{"line":14,"column":13}},{"start":{},"end":{}}],"line":12},"1":{"loc":{"start":{"line":19,"column":22},"end":{"line":19,"column":41}},"type":"binary-expr","locations":[{"start":{"line":19,"column":22},"end":{"line":19,"column":36}},{"start":{"line":19,"column":40},"end":{"line":19,"column":41}}],"line":19},"2":{"loc":{"start":{"line":20,"column":23},"end":{"line":20,"column":73}},"type":"cond-expr","locations":[{"start":{"line":20,"column":47},"end":{"line":20,"column":48}},{"start":{"line":20,"column":51},"end":{"line":20,"column":73}}],"line":20},"3":{"loc":{"start":{"line":20,"column":51},"end":{"line":20,"column":73}},"type":"binary-expr","locations":[{"start":{"line":20,"column":51},"end":{"line":20,"column":68}},{"start":{"line":20,"column":72},"end":{"line":20,"column":73}}],"line":20},"4":{"loc":{"start":{"line":68,"column":12},"end":{"line":70,"column":13}},"type":"if","locations":[{"start":{"line":68,"column":12},"end":{"line":70,"column":13}},{"start":{},"end":{}}],"line":68},"5":{"loc":{"start":{"line":95,"column":12},"end":{"line":97,"column":13}},"type":"if","locations":[{"start":{"line":95,"column":12},"end":{"line":97,"column":13}},{"start":{},"end":{}}],"line":95},"6":{"loc":{"start":{"line":122,"column":12},"end":{"line":124,"column":13}},"type":"if","locations":[{"start":{"line":122,"column":12},"end":{"line":124,"column":13}},{"start":{},"end":{}}],"line":122},"7":{"loc":{"start":{"line":152,"column":12},"end":{"line":154,"column":13}},"type":"if","locations":[{"start":{"line":152,"column":12},"end":{"line":154,"column":13}},{"start":{},"end":{}}],"line":152}},"s":{"0":7,"1":0,"2":0,"3":0,"4":0,"5":0,"6":0,"7":0,"8":0,"9":0,"10":0,"11":0,"12":0,"13":0,"14":0,"15":0,"16":0,"17":0,"18":0,"19":7,"20":0,"21":0,"22":0,"23":0,"24":0,"25":0,"26":0,"27":0,"28":0,"29":0,"30":0,"31":7,"32":0,"33":0,"34":0,"35":0,"36":0,"37":0,"38":0,"39":0,"40":0,"41":0,"42":7,"43":0,"44":0,"45":0,"46":0,"47":0,"48":0,"49":0,"50":0,"51":0,"52":0,"53":7,"54":0,"55":0,"56":0,"57":0,"58":0,"59":0,"60":0,"61":0,"62":0},"f":{"0":0,"1":0,"2":0,"3":0,"4":0,"5":0,"6":0,"7":0,"8":0,"9":0,"10":0,"11":0,"12":0,"13":0,"14":0,"15":0},"b":{"0":[0,0],"1":[0,0],"2":[0,0],"3":[0,0],"4":[0,0],"5":[0,0],"6":[0,0],"7":[0,0]},"_coverageSchema":"1a1c01bbd47fc00a2c39e90264f33305004495a9","hash":"09176f3c644ac2304e895d271db8ee785e087ef4"}
,"/home/mirelle/Documentos/arquivos para o Igor/revisao-da-api-de-matematica/src/controllers/RotasController.js": {"path":"/home/mirelle/Documentos/arquivos para o Igor/revisao-da-api-de-matematica/src/controllers/RotasController.js","statementMap":{"0":{"start":{"line":5,"column":23},"end":{"line":33,"column":3}},"1":{"start":{"line":7,"column":4},"end":{"line":32,"column":5}},"2":{"start":{"line":8,"column":23},"end":{"line":8,"column":37}},"3":{"start":{"line":9,"column":32},"end":{"line":9,"column":41}},"4":{"start":{"line":11,"column":22},"end":{"line":15,"column":7}},"5":{"start":{"line":17,"column":6},"end":{"line":27,"column":7}},"6":{"start":{"line":18,"column":21},"end":{"line":18,"column":54}},"7":{"start":{"line":21,"column":8},"end":{"line":21,"column":29}},"8":{"start":{"line":23,"column":21},"end":{"line":23,"column":85}},"9":{"start":{"line":26,"column":8},"end":{"line":26,"column":29}},"10":{"start":{"line":31,"column":8},"end":{"line":31,"column":100}},"11":{"start":{"line":35,"column":27},"end":{"line":54,"column":3}},"12":{"start":{"line":36,"column":4},"end":{"line":53,"column":5}},"13":{"start":{"line":38,"column":19},"end":{"line":38,"column":32}},"14":{"start":{"line":40,"column":8},"end":{"line":47,"column":10}},"15":{"start":{"line":42,"column":12},"end":{"line":42,"column":45}},"16":{"start":{"line":46,"column":10},"end":{"line":46,"column":96}},"17":{"start":{"line":52,"column":6},"end":{"line":52,"column":100}},"18":{"start":{"line":56,"column":25},"end":{"line":78,"column":3}},"19":{"start":{"line":57,"column":4},"end":{"line":77,"column":5}},"20":{"start":{"line":58,"column":19},"end":{"line":58,"column":38}},"21":{"start":{"line":59,"column":25},"end":{"line":59,"column":65}},"22":{"start":{"line":61,"column":6},"end":{"line":63,"column":7}},"23":{"start":{"line":62,"column":8},"end":{"line":62,"column":111}},"24":{"start":{"line":65,"column":6},"end":{"line":71,"column":8}},"25":{"start":{"line":66,"column":10},"end":{"line":66,"column":53}},"26":{"start":{"line":70,"column":10},"end":{"line":70,"column":109}},"27":{"start":{"line":76,"column":6},"end":{"line":76,"column":99}},"28":{"start":{"line":80,"column":25},"end":{"line":102,"column":3}},"29":{"start":{"line":81,"column":4},"end":{"line":101,"column":5}},"30":{"start":{"line":82,"column":17},"end":{"line":82,"column":30}},"31":{"start":{"line":83,"column":29},"end":{"line":83,"column":70}},"32":{"start":{"line":85,"column":8},"end":{"line":87,"column":9}},"33":{"start":{"line":86,"column":10},"end":{"line":86,"column":113}},"34":{"start":{"line":89,"column":8},"end":{"line":95,"column":10}},"35":{"start":{"line":90,"column":10},"end":{"line":90,"column":85}},"36":{"start":{"line":94,"column":10},"end":{"line":94,"column":98}},"37":{"start":{"line":100,"column":8},"end":{"line":100,"column":101}},"38":{"start":{"line":104,"column":23},"end":{"line":125,"column":3}},"39":{"start":{"line":105,"column":4},"end":{"line":124,"column":5}},"40":{"start":{"line":106,"column":15},"end":{"line":106,"column":28}},"41":{"start":{"line":107,"column":19},"end":{"line":107,"column":43}},"42":{"start":{"line":109,"column":6},"end":{"line":111,"column":7}},"43":{"start":{"line":110,"column":8},"end":{"line":110,"column":97}},"44":{"start":{"line":113,"column":6},"end":{"line":118,"column":8}},"45":{"start":{"line":114,"column":8},"end":{"line":114,"column":89}},"46":{"start":{"line":123,"column":6},"end":{"line":123,"column":98}}},"fnMap":{"0":{"name":"(anonymous_0)","decl":{"start":{"line":5,"column":23},"end":{"line":5,"column":24}},"loc":{"start":{"line":5,"column":43},"end":{"line":33,"column":3}},"line":5},"1":{"name":"(anonymous_1)","decl":{"start":{"line":35,"column":27},"end":{"line":35,"column":28}},"loc":{"start":{"line":35,"column":47},"end":{"line":54,"column":3}},"line":35},"2":{"name":"(anonymous_2)","decl":{"start":{"line":40,"column":32},"end":{"line":40,"column":33}},"loc":{"start":{"line":40,"column":48},"end":{"line":43,"column":9}},"line":40},"3":{"name":"(anonymous_3)","decl":{"start":{"line":44,"column":15},"end":{"line":44,"column":16}},"loc":{"start":{"line":44,"column":24},"end":{"line":47,"column":9}},"line":44},"4":{"name":"(anonymous_4)","decl":{"start":{"line":56,"column":25},"end":{"line":56,"column":26}},"loc":{"start":{"line":56,"column":45},"end":{"line":78,"column":3}},"line":56},"5":{"name":"(anonymous_5)","decl":{"start":{"line":65,"column":23},"end":{"line":65,"column":24}},"loc":{"start":{"line":65,"column":29},"end":{"line":67,"column":7}},"line":65},"6":{"name":"(anonymous_6)","decl":{"start":{"line":68,"column":13},"end":{"line":68,"column":14}},"loc":{"start":{"line":68,"column":22},"end":{"line":71,"column":7}},"line":68},"7":{"name":"(anonymous_7)","decl":{"start":{"line":80,"column":25},"end":{"line":80,"column":26}},"loc":{"start":{"line":80,"column":45},"end":{"line":102,"column":3}},"line":80},"8":{"name":"(anonymous_8)","decl":{"start":{"line":89,"column":59},"end":{"line":89,"column":60}},"loc":{"start":{"line":89,"column":64},"end":{"line":91,"column":9}},"line":89},"9":{"name":"(anonymous_9)","decl":{"start":{"line":92,"column":15},"end":{"line":92,"column":16}},"loc":{"start":{"line":92,"column":23},"end":{"line":95,"column":9}},"line":92},"10":{"name":"(anonymous_10)","decl":{"start":{"line":104,"column":23},"end":{"line":104,"column":24}},"loc":{"start":{"line":104,"column":43},"end":{"line":125,"column":3}},"line":104},"11":{"name":"(anonymous_11)","decl":{"start":{"line":113,"column":39},"end":{"line":113,"column":40}},"loc":{"start":{"line":113,"column":45},"end":{"line":115,"column":7}},"line":113},"12":{"name":"(anonymous_12)","decl":{"start":{"line":116,"column":13},"end":{"line":116,"column":14}},"loc":{"start":{"line":116,"column":22},"end":{"line":118,"column":7}},"line":116}},"branchMap":{"0":{"loc":{"start":{"line":13,"column":14},"end":{"line":13,"column":33}},"type":"binary-expr","locations":[{"start":{"line":13,"column":14},"end":{"line":13,"column":28}},{"start":{"line":13,"column":32},"end":{"line":13,"column":33}}],"line":13},"1":{"loc":{"start":{"line":14,"column":15},"end":{"line":14,"column":65}},"type":"cond-expr","locations":[{"start":{"line":14,"column":39},"end":{"line":14,"column":40}},{"start":{"line":14,"column":43},"end":{"line":14,"column":65}}],"line":14},"2":{"loc":{"start":{"line":14,"column":43},"end":{"line":14,"column":65}},"type":"binary-expr","locations":[{"start":{"line":14,"column":43},"end":{"line":14,"column":60}},{"start":{"line":14,"column":64},"end":{"line":14,"column":65}}],"line":14},"3":{"loc":{"start":{"line":17,"column":6},"end":{"line":27,"column":7}},"type":"if","locations":[{"start":{"line":17,"column":6},"end":{"line":27,"column":7}},{"start":{"line":22,"column":11},"end":{"line":27,"column":7}}],"line":17},"4":{"loc":{"start":{"line":61,"column":6},"end":{"line":63,"column":7}},"type":"if","locations":[{"start":{"line":61,"column":6},"end":{"line":63,"column":7}},{"start":{},"end":{}}],"line":61},"5":{"loc":{"start":{"line":85,"column":8},"end":{"line":87,"column":9}},"type":"if","locations":[{"start":{"line":85,"column":8},"end":{"line":87,"column":9}},{"start":{},"end":{}}],"line":85},"6":{"loc":{"start":{"line":109,"column":6},"end":{"line":111,"column":7}},"type":"if","locations":[{"start":{"line":109,"column":6},"end":{"line":111,"column":7}},{"start":{},"end":{}}],"line":109}},"s":{"0":7,"1":0,"2":0,"3":0,"4":0,"5":0,"6":0,"7":0,"8":0,"9":0,"10":0,"11":7,"12":0,"13":0,"14":0,"15":0,"16":0,"17":0,"18":7,"19":0,"20":0,"21":0,"22":0,"23":0,"24":0,"25":0,"26":0,"27":0,"28":7,"29":0,"30":0,"31":0,"32":0,"33":0,"34":0,"35":0,"36":0,"37":0,"38":7,"39":0,"40":0,"41":0,"42":0,"43":0,"44":0,"45":0,"46":0},"f":{"0":0,"1":0,"2":0,"3":0,"4":0,"5":0,"6":0,"7":0,"8":0,"9":0,"10":0,"11":0,"12":0},"b":{"0":[0,0],"1":[0,0],"2":[0,0],"3":[0,0],"4":[0,0],"5":[0,0],"6":[0,0]},"_coverageSchema":"1a1c01bbd47fc00a2c39e90264f33305004495a9","hash":"5fb4c5d57651141349f3e38e0abc83128107c6ce"}
,"/home/mirelle/Documentos/arquivos para o Igor/revisao-da-api-de-matematica/src/controllers/UsuarioController.js": {"path":"/home/mirelle/Documentos/arquivos para o Igor/revisao-da-api-de-matematica/src/controllers/UsuarioController.js","statementMap":{"0":{"start":{"line":8,"column":27},"end":{"line":55,"column":5}},"1":{"start":{"line":10,"column":8},"end":{"line":54,"column":9}},"2":{"start":{"line":12,"column":12},"end":{"line":14,"column":13}},"3":{"start":{"line":13,"column":16},"end":{"line":13,"column":22}},"4":{"start":{"line":16,"column":25},"end":{"line":16,"column":39}},"5":{"start":{"line":17,"column":36},"end":{"line":17,"column":45}},"6":{"start":{"line":19,"column":28},"end":{"line":25,"column":13}},"7":{"start":{"line":27,"column":12},"end":{"line":49,"column":13}},"8":{"start":{"line":28,"column":32},"end":{"line":28,"column":68}},"9":{"start":{"line":29,"column":27},"end":{"line":29,"column":62}},"10":{"start":{"line":30,"column":16},"end":{"line":30,"column":83}},"11":{"start":{"line":32,"column":16},"end":{"line":34,"column":17}},"12":{"start":{"line":32,"column":29},"end":{"line":32,"column":30}},"13":{"start":{"line":33,"column":20},"end":{"line":33,"column":106}},"14":{"start":{"line":36,"column":16},"end":{"line":36,"column":37}},"15":{"start":{"line":40,"column":32},"end":{"line":40,"column":95}},"16":{"start":{"line":41,"column":27},"end":{"line":41,"column":62}},"17":{"start":{"line":42,"column":16},"end":{"line":42,"column":83}},"18":{"start":{"line":44,"column":16},"end":{"line":46,"column":17}},"19":{"start":{"line":44,"column":29},"end":{"line":44,"column":30}},"20":{"start":{"line":45,"column":20},"end":{"line":45,"column":106}},"21":{"start":{"line":48,"column":16},"end":{"line":48,"column":37}},"22":{"start":{"line":52,"column":12},"end":{"line":52,"column":30}},"23":{"start":{"line":53,"column":12},"end":{"line":53,"column":103}},"24":{"start":{"line":57,"column":29},"end":{"line":79,"column":5}},"25":{"start":{"line":58,"column":8},"end":{"line":78,"column":9}},"26":{"start":{"line":60,"column":12},"end":{"line":62,"column":13}},"27":{"start":{"line":61,"column":16},"end":{"line":61,"column":22}},"28":{"start":{"line":64,"column":23},"end":{"line":64,"column":36}},"29":{"start":{"line":66,"column":12},"end":{"line":74,"column":14}},"30":{"start":{"line":67,"column":27},"end":{"line":67,"column":62}},"31":{"start":{"line":68,"column":16},"end":{"line":68,"column":81}},"32":{"start":{"line":70,"column":16},"end":{"line":70,"column":49}},"33":{"start":{"line":73,"column":16},"end":{"line":73,"column":105}},"34":{"start":{"line":76,"column":12},"end":{"line":76,"column":30}},"35":{"start":{"line":77,"column":12},"end":{"line":77,"column":103}},"36":{"start":{"line":81,"column":30},"end":{"line":120,"column":5}},"37":{"start":{"line":82,"column":8},"end":{"line":119,"column":9}},"38":{"start":{"line":84,"column":26},"end":{"line":84,"column":48}},"39":{"start":{"line":86,"column":30},"end":{"line":86,"column":76}},"40":{"start":{"line":87,"column":29},"end":{"line":87,"column":74}},"41":{"start":{"line":89,"column":12},"end":{"line":114,"column":13}},"42":{"start":{"line":91,"column":16},"end":{"line":93,"column":17}},"43":{"start":{"line":92,"column":20},"end":{"line":92,"column":126}},"44":{"start":{"line":95,"column":30},"end":{"line":95,"column":68}},"45":{"start":{"line":96,"column":16},"end":{"line":96,"column":49}},"46":{"start":{"line":98,"column":32},"end":{"line":98,"column":64}},"47":{"start":{"line":99,"column":16},"end":{"line":99,"column":42}},"48":{"start":{"line":101,"column":16},"end":{"line":107,"column":18}},"49":{"start":{"line":102,"column":20},"end":{"line":102,"column":65}},"50":{"start":{"line":106,"column":20},"end":{"line":106,"column":121}},"51":{"start":{"line":109,"column":17},"end":{"line":114,"column":13}},"52":{"start":{"line":110,"column":16},"end":{"line":110,"column":104}},"53":{"start":{"line":112,"column":17},"end":{"line":114,"column":13}},"54":{"start":{"line":113,"column":16},"end":{"line":113,"column":103}},"55":{"start":{"line":117,"column":12},"end":{"line":117,"column":30}},"56":{"start":{"line":118,"column":12},"end":{"line":118,"column":103}},"57":{"start":{"line":122,"column":30},"end":{"line":175,"column":5}},"58":{"start":{"line":123,"column":8},"end":{"line":174,"column":9}},"59":{"start":{"line":125,"column":12},"end":{"line":127,"column":13}},"60":{"start":{"line":126,"column":16},"end":{"line":126,"column":22}},"61":{"start":{"line":128,"column":23},"end":{"line":128,"column":36}},"62":{"start":{"line":129,"column":26},"end":{"line":129,"column":28}},"63":{"start":{"line":130,"column":12},"end":{"line":168,"column":14}},"64":{"start":{"line":132,"column":30},"end":{"line":132,"column":52}},"65":{"start":{"line":133,"column":34},"end":{"line":133,"column":80}},"66":{"start":{"line":134,"column":33},"end":{"line":134,"column":78}},"67":{"start":{"line":136,"column":16},"end":{"line":138,"column":17}},"68":{"start":{"line":137,"column":20},"end":{"line":137,"column":91}},"69":{"start":{"line":139,"column":16},"end":{"line":141,"column":17}},"70":{"start":{"line":140,"column":20},"end":{"line":140,"column":91}},"71":{"start":{"line":143,"column":16},"end":{"line":151,"column":17}},"72":{"start":{"line":145,"column":20},"end":{"line":150,"column":21}},"73":{"start":{"line":146,"column":40},"end":{"line":146,"column":75}},"74":{"start":{"line":147,"column":24},"end":{"line":147,"column":50}},"75":{"start":{"line":149,"column":24},"end":{"line":149,"column":114}},"76":{"start":{"line":153,"column":16},"end":{"line":155,"column":17}},"77":{"start":{"line":154,"column":20},"end":{"line":154,"column":55}},"78":{"start":{"line":157,"column":16},"end":{"line":163,"column":18}},"79":{"start":{"line":158,"column":20},"end":{"line":158,"column":99}},"80":{"start":{"line":161,"column":20},"end":{"line":161,"column":36}},"81":{"start":{"line":162,"column":20},"end":{"line":162,"column":121}},"82":{"start":{"line":167,"column":16},"end":{"line":167,"column":106}},"83":{"start":{"line":172,"column":12},"end":{"line":172,"column":30}},"84":{"start":{"line":173,"column":12},"end":{"line":173,"column":103}},"85":{"start":{"line":177,"column":28},"end":{"line":202,"column":5}},"86":{"start":{"line":178,"column":8},"end":{"line":201,"column":9}},"87":{"start":{"line":180,"column":12},"end":{"line":182,"column":13}},"88":{"start":{"line":181,"column":16},"end":{"line":181,"column":22}},"89":{"start":{"line":184,"column":21},"end":{"line":184,"column":34}},"90":{"start":{"line":186,"column":12},"end":{"line":195,"column":14}},"91":{"start":{"line":188,"column":16},"end":{"line":190,"column":18}},"92":{"start":{"line":189,"column":24},"end":{"line":189,"column":107}},"93":{"start":{"line":194,"column":16},"end":{"line":194,"column":103}},"94":{"start":{"line":199,"column":12},"end":{"line":199,"column":30}},"95":{"start":{"line":200,"column":12},"end":{"line":200,"column":103}}},"fnMap":{"0":{"name":"(anonymous_0)","decl":{"start":{"line":8,"column":27},"end":{"line":8,"column":28}},"loc":{"start":{"line":8,"column":46},"end":{"line":55,"column":5}},"line":8},"1":{"name":"(anonymous_1)","decl":{"start":{"line":57,"column":29},"end":{"line":57,"column":30}},"loc":{"start":{"line":57,"column":48},"end":{"line":79,"column":5}},"line":57},"2":{"name":"(anonymous_2)","decl":{"start":{"line":66,"column":39},"end":{"line":66,"column":40}},"loc":{"start":{"line":66,"column":58},"end":{"line":71,"column":13}},"line":66},"3":{"name":"(anonymous_3)","decl":{"start":{"line":72,"column":19},"end":{"line":72,"column":20}},"loc":{"start":{"line":72,"column":28},"end":{"line":74,"column":13}},"line":72},"4":{"name":"(anonymous_4)","decl":{"start":{"line":81,"column":30},"end":{"line":81,"column":31}},"loc":{"start":{"line":81,"column":49},"end":{"line":120,"column":5}},"line":81},"5":{"name":"(anonymous_5)","decl":{"start":{"line":101,"column":36},"end":{"line":101,"column":37}},"loc":{"start":{"line":101,"column":42},"end":{"line":103,"column":17}},"line":101},"6":{"name":"(anonymous_6)","decl":{"start":{"line":104,"column":23},"end":{"line":104,"column":24}},"loc":{"start":{"line":104,"column":31},"end":{"line":107,"column":17}},"line":104},"7":{"name":"(anonymous_7)","decl":{"start":{"line":122,"column":30},"end":{"line":122,"column":31}},"loc":{"start":{"line":122,"column":48},"end":{"line":175,"column":5}},"line":122},"8":{"name":"(anonymous_8)","decl":{"start":{"line":130,"column":39},"end":{"line":130,"column":40}},"loc":{"start":{"line":130,"column":51},"end":{"line":164,"column":13}},"line":130},"9":{"name":"(anonymous_9)","decl":{"start":{"line":157,"column":70},"end":{"line":157,"column":71}},"loc":{"start":{"line":157,"column":74},"end":{"line":159,"column":17}},"line":157},"10":{"name":"(anonymous_10)","decl":{"start":{"line":160,"column":23},"end":{"line":160,"column":24}},"loc":{"start":{"line":160,"column":32},"end":{"line":163,"column":17}},"line":160},"11":{"name":"(anonymous_11)","decl":{"start":{"line":165,"column":19},"end":{"line":165,"column":20}},"loc":{"start":{"line":165,"column":26},"end":{"line":168,"column":13}},"line":165},"12":{"name":"(anonymous_12)","decl":{"start":{"line":177,"column":28},"end":{"line":177,"column":29}},"loc":{"start":{"line":177,"column":47},"end":{"line":202,"column":5}},"line":177},"13":{"name":"(anonymous_13)","decl":{"start":{"line":186,"column":45},"end":{"line":186,"column":46}},"loc":{"start":{"line":186,"column":51},"end":{"line":191,"column":13}},"line":186},"14":{"name":"(anonymous_14)","decl":{"start":{"line":188,"column":52},"end":{"line":188,"column":53}},"loc":{"start":{"line":188,"column":58},"end":{"line":190,"column":17}},"line":188},"15":{"name":"(anonymous_15)","decl":{"start":{"line":192,"column":19},"end":{"line":192,"column":20}},"loc":{"start":{"line":192,"column":28},"end":{"line":195,"column":13}},"line":192}},"branchMap":{"0":{"loc":{"start":{"line":12,"column":12},"end":{"line":14,"column":13}},"type":"if","locations":[{"start":{"line":12,"column":12},"end":{"line":14,"column":13}},{"start":{},"end":{}}],"line":12},"1":{"loc":{"start":{"line":23,"column":22},"end":{"line":23,"column":41}},"type":"binary-expr","locations":[{"start":{"line":23,"column":22},"end":{"line":23,"column":36}},{"start":{"line":23,"column":40},"end":{"line":23,"column":41}}],"line":23},"2":{"loc":{"start":{"line":24,"column":23},"end":{"line":24,"column":73}},"type":"cond-expr","locations":[{"start":{"line":24,"column":47},"end":{"line":24,"column":48}},{"start":{"line":24,"column":51},"end":{"line":24,"column":73}}],"line":24},"3":{"loc":{"start":{"line":24,"column":51},"end":{"line":24,"column":73}},"type":"binary-expr","locations":[{"start":{"line":24,"column":51},"end":{"line":24,"column":68}},{"start":{"line":24,"column":72},"end":{"line":24,"column":73}}],"line":24},"4":{"loc":{"start":{"line":27,"column":12},"end":{"line":49,"column":13}},"type":"if","locations":[{"start":{"line":27,"column":12},"end":{"line":49,"column":13}},{"start":{"line":39,"column":16},"end":{"line":49,"column":13}}],"line":27},"5":{"loc":{"start":{"line":60,"column":12},"end":{"line":62,"column":13}},"type":"if","locations":[{"start":{"line":60,"column":12},"end":{"line":62,"column":13}},{"start":{},"end":{}}],"line":60},"6":{"loc":{"start":{"line":89,"column":12},"end":{"line":114,"column":13}},"type":"if","locations":[{"start":{"line":89,"column":12},"end":{"line":114,"column":13}},{"start":{"line":109,"column":17},"end":{"line":114,"column":13}}],"line":89},"7":{"loc":{"start":{"line":89,"column":15},"end":{"line":89,"column":42}},"type":"binary-expr","locations":[{"start":{"line":89,"column":15},"end":{"line":89,"column":27}},{"start":{"line":89,"column":31},"end":{"line":89,"column":42}}],"line":89},"8":{"loc":{"start":{"line":91,"column":16},"end":{"line":93,"column":17}},"type":"if","locations":[{"start":{"line":91,"column":16},"end":{"line":93,"column":17}},{"start":{},"end":{}}],"line":91},"9":{"loc":{"start":{"line":109,"column":17},"end":{"line":114,"column":13}},"type":"if","locations":[{"start":{"line":109,"column":17},"end":{"line":114,"column":13}},{"start":{"line":112,"column":17},"end":{"line":114,"column":13}}],"line":109},"10":{"loc":{"start":{"line":112,"column":17},"end":{"line":114,"column":13}},"type":"if","locations":[{"start":{"line":112,"column":17},"end":{"line":114,"column":13}},{"start":{},"end":{}}],"line":112},"11":{"loc":{"start":{"line":125,"column":12},"end":{"line":127,"column":13}},"type":"if","locations":[{"start":{"line":125,"column":12},"end":{"line":127,"column":13}},{"start":{},"end":{}}],"line":125},"12":{"loc":{"start":{"line":136,"column":16},"end":{"line":138,"column":17}},"type":"if","locations":[{"start":{"line":136,"column":16},"end":{"line":138,"column":17}},{"start":{},"end":{}}],"line":136},"13":{"loc":{"start":{"line":139,"column":16},"end":{"line":141,"column":17}},"type":"if","locations":[{"start":{"line":139,"column":16},"end":{"line":141,"column":17}},{"start":{},"end":{}}],"line":139},"14":{"loc":{"start":{"line":143,"column":16},"end":{"line":151,"column":17}},"type":"if","locations":[{"start":{"line":143,"column":16},"end":{"line":151,"column":17}},{"start":{},"end":{}}],"line":143},"15":{"loc":{"start":{"line":145,"column":20},"end":{"line":150,"column":21}},"type":"if","locations":[{"start":{"line":145,"column":20},"end":{"line":150,"column":21}},{"start":{"line":148,"column":25},"end":{"line":150,"column":21}}],"line":145},"16":{"loc":{"start":{"line":153,"column":16},"end":{"line":155,"column":17}},"type":"if","locations":[{"start":{"line":153,"column":16},"end":{"line":155,"column":17}},{"start":{},"end":{}}],"line":153},"17":{"loc":{"start":{"line":180,"column":12},"end":{"line":182,"column":13}},"type":"if","locations":[{"start":{"line":180,"column":12},"end":{"line":182,"column":13}},{"start":{},"end":{}}],"line":180}},"s":{"0":7,"1":0,"2":0,"3":0,"4":0,"5":0,"6":0,"7":0,"8":0,"9":0,"10":0,"11":0,"12":0,"13":0,"14":0,"15":0,"16":0,"17":0,"18":0,"19":0,"20":0,"21":0,"22":0,"23":0,"24":7,"25":0,"26":0,"27":0,"28":0,"29":0,"30":0,"31":0,"32":0,"33":0,"34":0,"35":0,"36":7,"37":5,"38":5,"39":5,"40":0,"41":0,"42":0,"43":0,"44":0,"45":0,"46":0,"47":0,"48":0,"49":0,"50":0,"51":0,"52":0,"53":0,"54":0,"55":5,"56":5,"57":7,"58":0,"59":0,"60":0,"61":0,"62":0,"63":0,"64":0,"65":0,"66":0,"67":0,"68":0,"69":0,"70":0,"71":0,"72":0,"73":0,"74":0,"75":0,"76":0,"77":0,"78":0,"79":0,"80":0,"81":0,"82":0,"83":0,"84":0,"85":7,"86":0,"87":0,"88":0,"89":0,"90":0,"91":0,"92":0,"93":0,"94":0,"95":0},"f":{"0":0,"1":0,"2":0,"3":0,"4":5,"5":0,"6":0,"7":0,"8":0,"9":0,"10":0,"11":0,"12":0,"13":0,"14":0,"15":0},"b":{"0":[0,0],"1":[0,0],"2":[0,0],"3":[0,0],"4":[0,0],"5":[0,0],"6":[0,0],"7":[0,0],"8":[0,0],"9":[0,0],"10":[0,0],"11":[0,0],"12":[0,0],"13":[0,0],"14":[0,0],"15":[0,0],"16":[0,0],"17":[0,0]},"_coverageSchema":"1a1c01bbd47fc00a2c39e90264f33305004495a9","hash":"9adb8c40edf0da46ed3ba541c2ee0437432d867d"}
,"/home/mirelle/Documentos/arquivos para o Igor/revisao-da-api-de-matematica/src/middleware/AuthMiddleware.js": {"path":"/home/mirelle/Documentos/arquivos para o Igor/revisao-da-api-de-matematica/src/middleware/AuthMiddleware.js","statementMap":{"0":{"start":{"line":4,"column":23},"end":{"line":24,"column":1}},"1":{"start":{"line":5,"column":2},"end":{"line":22,"column":3}},"2":{"start":{"line":6,"column":17},"end":{"line":6,"column":42}},"3":{"start":{"line":8,"column":4},"end":{"line":10,"column":5}},"4":{"start":{"line":9,"column":6},"end":{"line":9,"column":108}},"5":{"start":{"line":12,"column":22},"end":{"line":12,"column":37}},"6":{"start":{"line":14,"column":25},"end":{"line":14,"column":79}},"7":{"start":{"line":15,"column":4},"end":{"line":18,"column":5}},"8":{"start":{"line":16,"column":6},"end":{"line":16,"column":36}},"9":{"start":{"line":17,"column":6},"end":{"line":17,"column":13}},"10":{"start":{"line":21,"column":4},"end":{"line":21,"column":92}}},"fnMap":{"0":{"name":"(anonymous_0)","decl":{"start":{"line":4,"column":23},"end":{"line":4,"column":24}},"loc":{"start":{"line":4,"column":49},"end":{"line":24,"column":1}},"line":4}},"branchMap":{"0":{"loc":{"start":{"line":8,"column":4},"end":{"line":10,"column":5}},"type":"if","locations":[{"start":{"line":8,"column":4},"end":{"line":10,"column":5}},{"start":{},"end":{}}],"line":8},"1":{"loc":{"start":{"line":15,"column":4},"end":{"line":18,"column":5}},"type":"if","locations":[{"start":{"line":15,"column":4},"end":{"line":18,"column":5}},{"start":{},"end":{}}],"line":15}},"s":{"0":6,"1":56,"2":56,"3":56,"4":1,"5":55,"6":55,"7":0,"8":0,"9":0,"10":55},"f":{"0":56},"b":{"0":[1,55],"1":[0,0]},"_coverageSchema":"1a1c01bbd47fc00a2c39e90264f33305004495a9","hash":"561d80b9237507ce3e7998fae181762a5e603961"}
,"/home/mirelle/Documentos/arquivos para o Igor/revisao-da-api-de-matematica/src/middleware/AuthPermissao.js": {"path":"/home/mirelle/Documentos/arquivos para o Igor/revisao-da-api-de-matematica/src/middleware/AuthPermissao.js","statementMap":{"0":{"start":{"line":7,"column":15},"end":{"line":7,"column":17}},"1":{"start":{"line":9,"column":18},"end":{"line":18,"column":1}},"2":{"start":{"line":10,"column":22},"end":{"line":10,"column":58}},"3":{"start":{"line":11,"column":18},"end":{"line":11,"column":72}},"4":{"start":{"line":12,"column":4},"end":{"line":12,"column":29}},"5":{"start":{"line":13,"column":4},"end":{"line":17,"column":5}},"6":{"start":{"line":14,"column":8},"end":{"line":14,"column":112}},"7":{"start":{"line":16,"column":8},"end":{"line":16,"column":27}},"8":{"start":{"line":23,"column":32},"end":{"line":115,"column":5}},"9":{"start":{"line":26,"column":8},"end":{"line":26,"column":26}},"10":{"start":{"line":29,"column":29},"end":{"line":29,"column":74}},"11":{"start":{"line":32,"column":8},"end":{"line":34,"column":9}},"12":{"start":{"line":33,"column":12},"end":{"line":33,"column":131}},"13":{"start":{"line":37,"column":21},"end":{"line":37,"column":74}},"14":{"start":{"line":40,"column":8},"end":{"line":42,"column":9}},"15":{"start":{"line":41,"column":12},"end":{"line":41,"column":174}},"16":{"start":{"line":45,"column":8},"end":{"line":47,"column":9}},"17":{"start":{"line":46,"column":12},"end":{"line":46,"column":198}},"18":{"start":{"line":50,"column":8},"end":{"line":52,"column":9}},"19":{"start":{"line":51,"column":12},"end":{"line":51,"column":230}},"20":{"start":{"line":56,"column":19},"end":{"line":56,"column":59}},"21":{"start":{"line":57,"column":8},"end":{"line":57,"column":78}},"22":{"start":{"line":60,"column":8},"end":{"line":87,"column":9}},"23":{"start":{"line":60,"column":21},"end":{"line":60,"column":22}},"24":{"start":{"line":61,"column":12},"end":{"line":86,"column":13}},"25":{"start":{"line":62,"column":16},"end":{"line":85,"column":17}},"26":{"start":{"line":63,"column":20},"end":{"line":81,"column":21}},"27":{"start":{"line":65,"column":24},"end":{"line":77,"column":25}},"28":{"start":{"line":66,"column":28},"end":{"line":73,"column":29}},"29":{"start":{"line":66,"column":41},"end":{"line":66,"column":42}},"30":{"start":{"line":67,"column":32},"end":{"line":72,"column":33}},"31":{"start":{"line":68,"column":36},"end":{"line":71,"column":37}},"32":{"start":{"line":69,"column":40},"end":{"line":69,"column":58}},"33":{"start":{"line":70,"column":40},"end":{"line":70,"column":53}},"34":{"start":{"line":75,"column":28},"end":{"line":75,"column":49}},"35":{"start":{"line":76,"column":28},"end":{"line":76,"column":150}},"36":{"start":{"line":80,"column":24},"end":{"line":80,"column":224}},"37":{"start":{"line":84,"column":20},"end":{"line":84,"column":191}},"38":{"start":{"line":90,"column":8},"end":{"line":111,"column":9}},"39":{"start":{"line":90,"column":21},"end":{"line":90,"column":22}},"40":{"start":{"line":91,"column":12},"end":{"line":110,"column":13}},"41":{"start":{"line":92,"column":16},"end":{"line":107,"column":17}},"42":{"start":{"line":92,"column":29},"end":{"line":92,"column":30}},"43":{"start":{"line":93,"column":20},"end":{"line":106,"column":21}},"44":{"start":{"line":94,"column":24},"end":{"line":105,"column":25}},"45":{"start":{"line":96,"column":28},"end":{"line":102,"column":29}},"46":{"start":{"line":98,"column":32},"end":{"line":98,"column":50}},"47":{"start":{"line":99,"column":32},"end":{"line":99,"column":45}},"48":{"start":{"line":101,"column":32},"end":{"line":101,"column":220}},"49":{"start":{"line":104,"column":28},"end":{"line":104,"column":218}},"50":{"start":{"line":109,"column":16},"end":{"line":109,"column":140}},"51":{"start":{"line":112,"column":8},"end":{"line":114,"column":9}},"52":{"start":{"line":113,"column":12},"end":{"line":113,"column":48}}},"fnMap":{"0":{"name":"(anonymous_0)","decl":{"start":{"line":9,"column":18},"end":{"line":9,"column":19}},"loc":{"start":{"line":9,"column":33},"end":{"line":18,"column":1}},"line":9},"1":{"name":"(anonymous_1)","decl":{"start":{"line":23,"column":32},"end":{"line":23,"column":33}},"loc":{"start":{"line":23,"column":74},"end":{"line":115,"column":5}},"line":23}},"branchMap":{"0":{"loc":{"start":{"line":13,"column":4},"end":{"line":17,"column":5}},"type":"if","locations":[{"start":{"line":13,"column":4},"end":{"line":17,"column":5}},{"start":{"line":15,"column":11},"end":{"line":17,"column":5}}],"line":13},"1":{"loc":{"start":{"line":32,"column":8},"end":{"line":34,"column":9}},"type":"if","locations":[{"start":{"line":32,"column":8},"end":{"line":34,"column":9}},{"start":{},"end":{}}],"line":32},"2":{"loc":{"start":{"line":40,"column":8},"end":{"line":42,"column":9}},"type":"if","locations":[{"start":{"line":40,"column":8},"end":{"line":42,"column":9}},{"start":{},"end":{}}],"line":40},"3":{"loc":{"start":{"line":45,"column":8},"end":{"line":47,"column":9}},"type":"if","locations":[{"start":{"line":45,"column":8},"end":{"line":47,"column":9}},{"start":{},"end":{}}],"line":45},"4":{"loc":{"start":{"line":50,"column":8},"end":{"line":52,"column":9}},"type":"if","locations":[{"start":{"line":50,"column":8},"end":{"line":52,"column":9}},{"start":{},"end":{}}],"line":50},"5":{"loc":{"start":{"line":61,"column":12},"end":{"line":86,"column":13}},"type":"if","locations":[{"start":{"line":61,"column":12},"end":{"line":86,"column":13}},{"start":{},"end":{}}],"line":61},"6":{"loc":{"start":{"line":62,"column":16},"end":{"line":85,"column":17}},"type":"if","locations":[{"start":{"line":62,"column":16},"end":{"line":85,"column":17}},{"start":{"line":83,"column":21},"end":{"line":85,"column":17}}],"line":62},"7":{"loc":{"start":{"line":63,"column":20},"end":{"line":81,"column":21}},"type":"if","locations":[{"start":{"line":63,"column":20},"end":{"line":81,"column":21}},{"start":{"line":79,"column":25},"end":{"line":81,"column":21}}],"line":63},"8":{"loc":{"start":{"line":67,"column":32},"end":{"line":72,"column":33}},"type":"if","locations":[{"start":{"line":67,"column":32},"end":{"line":72,"column":33}},{"start":{},"end":{}}],"line":67},"9":{"loc":{"start":{"line":68,"column":36},"end":{"line":71,"column":37}},"type":"if","locations":[{"start":{"line":68,"column":36},"end":{"line":71,"column":37}},{"start":{},"end":{}}],"line":68},"10":{"loc":{"start":{"line":91,"column":12},"end":{"line":110,"column":13}},"type":"if","locations":[{"start":{"line":91,"column":12},"end":{"line":110,"column":13}},{"start":{"line":108,"column":19},"end":{"line":110,"column":13}}],"line":91},"11":{"loc":{"start":{"line":93,"column":20},"end":{"line":106,"column":21}},"type":"if","locations":[{"start":{"line":93,"column":20},"end":{"line":106,"column":21}},{"start":{},"end":{}}],"line":93},"12":{"loc":{"start":{"line":94,"column":24},"end":{"line":105,"column":25}},"type":"if","locations":[{"start":{"line":94,"column":24},"end":{"line":105,"column":25}},{"start":{"line":103,"column":31},"end":{"line":105,"column":25}}],"line":94},"13":{"loc":{"start":{"line":96,"column":28},"end":{"line":102,"column":29}},"type":"if","locations":[{"start":{"line":96,"column":28},"end":{"line":102,"column":29}},{"start":{"line":100,"column":35},"end":{"line":102,"column":29}}],"line":96},"14":{"loc":{"start":{"line":112,"column":8},"end":{"line":114,"column":9}},"type":"if","locations":[{"start":{"line":112,"column":8},"end":{"line":114,"column":9}},{"start":{},"end":{}}],"line":112}},"s":{"0":10,"1":10,"2":0,"3":0,"4":0,"5":0,"6":0,"7":0,"8":10,"9":0,"10":0,"11":0,"12":0,"13":0,"14":0,"15":0,"16":0,"17":0,"18":0,"19":0,"20":0,"21":0,"22":0,"23":0,"24":0,"25":0,"26":0,"27":0,"28":0,"29":0,"30":0,"31":0,"32":0,"33":0,"34":0,"35":0,"36":0,"37":0,"38":0,"39":0,"40":0,"41":0,"42":0,"43":0,"44":0,"45":0,"46":0,"47":0,"48":0,"49":0,"50":0,"51":0,"52":0},"f":{"0":0,"1":0},"b":{"0":[0,0],"1":[0,0],"2":[0,0],"3":[0,0],"4":[0,0],"5":[0,0],"6":[0,0],"7":[0,0],"8":[0,0],"9":[0,0],"10":[0,0],"11":[0,0],"12":[0,0],"13":[0,0],"14":[0,0]},"_coverageSchema":"1a1c01bbd47fc00a2c39e90264f33305004495a9","hash":"1ed9a2ad4b6add56c77eeb92c559f582f5ddd2b0"}
,"/home/mirelle/Documentos/arquivos para o Igor/revisao-da-api-de-matematica/src/models/Aula.js": {"path":"/home/mirelle/Documentos/arquivos para o Igor/revisao-da-api-de-matematica/src/models/Aula.js","statementMap":{"0":{"start":{"line":4,"column":20},"end":{"line":7,"column":2}},"1":{"start":{"line":9,"column":22},"end":{"line":11,"column":2}},"2":{"start":{"line":13,"column":19},"end":{"line":28,"column":1}},"3":{"start":{"line":30,"column":0},"end":{"line":30,"column":36}},"4":{"start":{"line":32,"column":13},"end":{"line":32,"column":47}}},"fnMap":{},"branchMap":{},"s":{"0":6,"1":6,"2":6,"3":6,"4":6},"f":{},"b":{},"_coverageSchema":"1a1c01bbd47fc00a2c39e90264f33305004495a9","hash":"9853dee0b8c1ee97f686ffd5b7ab62a6063684ab"}
,"/home/mirelle/Documentos/arquivos para o Igor/revisao-da-api-de-matematica/src/models/Curso.js": {"path":"/home/mirelle/Documentos/arquivos para o Igor/revisao-da-api-de-matematica/src/models/Curso.js","statementMap":{"0":{"start":{"line":4,"column":20},"end":{"line":36,"column":1}},"1":{"start":{"line":38,"column":0},"end":{"line":38,"column":37}},"2":{"start":{"line":39,"column":14},"end":{"line":39,"column":50}}},"fnMap":{},"branchMap":{},"s":{"0":8,"1":8,"2":8},"f":{},"b":{},"_coverageSchema":"1a1c01bbd47fc00a2c39e90264f33305004495a9","hash":"54116ab7c5111ea3ebf104bc410d558dea38b1b7"}
,"/home/mirelle/Documentos/arquivos para o Igor/revisao-da-api-de-matematica/src/models/Grupo.js": {"path":"/home/mirelle/Documentos/arquivos para o Igor/revisao-da-api-de-matematica/src/models/Grupo.js","statementMap":{"0":{"start":{"line":4,"column":20},"end":{"line":25,"column":1}},"1":{"start":{"line":27,"column":0},"end":{"line":27,"column":37}},"2":{"start":{"line":29,"column":14},"end":{"line":29,"column":50}}},"fnMap":{},"branchMap":{},"s":{"0":10,"1":10,"2":10},"f":{},"b":{},"_coverageSchema":"1a1c01bbd47fc00a2c39e90264f33305004495a9","hash":"322ca5a5a45e6d5acbd8e510bcba41d1342d28b1"}
,"/home/mirelle/Documentos/arquivos para o Igor/revisao-da-api-de-matematica/src/models/Matricula.js": {"path":"/home/mirelle/Documentos/arquivos para o Igor/revisao-da-api-de-matematica/src/models/Matricula.js","statementMap":{"0":{"start":{"line":4,"column":24},"end":{"line":23,"column":1}},"1":{"start":{"line":25,"column":0},"end":{"line":25,"column":41}},"2":{"start":{"line":27,"column":18},"end":{"line":27,"column":62}}},"fnMap":{},"branchMap":{},"s":{"0":7,"1":7,"2":7},"f":{},"b":{},"_coverageSchema":"1a1c01bbd47fc00a2c39e90264f33305004495a9","hash":"5b2a83f39ccb9d369481cb5b7a486ded6a327c49"}
,"/home/mirelle/Documentos/arquivos para o Igor/revisao-da-api-de-matematica/src/models/Rota.js": {"path":"/home/mirelle/Documentos/arquivos para o Igor/revisao-da-api-de-matematica/src/models/Rota.js","statementMap":{"0":{"start":{"line":4,"column":19},"end":{"line":19,"column":1}},"1":{"start":{"line":21,"column":0},"end":{"line":21,"column":36}},"2":{"start":{"line":23,"column":13},"end":{"line":23,"column":47}}},"fnMap":{},"branchMap":{},"s":{"0":11,"1":11,"2":11},"f":{},"b":{},"_coverageSchema":"1a1c01bbd47fc00a2c39e90264f33305004495a9","hash":"b94360c622080bbf266a735e521ad6af48fe5020"}
,"/home/mirelle/Documentos/arquivos para o Igor/revisao-da-api-de-matematica/src/models/Usuario.js": {"path":"/home/mirelle/Documentos/arquivos para o Igor/revisao-da-api-de-matematica/src/models/Usuario.js","statementMap":{"0":{"start":{"line":4,"column":22},"end":{"line":36,"column":1}},"1":{"start":{"line":39,"column":0},"end":{"line":39,"column":39}},"2":{"start":{"line":41,"column":16},"end":{"line":41,"column":56}}},"fnMap":{},"branchMap":{},"s":{"0":10,"1":10,"2":10},"f":{},"b":{},"_coverageSchema":"1a1c01bbd47fc00a2c39e90264f33305004495a9","hash":"5336a7502156a2df3a5b4a885e1a6f57f77a4b97"}
,"/home/mirelle/Documentos/arquivos para o Igor/revisao-da-api-de-matematica/src/routes/AulaRoutes.js": {"path":"/home/mirelle/Documentos/arquivos para o Igor/revisao-da-api-de-matematica/src/routes/AulaRoutes.js","statementMap":{"0":{"start":{"line":6,"column":15},"end":{"line":6,"column":31}},"1":{"start":{"line":260,"column":0},"end":{"line":265,"column":70}}},"fnMap":{},"branchMap":{},"s":{"0":6,"1":6},"f":{},"b":{},"_coverageSchema":"1a1c01bbd47fc00a2c39e90264f33305004495a9","hash":"218a9ddf616fe55f29722038a60a3c8e3cc5110b"}
,"/home/mirelle/Documentos/arquivos para o Igor/revisao-da-api-de-matematica/src/routes/AutenticacaoRoutes.js": {"path":"/home/mirelle/Documentos/arquivos para o Igor/revisao-da-api-de-matematica/src/routes/AutenticacaoRoutes.js","statementMap":{"0":{"start":{"line":4,"column":15},"end":{"line":4,"column":31}},"1":{"start":{"line":58,"column":0},"end":{"line":59,"column":49}}},"fnMap":{},"branchMap":{},"s":{"0":6,"1":6},"f":{},"b":{},"_coverageSchema":"1a1c01bbd47fc00a2c39e90264f33305004495a9","hash":"0ffe0ee399288eb65480511bd1f09fdf884c890a"}
,"/home/mirelle/Documentos/arquivos para o Igor/revisao-da-api-de-matematica/src/routes/cursosRoutes.js": {"path":"/home/mirelle/Documentos/arquivos para o Igor/revisao-da-api-de-matematica/src/routes/cursosRoutes.js","statementMap":{"0":{"start":{"line":6,"column":15},"end":{"line":6,"column":31}},"1":{"start":{"line":303,"column":0},"end":{"line":308,"column":72}}},"fnMap":{},"branchMap":{},"s":{"0":6,"1":6},"f":{},"b":{},"_coverageSchema":"1a1c01bbd47fc00a2c39e90264f33305004495a9","hash":"3242ce7d0956f0c886340212363b65acfa842d6e"}
,"/home/mirelle/Documentos/arquivos para o Igor/revisao-da-api-de-matematica/src/routes/gruposRoutes.js": {"path":"/home/mirelle/Documentos/arquivos para o Igor/revisao-da-api-de-matematica/src/routes/gruposRoutes.js","statementMap":{"0":{"start":{"line":5,"column":15},"end":{"line":5,"column":31}},"1":{"start":{"line":282,"column":0},"end":{"line":287,"column":72}}},"fnMap":{},"branchMap":{},"s":{"0":6,"1":6},"f":{},"b":{},"_coverageSchema":"1a1c01bbd47fc00a2c39e90264f33305004495a9","hash":"a6511b3f86b5639427aca2e736b53af86f2f4458"}
,"/home/mirelle/Documentos/arquivos para o Igor/revisao-da-api-de-matematica/src/routes/index.js": {"path":"/home/mirelle/Documentos/arquivos para o Igor/revisao-da-api-de-matematica/src/routes/index.js","statementMap":{"0":{"start":{"line":254,"column":15},"end":{"line":270,"column":1}},"1":{"start":{"line":255,"column":4},"end":{"line":257,"column":6}},"2":{"start":{"line":256,"column":8},"end":{"line":256,"column":41}},"3":{"start":{"line":259,"column":4},"end":{"line":269,"column":5}}},"fnMap":{"0":{"name":"(anonymous_0)","decl":{"start":{"line":254,"column":15},"end":{"line":254,"column":16}},"loc":{"start":{"line":254,"column":24},"end":{"line":270,"column":1}},"line":254},"1":{"name":"(anonymous_1)","decl":{"start":{"line":255,"column":23},"end":{"line":255,"column":24}},"loc":{"start":{"line":255,"column":37},"end":{"line":257,"column":5}},"line":255}},"branchMap":{},"s":{"0":6,"1":6,"2":0,"3":6},"f":{"0":6,"1":0},"b":{},"_coverageSchema":"1a1c01bbd47fc00a2c39e90264f33305004495a9","hash":"d50e508c4e273b67b1efee5656e8b0c66be4f141"}
,"/home/mirelle/Documentos/arquivos para o Igor/revisao-da-api-de-matematica/src/routes/matriculaRoutes.js": {"path":"/home/mirelle/Documentos/arquivos para o Igor/revisao-da-api-de-matematica/src/routes/matriculaRoutes.js","statementMap":{"0":{"start":{"line":6,"column":15},"end":{"line":6,"column":31}},"1":{"start":{"line":276,"column":0},"end":{"line":281,"column":84}}},"fnMap":{},"branchMap":{},"s":{"0":6,"1":6},"f":{},"b":{},"_coverageSchema":"1a1c01bbd47fc00a2c39e90264f33305004495a9","hash":"e167a01aab57a5560c1c6815e09faa6780064dbd"}
,"/home/mirelle/Documentos/arquivos para o Igor/revisao-da-api-de-matematica/src/routes/rotasRoutes.js": {"path":"/home/mirelle/Documentos/arquivos para o Igor/revisao-da-api-de-matematica/src/routes/rotasRoutes.js","statementMap":{"0":{"start":{"line":5,"column":15},"end":{"line":5,"column":31}},"1":{"start":{"line":281,"column":0},"end":{"line":286,"column":69}}},"fnMap":{},"branchMap":{},"s":{"0":6,"1":6},"f":{},"b":{},"_coverageSchema":"1a1c01bbd47fc00a2c39e90264f33305004495a9","hash":"9d9b0364993c40df1961470fd9bfadfe011c9dee"}
,"/home/mirelle/Documentos/arquivos para o Igor/revisao-da-api-de-matematica/src/routes/usuariosRoutes.js": {"path":"/home/mirelle/Documentos/arquivos para o Igor/revisao-da-api-de-matematica/src/routes/usuariosRoutes.js","statementMap":{"0":{"start":{"line":5,"column":15},"end":{"line":5,"column":31}},"1":{"start":{"line":289,"column":0},"end":{"line":294,"column":78}}},"fnMap":{},"branchMap":{},"s":{"0":6,"1":6},"f":{},"b":{},"_coverageSchema":"1a1c01bbd47fc00a2c39e90264f33305004495a9","hash":"330f90a7210da6e7ddba3f8e613e89eb2ba3f3ea"}
}
