{"/home/mirelle/Documentos/revisao-da-api-de-matematica/src/app.js": {"path":"/home/mirelle/Documentos/revisao-da-api-de-matematica/src/app.js","statementMap":{"0":{"start":{"line":8,"column":0},"end":{"line":8,"column":73}},"1":{"start":{"line":9,"column":0},"end":{"line":11,"column":3}},"2":{"start":{"line":10,"column":4},"end":{"line":10,"column":53}},"3":{"start":{"line":14,"column":12},"end":{"line":14,"column":21}},"4":{"start":{"line":17,"column":0},"end":{"line":17,"column":23}},"5":{"start":{"line":19,"column":0},"end":{"line":19,"column":11}}},"fnMap":{"0":{"name":"(anonymous_0)","decl":{"start":{"line":9,"column":16},"end":{"line":9,"column":17}},"loc":{"start":{"line":9,"column":22},"end":{"line":11,"column":1}},"line":9}},"branchMap":{},"s":{"0":7,"1":7,"2":7,"3":7,"4":7,"5":7},"f":{"0":7},"b":{},"_coverageSchema":"1a1c01bbd47fc00a2c39e90264f33305004495a9","hash":"e52daba017e715a9eebcad6970febac2e07c0c6b"}
,"/home/mirelle/Documentos/revisao-da-api-de-matematica/src/config/dbConect.js": {"path":"/home/mirelle/Documentos/revisao-da-api-de-matematica/src/config/dbConect.js","statementMap":{"0":{"start":{"line":4,"column":0},"end":{"line":4,"column":16}},"1":{"start":{"line":6,"column":0},"end":{"line":13,"column":3}},"2":{"start":{"line":10,"column":4},"end":{"line":10,"column":48}},"3":{"start":{"line":12,"column":4},"end":{"line":12,"column":50}},"4":{"start":{"line":16,"column":9},"end":{"line":16,"column":28}}},"fnMap":{"0":{"name":"(anonymous_0)","decl":{"start":{"line":9,"column":9},"end":{"line":9,"column":10}},"loc":{"start":{"line":9,"column":21},"end":{"line":11,"column":1}},"line":9},"1":{"name":"(anonymous_1)","decl":{"start":{"line":11,"column":9},"end":{"line":11,"column":10}},"loc":{"start":{"line":11,"column":18},"end":{"line":13,"column":1}},"line":11}},"branchMap":{},"s":{"0":7,"1":7,"2":7,"3":0,"4":7},"f":{"0":7,"1":0},"b":{},"_coverageSchema":"1a1c01bbd47fc00a2c39e90264f33305004495a9","hash":"7a4ca1b788681e5ffd6a132dbf36f0ab027148af"}
,"/home/mirelle/Documentos/revisao-da-api-de-matematica/src/controllers/AutenticacaoController.js": {"path":"/home/mirelle/Documentos/revisao-da-api-de-matematica/src/controllers/AutenticacaoController.js","statementMap":{"0":{"start":{"line":7,"column":19},"end":{"line":46,"column":5}},"1":{"start":{"line":9,"column":37},"end":{"line":9,"column":45}},"2":{"start":{"line":10,"column":26},"end":{"line":10,"column":121}},"3":{"start":{"line":13,"column":8},"end":{"line":16,"column":9}},"4":{"start":{"line":14,"column":12},"end":{"line":14,"column":96}},"5":{"start":{"line":17,"column":8},"end":{"line":20,"column":9}},"6":{"start":{"line":18,"column":11},"end":{"line":18,"column":104}},"7":{"start":{"line":21,"column":8},"end":{"line":23,"column":9}},"8":{"start":{"line":22,"column":12},"end":{"line":22,"column":92}},"9":{"start":{"line":25,"column":8},"end":{"line":45,"column":10}}},"fnMap":{"0":{"name":"(anonymous_0)","decl":{"start":{"line":7,"column":19},"end":{"line":7,"column":20}},"loc":{"start":{"line":7,"column":38},"end":{"line":46,"column":5}},"line":7}},"branchMap":{"0":{"loc":{"start":{"line":10,"column":26},"end":{"line":10,"column":121}},"type":"binary-expr","locations":[{"start":{"line":10,"column":26},"end":{"line":10,"column":71}},{"start":{"line":10,"column":75},"end":{"line":10,"column":121}}],"line":10},"1":{"loc":{"start":{"line":13,"column":8},"end":{"line":16,"column":9}},"type":"if","locations":[{"start":{"line":13,"column":8},"end":{"line":16,"column":9}},{"start":{},"end":{}}],"line":13},"2":{"loc":{"start":{"line":17,"column":8},"end":{"line":20,"column":9}},"type":"if","locations":[{"start":{"line":17,"column":8},"end":{"line":20,"column":9}},{"start":{},"end":{}}],"line":17},"3":{"loc":{"start":{"line":21,"column":8},"end":{"line":23,"column":9}},"type":"if","locations":[{"start":{"line":21,"column":8},"end":{"line":23,"column":9}},{"start":{},"end":{}}],"line":21}},"s":{"0":7,"1":10,"2":10,"3":10,"4":2,"5":8,"6":1,"7":7,"8":0,"9":7},"f":{"0":10},"b":{"0":[10,2],"1":[2,8],"2":[1,7],"3":[0,7]},"_coverageSchema":"1a1c01bbd47fc00a2c39e90264f33305004495a9","hash":"dd13db40b68e7d54f37ad7c4a980bdf0f6a676aa"}
,"/home/mirelle/Documentos/revisao-da-api-de-matematica/src/controllers/CursoController.js": {"path":"/home/mirelle/Documentos/revisao-da-api-de-matematica/src/controllers/CursoController.js","statementMap":{"0":{"start":{"line":6,"column":24},"end":{"line":40,"column":3}},"1":{"start":{"line":7,"column":6},"end":{"line":39,"column":7}},"2":{"start":{"line":9,"column":10},"end":{"line":11,"column":11}},"3":{"start":{"line":10,"column":14},"end":{"line":10,"column":20}},"4":{"start":{"line":13,"column":25},"end":{"line":13,"column":41}},"5":{"start":{"line":14,"column":34},"end":{"line":14,"column":43}},"6":{"start":{"line":16,"column":26},"end":{"line":20,"column":11}},"7":{"start":{"line":22,"column":10},"end":{"line":33,"column":13}},"8":{"start":{"line":23,"column":28},"end":{"line":23,"column":62}},"9":{"start":{"line":24,"column":32},"end":{"line":24,"column":65}},"10":{"start":{"line":26,"column":14},"end":{"line":26,"column":42}},"11":{"start":{"line":29,"column":28},"end":{"line":29,"column":93}},"12":{"start":{"line":30,"column":32},"end":{"line":30,"column":65}},"13":{"start":{"line":32,"column":14},"end":{"line":32,"column":42}},"14":{"start":{"line":38,"column":10},"end":{"line":38,"column":100}},"15":{"start":{"line":42,"column":29},"end":{"line":66,"column":3}},"16":{"start":{"line":43,"column":6},"end":{"line":65,"column":7}},"17":{"start":{"line":45,"column":10},"end":{"line":47,"column":11}},"18":{"start":{"line":46,"column":13},"end":{"line":46,"column":19}},"19":{"start":{"line":49,"column":21},"end":{"line":49,"column":34}},"20":{"start":{"line":51,"column":10},"end":{"line":60,"column":12}},"21":{"start":{"line":54,"column":14},"end":{"line":54,"column":48}},"22":{"start":{"line":58,"column":12},"end":{"line":58,"column":101}},"23":{"start":{"line":64,"column":10},"end":{"line":64,"column":101}},"24":{"start":{"line":68,"column":26},"end":{"line":96,"column":3}},"25":{"start":{"line":69,"column":4},"end":{"line":95,"column":5}},"26":{"start":{"line":71,"column":8},"end":{"line":73,"column":9}},"27":{"start":{"line":72,"column":12},"end":{"line":72,"column":18}},"28":{"start":{"line":75,"column":20},"end":{"line":75,"column":40}},"29":{"start":{"line":77,"column":27},"end":{"line":77,"column":73}},"30":{"start":{"line":79,"column":8},"end":{"line":90,"column":9}},"31":{"start":{"line":81,"column":10},"end":{"line":87,"column":12}},"32":{"start":{"line":82,"column":12},"end":{"line":82,"column":48}},"33":{"start":{"line":86,"column":14},"end":{"line":86,"column":115}},"34":{"start":{"line":88,"column":14},"end":{"line":90,"column":9}},"35":{"start":{"line":89,"column":10},"end":{"line":89,"column":98}},"36":{"start":{"line":94,"column":8},"end":{"line":94,"column":100}},"37":{"start":{"line":98,"column":26},"end":{"line":131,"column":3}},"38":{"start":{"line":99,"column":6},"end":{"line":130,"column":7}},"39":{"start":{"line":101,"column":10},"end":{"line":103,"column":11}},"40":{"start":{"line":102,"column":12},"end":{"line":102,"column":18}},"41":{"start":{"line":105,"column":19},"end":{"line":105,"column":32}},"42":{"start":{"line":106,"column":10},"end":{"line":124,"column":12}},"43":{"start":{"line":107,"column":31},"end":{"line":107,"column":77}},"44":{"start":{"line":109,"column":12},"end":{"line":111,"column":13}},"45":{"start":{"line":110,"column":14},"end":{"line":110,"column":102}},"46":{"start":{"line":113,"column":12},"end":{"line":119,"column":14}},"47":{"start":{"line":114,"column":14},"end":{"line":114,"column":91}},"48":{"start":{"line":118,"column":14},"end":{"line":118,"column":126}},"49":{"start":{"line":123,"column":12},"end":{"line":123,"column":101}},"50":{"start":{"line":129,"column":8},"end":{"line":129,"column":99}},"51":{"start":{"line":133,"column":24},"end":{"line":157,"column":3}},"52":{"start":{"line":134,"column":6},"end":{"line":156,"column":7}},"53":{"start":{"line":136,"column":10},"end":{"line":138,"column":11}},"54":{"start":{"line":137,"column":12},"end":{"line":137,"column":18}},"55":{"start":{"line":140,"column":19},"end":{"line":140,"column":32}},"56":{"start":{"line":142,"column":10},"end":{"line":150,"column":12}},"57":{"start":{"line":143,"column":14},"end":{"line":145,"column":16}},"58":{"start":{"line":144,"column":16},"end":{"line":144,"column":97}},"59":{"start":{"line":149,"column":12},"end":{"line":149,"column":97}},"60":{"start":{"line":155,"column":10},"end":{"line":155,"column":102}}},"fnMap":{"0":{"name":"(anonymous_0)","decl":{"start":{"line":6,"column":24},"end":{"line":6,"column":25}},"loc":{"start":{"line":6,"column":43},"end":{"line":40,"column":3}},"line":6},"1":{"name":"(anonymous_1)","decl":{"start":{"line":42,"column":29},"end":{"line":42,"column":30}},"loc":{"start":{"line":42,"column":49},"end":{"line":66,"column":3}},"line":42},"2":{"name":"(anonymous_2)","decl":{"start":{"line":51,"column":35},"end":{"line":51,"column":36}},"loc":{"start":{"line":51,"column":51},"end":{"line":55,"column":11}},"line":51},"3":{"name":"(anonymous_3)","decl":{"start":{"line":56,"column":17},"end":{"line":56,"column":18}},"loc":{"start":{"line":56,"column":25},"end":{"line":60,"column":11}},"line":56},"4":{"name":"(anonymous_4)","decl":{"start":{"line":68,"column":26},"end":{"line":68,"column":27}},"loc":{"start":{"line":68,"column":46},"end":{"line":96,"column":3}},"line":68},"5":{"name":"(anonymous_5)","decl":{"start":{"line":81,"column":28},"end":{"line":81,"column":29}},"loc":{"start":{"line":81,"column":34},"end":{"line":83,"column":11}},"line":81},"6":{"name":"(anonymous_6)","decl":{"start":{"line":84,"column":17},"end":{"line":84,"column":18}},"loc":{"start":{"line":84,"column":25},"end":{"line":87,"column":11}},"line":84},"7":{"name":"(anonymous_7)","decl":{"start":{"line":98,"column":26},"end":{"line":98,"column":27}},"loc":{"start":{"line":98,"column":45},"end":{"line":131,"column":3}},"line":98},"8":{"name":"(anonymous_8)","decl":{"start":{"line":106,"column":35},"end":{"line":106,"column":36}},"loc":{"start":{"line":106,"column":45},"end":{"line":120,"column":11}},"line":106},"9":{"name":"(anonymous_9)","decl":{"start":{"line":113,"column":63},"end":{"line":113,"column":64}},"loc":{"start":{"line":113,"column":67},"end":{"line":115,"column":13}},"line":113},"10":{"name":"(anonymous_10)","decl":{"start":{"line":116,"column":19},"end":{"line":116,"column":20}},"loc":{"start":{"line":116,"column":28},"end":{"line":119,"column":13}},"line":116},"11":{"name":"(anonymous_11)","decl":{"start":{"line":121,"column":17},"end":{"line":121,"column":18}},"loc":{"start":{"line":121,"column":25},"end":{"line":124,"column":11}},"line":121},"12":{"name":"(anonymous_12)","decl":{"start":{"line":133,"column":24},"end":{"line":133,"column":25}},"loc":{"start":{"line":133,"column":44},"end":{"line":157,"column":3}},"line":133},"13":{"name":"(anonymous_13)","decl":{"start":{"line":142,"column":41},"end":{"line":142,"column":42}},"loc":{"start":{"line":142,"column":47},"end":{"line":146,"column":11}},"line":142},"14":{"name":"(anonymous_14)","decl":{"start":{"line":143,"column":48},"end":{"line":143,"column":49}},"loc":{"start":{"line":143,"column":54},"end":{"line":145,"column":15}},"line":143},"15":{"name":"(anonymous_15)","decl":{"start":{"line":147,"column":17},"end":{"line":147,"column":18}},"loc":{"start":{"line":147,"column":24},"end":{"line":150,"column":11}},"line":147}},"branchMap":{"0":{"loc":{"start":{"line":9,"column":10},"end":{"line":11,"column":11}},"type":"if","locations":[{"start":{"line":9,"column":10},"end":{"line":11,"column":11}},{"start":{},"end":{}}],"line":9},"1":{"loc":{"start":{"line":18,"column":20},"end":{"line":18,"column":39}},"type":"binary-expr","locations":[{"start":{"line":18,"column":20},"end":{"line":18,"column":34}},{"start":{"line":18,"column":38},"end":{"line":18,"column":39}}],"line":18},"2":{"loc":{"start":{"line":19,"column":21},"end":{"line":19,"column":71}},"type":"cond-expr","locations":[{"start":{"line":19,"column":45},"end":{"line":19,"column":46}},{"start":{"line":19,"column":49},"end":{"line":19,"column":71}}],"line":19},"3":{"loc":{"start":{"line":19,"column":49},"end":{"line":19,"column":71}},"type":"binary-expr","locations":[{"start":{"line":19,"column":49},"end":{"line":19,"column":66}},{"start":{"line":19,"column":70},"end":{"line":19,"column":71}}],"line":19},"4":{"loc":{"start":{"line":22,"column":10},"end":{"line":33,"column":13}},"type":"if","locations":[{"start":{"line":22,"column":10},"end":{"line":33,"column":13}},{"start":{"line":28,"column":17},"end":{"line":33,"column":13}}],"line":22},"5":{"loc":{"start":{"line":45,"column":10},"end":{"line":47,"column":11}},"type":"if","locations":[{"start":{"line":45,"column":10},"end":{"line":47,"column":11}},{"start":{},"end":{}}],"line":45},"6":{"loc":{"start":{"line":71,"column":8},"end":{"line":73,"column":9}},"type":"if","locations":[{"start":{"line":71,"column":8},"end":{"line":73,"column":9}},{"start":{},"end":{}}],"line":71},"7":{"loc":{"start":{"line":79,"column":8},"end":{"line":90,"column":9}},"type":"if","locations":[{"start":{"line":79,"column":8},"end":{"line":90,"column":9}},{"start":{"line":88,"column":14},"end":{"line":90,"column":9}}],"line":79},"8":{"loc":{"start":{"line":88,"column":14},"end":{"line":90,"column":9}},"type":"if","locations":[{"start":{"line":88,"column":14},"end":{"line":90,"column":9}},{"start":{},"end":{}}],"line":88},"9":{"loc":{"start":{"line":101,"column":10},"end":{"line":103,"column":11}},"type":"if","locations":[{"start":{"line":101,"column":10},"end":{"line":103,"column":11}},{"start":{},"end":{}}],"line":101},"10":{"loc":{"start":{"line":109,"column":12},"end":{"line":111,"column":13}},"type":"if","locations":[{"start":{"line":109,"column":12},"end":{"line":111,"column":13}},{"start":{},"end":{}}],"line":109},"11":{"loc":{"start":{"line":136,"column":10},"end":{"line":138,"column":11}},"type":"if","locations":[{"start":{"line":136,"column":10},"end":{"line":138,"column":11}},{"start":{},"end":{}}],"line":136}},"s":{"0":8,"1":3,"2":3,"3":0,"4":3,"5":3,"6":3,"7":3,"8":1,"9":1,"10":1,"11":2,"12":2,"13":2,"14":0,"15":8,"16":1,"17":1,"18":0,"19":1,"20":1,"21":1,"22":0,"23":0,"24":8,"25":3,"26":3,"27":0,"28":3,"29":3,"30":3,"31":2,"32":1,"33":1,"34":1,"35":1,"36":0,"37":8,"38":2,"39":2,"40":0,"41":2,"42":2,"43":1,"44":1,"45":0,"46":1,"47":1,"48":0,"49":1,"50":0,"51":8,"52":2,"53":2,"54":0,"55":2,"56":2,"57":1,"58":1,"59":1,"60":0},"f":{"0":3,"1":1,"2":1,"3":0,"4":3,"5":1,"6":1,"7":2,"8":1,"9":1,"10":0,"11":1,"12":2,"13":1,"14":1,"15":1},"b":{"0":[0,3],"1":[3,3],"2":[0,3],"3":[3,3],"4":[1,2],"5":[0,1],"6":[0,3],"7":[2,1],"8":[1,0],"9":[0,2],"10":[0,1],"11":[0,2]},"_coverageSchema":"1a1c01bbd47fc00a2c39e90264f33305004495a9","hash":"d11492db50950cd98675855dee2da5d984ba2b7f"}
,"/home/mirelle/Documentos/revisao-da-api-de-matematica/src/controllers/GrupoController.js": {"path":"/home/mirelle/Documentos/revisao-da-api-de-matematica/src/controllers/GrupoController.js","statementMap":{"0":{"start":{"line":6,"column":25},"end":{"line":42,"column":5}},"1":{"start":{"line":8,"column":8},"end":{"line":41,"column":9}},"2":{"start":{"line":10,"column":12},"end":{"line":12,"column":13}},"3":{"start":{"line":11,"column":16},"end":{"line":11,"column":22}},"4":{"start":{"line":14,"column":25},"end":{"line":14,"column":39}},"5":{"start":{"line":15,"column":36},"end":{"line":15,"column":45}},"6":{"start":{"line":17,"column":28},"end":{"line":21,"column":13}},"7":{"start":{"line":23,"column":12},"end":{"line":35,"column":13}},"8":{"start":{"line":24,"column":30},"end":{"line":24,"column":64}},"9":{"start":{"line":25,"column":26},"end":{"line":25,"column":59}},"10":{"start":{"line":27,"column":16},"end":{"line":27,"column":36}},"11":{"start":{"line":31,"column":30},"end":{"line":31,"column":91}},"12":{"start":{"line":32,"column":26},"end":{"line":32,"column":59}},"13":{"start":{"line":34,"column":16},"end":{"line":34,"column":36}},"14":{"start":{"line":40,"column":12},"end":{"line":40,"column":103}},"15":{"start":{"line":44,"column":27},"end":{"line":66,"column":5}},"16":{"start":{"line":45,"column":8},"end":{"line":65,"column":9}},"17":{"start":{"line":47,"column":12},"end":{"line":49,"column":13}},"18":{"start":{"line":48,"column":16},"end":{"line":48,"column":22}},"19":{"start":{"line":51,"column":23},"end":{"line":51,"column":36}},"20":{"start":{"line":53,"column":12},"end":{"line":60,"column":14}},"21":{"start":{"line":54,"column":26},"end":{"line":54,"column":59}},"22":{"start":{"line":55,"column":16},"end":{"line":55,"column":48}},"23":{"start":{"line":59,"column":16},"end":{"line":59,"column":105}},"24":{"start":{"line":64,"column":12},"end":{"line":64,"column":103}},"25":{"start":{"line":68,"column":28},"end":{"line":95,"column":5}},"26":{"start":{"line":69,"column":8},"end":{"line":94,"column":9}},"27":{"start":{"line":71,"column":12},"end":{"line":73,"column":13}},"28":{"start":{"line":72,"column":16},"end":{"line":72,"column":22}},"29":{"start":{"line":75,"column":24},"end":{"line":75,"column":44}},"30":{"start":{"line":77,"column":30},"end":{"line":77,"column":72}},"31":{"start":{"line":79,"column":12},"end":{"line":89,"column":13}},"32":{"start":{"line":80,"column":16},"end":{"line":84,"column":18}},"33":{"start":{"line":81,"column":20},"end":{"line":81,"column":63}},"34":{"start":{"line":83,"column":20},"end":{"line":83,"column":121}},"35":{"start":{"line":87,"column":17},"end":{"line":89,"column":13}},"36":{"start":{"line":88,"column":16},"end":{"line":88,"column":99}},"37":{"start":{"line":93,"column":12},"end":{"line":93,"column":105}},"38":{"start":{"line":97,"column":28},"end":{"line":133,"column":5}},"39":{"start":{"line":98,"column":8},"end":{"line":132,"column":9}},"40":{"start":{"line":100,"column":12},"end":{"line":102,"column":13}},"41":{"start":{"line":101,"column":16},"end":{"line":101,"column":22}},"42":{"start":{"line":104,"column":23},"end":{"line":104,"column":36}},"43":{"start":{"line":106,"column":12},"end":{"line":126,"column":14}},"44":{"start":{"line":108,"column":38},"end":{"line":108,"column":80}},"45":{"start":{"line":110,"column":16},"end":{"line":112,"column":17}},"46":{"start":{"line":111,"column":20},"end":{"line":111,"column":116}},"47":{"start":{"line":114,"column":16},"end":{"line":120,"column":18}},"48":{"start":{"line":115,"column":20},"end":{"line":115,"column":97}},"49":{"start":{"line":119,"column":20},"end":{"line":119,"column":121}},"50":{"start":{"line":125,"column":16},"end":{"line":125,"column":105}},"51":{"start":{"line":131,"column":12},"end":{"line":131,"column":103}},"52":{"start":{"line":135,"column":26},"end":{"line":160,"column":5}},"53":{"start":{"line":136,"column":8},"end":{"line":159,"column":9}},"54":{"start":{"line":138,"column":12},"end":{"line":140,"column":13}},"55":{"start":{"line":139,"column":16},"end":{"line":139,"column":22}},"56":{"start":{"line":142,"column":21},"end":{"line":142,"column":34}},"57":{"start":{"line":144,"column":12},"end":{"line":153,"column":14}},"58":{"start":{"line":146,"column":16},"end":{"line":148,"column":18}},"59":{"start":{"line":147,"column":20},"end":{"line":147,"column":84}},"60":{"start":{"line":152,"column":16},"end":{"line":152,"column":102}},"61":{"start":{"line":157,"column":12},"end":{"line":157,"column":105}}},"fnMap":{"0":{"name":"(anonymous_0)","decl":{"start":{"line":6,"column":25},"end":{"line":6,"column":26}},"loc":{"start":{"line":6,"column":44},"end":{"line":42,"column":5}},"line":6},"1":{"name":"(anonymous_1)","decl":{"start":{"line":44,"column":27},"end":{"line":44,"column":28}},"loc":{"start":{"line":44,"column":46},"end":{"line":66,"column":5}},"line":44},"2":{"name":"(anonymous_2)","decl":{"start":{"line":53,"column":37},"end":{"line":53,"column":38}},"loc":{"start":{"line":53,"column":54},"end":{"line":56,"column":13}},"line":53},"3":{"name":"(anonymous_3)","decl":{"start":{"line":57,"column":19},"end":{"line":57,"column":20}},"loc":{"start":{"line":57,"column":28},"end":{"line":60,"column":13}},"line":57},"4":{"name":"(anonymous_4)","decl":{"start":{"line":68,"column":28},"end":{"line":68,"column":29}},"loc":{"start":{"line":68,"column":47},"end":{"line":95,"column":5}},"line":68},"5":{"name":"(anonymous_5)","decl":{"start":{"line":80,"column":34},"end":{"line":80,"column":35}},"loc":{"start":{"line":80,"column":38},"end":{"line":82,"column":17}},"line":80},"6":{"name":"(anonymous_6)","decl":{"start":{"line":82,"column":25},"end":{"line":82,"column":26}},"loc":{"start":{"line":82,"column":32},"end":{"line":84,"column":17}},"line":82},"7":{"name":"(anonymous_7)","decl":{"start":{"line":97,"column":28},"end":{"line":97,"column":29}},"loc":{"start":{"line":97,"column":46},"end":{"line":133,"column":5}},"line":97},"8":{"name":"(anonymous_8)","decl":{"start":{"line":106,"column":43},"end":{"line":106,"column":44}},"loc":{"start":{"line":106,"column":55},"end":{"line":122,"column":13}},"line":106},"9":{"name":"(anonymous_9)","decl":{"start":{"line":114,"column":68},"end":{"line":114,"column":69}},"loc":{"start":{"line":114,"column":72},"end":{"line":116,"column":17}},"line":114},"10":{"name":"(anonymous_10)","decl":{"start":{"line":117,"column":23},"end":{"line":117,"column":24}},"loc":{"start":{"line":117,"column":32},"end":{"line":120,"column":17}},"line":117},"11":{"name":"(anonymous_11)","decl":{"start":{"line":123,"column":19},"end":{"line":123,"column":20}},"loc":{"start":{"line":123,"column":28},"end":{"line":126,"column":13}},"line":123},"12":{"name":"(anonymous_12)","decl":{"start":{"line":135,"column":26},"end":{"line":135,"column":27}},"loc":{"start":{"line":135,"column":45},"end":{"line":160,"column":5}},"line":135},"13":{"name":"(anonymous_13)","decl":{"start":{"line":144,"column":43},"end":{"line":144,"column":44}},"loc":{"start":{"line":144,"column":49},"end":{"line":149,"column":13}},"line":144},"14":{"name":"(anonymous_14)","decl":{"start":{"line":146,"column":50},"end":{"line":146,"column":51}},"loc":{"start":{"line":146,"column":54},"end":{"line":148,"column":17}},"line":146},"15":{"name":"(anonymous_15)","decl":{"start":{"line":150,"column":19},"end":{"line":150,"column":20}},"loc":{"start":{"line":150,"column":28},"end":{"line":153,"column":13}},"line":150}},"branchMap":{"0":{"loc":{"start":{"line":10,"column":12},"end":{"line":12,"column":13}},"type":"if","locations":[{"start":{"line":10,"column":12},"end":{"line":12,"column":13}},{"start":{},"end":{}}],"line":10},"1":{"loc":{"start":{"line":19,"column":22},"end":{"line":19,"column":41}},"type":"binary-expr","locations":[{"start":{"line":19,"column":22},"end":{"line":19,"column":36}},{"start":{"line":19,"column":40},"end":{"line":19,"column":41}}],"line":19},"2":{"loc":{"start":{"line":20,"column":23},"end":{"line":20,"column":73}},"type":"cond-expr","locations":[{"start":{"line":20,"column":47},"end":{"line":20,"column":48}},{"start":{"line":20,"column":51},"end":{"line":20,"column":73}}],"line":20},"3":{"loc":{"start":{"line":20,"column":51},"end":{"line":20,"column":73}},"type":"binary-expr","locations":[{"start":{"line":20,"column":51},"end":{"line":20,"column":68}},{"start":{"line":20,"column":72},"end":{"line":20,"column":73}}],"line":20},"4":{"loc":{"start":{"line":23,"column":12},"end":{"line":35,"column":13}},"type":"if","locations":[{"start":{"line":23,"column":12},"end":{"line":35,"column":13}},{"start":{"line":30,"column":16},"end":{"line":35,"column":13}}],"line":23},"5":{"loc":{"start":{"line":47,"column":12},"end":{"line":49,"column":13}},"type":"if","locations":[{"start":{"line":47,"column":12},"end":{"line":49,"column":13}},{"start":{},"end":{}}],"line":47},"6":{"loc":{"start":{"line":71,"column":12},"end":{"line":73,"column":13}},"type":"if","locations":[{"start":{"line":71,"column":12},"end":{"line":73,"column":13}},{"start":{},"end":{}}],"line":71},"7":{"loc":{"start":{"line":79,"column":12},"end":{"line":89,"column":13}},"type":"if","locations":[{"start":{"line":79,"column":12},"end":{"line":89,"column":13}},{"start":{"line":87,"column":17},"end":{"line":89,"column":13}}],"line":79},"8":{"loc":{"start":{"line":87,"column":17},"end":{"line":89,"column":13}},"type":"if","locations":[{"start":{"line":87,"column":17},"end":{"line":89,"column":13}},{"start":{},"end":{}}],"line":87},"9":{"loc":{"start":{"line":100,"column":12},"end":{"line":102,"column":13}},"type":"if","locations":[{"start":{"line":100,"column":12},"end":{"line":102,"column":13}},{"start":{},"end":{}}],"line":100},"10":{"loc":{"start":{"line":110,"column":16},"end":{"line":112,"column":17}},"type":"if","locations":[{"start":{"line":110,"column":16},"end":{"line":112,"column":17}},{"start":{},"end":{}}],"line":110},"11":{"loc":{"start":{"line":138,"column":12},"end":{"line":140,"column":13}},"type":"if","locations":[{"start":{"line":138,"column":12},"end":{"line":140,"column":13}},{"start":{},"end":{}}],"line":138}},"s":{"0":8,"1":2,"2":2,"3":0,"4":2,"5":2,"6":2,"7":2,"8":1,"9":1,"10":1,"11":1,"12":1,"13":1,"14":0,"15":8,"16":2,"17":2,"18":0,"19":2,"20":2,"21":1,"22":1,"23":1,"24":0,"25":8,"26":3,"27":3,"28":0,"29":3,"30":3,"31":3,"32":2,"33":1,"34":1,"35":1,"36":1,"37":0,"38":8,"39":2,"40":2,"41":0,"42":2,"43":2,"44":1,"45":1,"46":0,"47":1,"48":1,"49":0,"50":1,"51":0,"52":8,"53":2,"54":2,"55":0,"56":2,"57":2,"58":1,"59":1,"60":1,"61":0},"f":{"0":2,"1":2,"2":1,"3":1,"4":3,"5":1,"6":1,"7":2,"8":1,"9":1,"10":0,"11":1,"12":2,"13":1,"14":1,"15":1},"b":{"0":[0,2],"1":[2,2],"2":[0,2],"3":[2,2],"4":[1,1],"5":[0,2],"6":[0,3],"7":[2,1],"8":[1,0],"9":[0,2],"10":[0,1],"11":[0,2]},"_coverageSchema":"1a1c01bbd47fc00a2c39e90264f33305004495a9","hash":"300b705e1f03178ec9669e500fc3a3e06265f2e9"}
,"/home/mirelle/Documentos/revisao-da-api-de-matematica/src/controllers/MatriculaController.js": {"path":"/home/mirelle/Documentos/revisao-da-api-de-matematica/src/controllers/MatriculaController.js","statementMap":{"0":{"start":{"line":8,"column":29},"end":{"line":63,"column":5}},"1":{"start":{"line":10,"column":8},"end":{"line":62,"column":9}},"2":{"start":{"line":12,"column":12},"end":{"line":14,"column":13}},"3":{"start":{"line":13,"column":16},"end":{"line":13,"column":22}},"4":{"start":{"line":16,"column":38},"end":{"line":16,"column":47}},"5":{"start":{"line":18,"column":28},"end":{"line":21,"column":13}},"6":{"start":{"line":24,"column":34},"end":{"line":24,"column":72}},"7":{"start":{"line":25,"column":28},"end":{"line":25,"column":65}},"8":{"start":{"line":26,"column":16},"end":{"line":26,"column":89}},"9":{"start":{"line":27,"column":16},"end":{"line":27,"column":85}},"10":{"start":{"line":29,"column":16},"end":{"line":31,"column":17}},"11":{"start":{"line":29,"column":29},"end":{"line":29,"column":30}},"12":{"start":{"line":30,"column":20},"end":{"line":30,"column":112}},"13":{"start":{"line":34,"column":16},"end":{"line":36,"column":17}},"14":{"start":{"line":34,"column":29},"end":{"line":34,"column":30}},"15":{"start":{"line":35,"column":20},"end":{"line":35,"column":108}},"16":{"start":{"line":38,"column":16},"end":{"line":38,"column":38}},"17":{"start":{"line":60,"column":12},"end":{"line":60,"column":30}},"18":{"start":{"line":61,"column":12},"end":{"line":61,"column":104}},"19":{"start":{"line":65,"column":31},"end":{"line":90,"column":5}},"20":{"start":{"line":66,"column":8},"end":{"line":89,"column":9}},"21":{"start":{"line":68,"column":12},"end":{"line":70,"column":13}},"22":{"start":{"line":69,"column":16},"end":{"line":69,"column":22}},"23":{"start":{"line":72,"column":23},"end":{"line":72,"column":36}},"24":{"start":{"line":74,"column":12},"end":{"line":83,"column":14}},"25":{"start":{"line":75,"column":28},"end":{"line":75,"column":65}},"26":{"start":{"line":76,"column":16},"end":{"line":76,"column":87}},"27":{"start":{"line":77,"column":16},"end":{"line":77,"column":83}},"28":{"start":{"line":78,"column":16},"end":{"line":78,"column":50}},"29":{"start":{"line":82,"column":16},"end":{"line":82,"column":107}},"30":{"start":{"line":88,"column":12},"end":{"line":88,"column":103}},"31":{"start":{"line":92,"column":32},"end":{"line":117,"column":5}},"32":{"start":{"line":93,"column":8},"end":{"line":116,"column":9}},"33":{"start":{"line":95,"column":12},"end":{"line":97,"column":13}},"34":{"start":{"line":96,"column":16},"end":{"line":96,"column":22}},"35":{"start":{"line":99,"column":28},"end":{"line":99,"column":52}},"36":{"start":{"line":101,"column":25},"end":{"line":101,"column":51}},"37":{"start":{"line":102,"column":12},"end":{"line":102,"column":48}},"38":{"start":{"line":104,"column":12},"end":{"line":110,"column":14}},"39":{"start":{"line":105,"column":17},"end":{"line":105,"column":57}},"40":{"start":{"line":109,"column":16},"end":{"line":109,"column":115}},"41":{"start":{"line":115,"column":12},"end":{"line":115,"column":103}},"42":{"start":{"line":119,"column":32},"end":{"line":147,"column":5}},"43":{"start":{"line":120,"column":8},"end":{"line":146,"column":9}},"44":{"start":{"line":122,"column":12},"end":{"line":124,"column":13}},"45":{"start":{"line":123,"column":16},"end":{"line":123,"column":22}},"46":{"start":{"line":125,"column":21},"end":{"line":125,"column":34}},"47":{"start":{"line":127,"column":12},"end":{"line":140,"column":14}},"48":{"start":{"line":129,"column":16},"end":{"line":135,"column":18}},"49":{"start":{"line":130,"column":20},"end":{"line":130,"column":99}},"50":{"start":{"line":134,"column":20},"end":{"line":134,"column":121}},"51":{"start":{"line":139,"column":16},"end":{"line":139,"column":107}},"52":{"start":{"line":145,"column":12},"end":{"line":145,"column":103}},"53":{"start":{"line":149,"column":30},"end":{"line":174,"column":5}},"54":{"start":{"line":150,"column":8},"end":{"line":173,"column":9}},"55":{"start":{"line":152,"column":12},"end":{"line":154,"column":13}},"56":{"start":{"line":153,"column":16},"end":{"line":153,"column":22}},"57":{"start":{"line":156,"column":21},"end":{"line":156,"column":34}},"58":{"start":{"line":158,"column":12},"end":{"line":168,"column":14}},"59":{"start":{"line":160,"column":16},"end":{"line":162,"column":18}},"60":{"start":{"line":161,"column":24},"end":{"line":161,"column":109}},"61":{"start":{"line":167,"column":16},"end":{"line":167,"column":107}},"62":{"start":{"line":172,"column":12},"end":{"line":172,"column":103}}},"fnMap":{"0":{"name":"(anonymous_0)","decl":{"start":{"line":8,"column":29},"end":{"line":8,"column":30}},"loc":{"start":{"line":8,"column":49},"end":{"line":63,"column":5}},"line":8},"1":{"name":"(anonymous_1)","decl":{"start":{"line":65,"column":31},"end":{"line":65,"column":32}},"loc":{"start":{"line":65,"column":50},"end":{"line":90,"column":5}},"line":65},"2":{"name":"(anonymous_2)","decl":{"start":{"line":74,"column":41},"end":{"line":74,"column":42}},"loc":{"start":{"line":74,"column":62},"end":{"line":79,"column":13}},"line":74},"3":{"name":"(anonymous_3)","decl":{"start":{"line":80,"column":19},"end":{"line":80,"column":20}},"loc":{"start":{"line":80,"column":28},"end":{"line":83,"column":13}},"line":80},"4":{"name":"(anonymous_4)","decl":{"start":{"line":92,"column":32},"end":{"line":92,"column":33}},"loc":{"start":{"line":92,"column":51},"end":{"line":117,"column":5}},"line":92},"5":{"name":"(anonymous_5)","decl":{"start":{"line":104,"column":34},"end":{"line":104,"column":35}},"loc":{"start":{"line":104,"column":40},"end":{"line":106,"column":13}},"line":104},"6":{"name":"(anonymous_6)","decl":{"start":{"line":107,"column":19},"end":{"line":107,"column":20}},"loc":{"start":{"line":107,"column":27},"end":{"line":110,"column":13}},"line":107},"7":{"name":"(anonymous_7)","decl":{"start":{"line":119,"column":32},"end":{"line":119,"column":33}},"loc":{"start":{"line":119,"column":50},"end":{"line":147,"column":5}},"line":119},"8":{"name":"(anonymous_8)","decl":{"start":{"line":127,"column":47},"end":{"line":127,"column":48}},"loc":{"start":{"line":127,"column":53},"end":{"line":136,"column":13}},"line":127},"9":{"name":"(anonymous_9)","decl":{"start":{"line":129,"column":72},"end":{"line":129,"column":73}},"loc":{"start":{"line":129,"column":76},"end":{"line":131,"column":17}},"line":129},"10":{"name":"(anonymous_10)","decl":{"start":{"line":132,"column":23},"end":{"line":132,"column":24}},"loc":{"start":{"line":132,"column":32},"end":{"line":135,"column":17}},"line":132},"11":{"name":"(anonymous_11)","decl":{"start":{"line":137,"column":19},"end":{"line":137,"column":20}},"loc":{"start":{"line":137,"column":28},"end":{"line":140,"column":13}},"line":137},"12":{"name":"(anonymous_12)","decl":{"start":{"line":149,"column":30},"end":{"line":149,"column":31}},"loc":{"start":{"line":149,"column":49},"end":{"line":174,"column":5}},"line":149},"13":{"name":"(anonymous_13)","decl":{"start":{"line":158,"column":47},"end":{"line":158,"column":48}},"loc":{"start":{"line":158,"column":53},"end":{"line":164,"column":13}},"line":158},"14":{"name":"(anonymous_14)","decl":{"start":{"line":160,"column":54},"end":{"line":160,"column":55}},"loc":{"start":{"line":160,"column":60},"end":{"line":162,"column":17}},"line":160},"15":{"name":"(anonymous_15)","decl":{"start":{"line":165,"column":19},"end":{"line":165,"column":20}},"loc":{"start":{"line":165,"column":28},"end":{"line":168,"column":13}},"line":165}},"branchMap":{"0":{"loc":{"start":{"line":12,"column":12},"end":{"line":14,"column":13}},"type":"if","locations":[{"start":{"line":12,"column":12},"end":{"line":14,"column":13}},{"start":{},"end":{}}],"line":12},"1":{"loc":{"start":{"line":19,"column":22},"end":{"line":19,"column":41}},"type":"binary-expr","locations":[{"start":{"line":19,"column":22},"end":{"line":19,"column":36}},{"start":{"line":19,"column":40},"end":{"line":19,"column":41}}],"line":19},"2":{"loc":{"start":{"line":20,"column":23},"end":{"line":20,"column":73}},"type":"cond-expr","locations":[{"start":{"line":20,"column":47},"end":{"line":20,"column":48}},{"start":{"line":20,"column":51},"end":{"line":20,"column":73}}],"line":20},"3":{"loc":{"start":{"line":20,"column":51},"end":{"line":20,"column":73}},"type":"binary-expr","locations":[{"start":{"line":20,"column":51},"end":{"line":20,"column":68}},{"start":{"line":20,"column":72},"end":{"line":20,"column":73}}],"line":20},"4":{"loc":{"start":{"line":68,"column":12},"end":{"line":70,"column":13}},"type":"if","locations":[{"start":{"line":68,"column":12},"end":{"line":70,"column":13}},{"start":{},"end":{}}],"line":68},"5":{"loc":{"start":{"line":95,"column":12},"end":{"line":97,"column":13}},"type":"if","locations":[{"start":{"line":95,"column":12},"end":{"line":97,"column":13}},{"start":{},"end":{}}],"line":95},"6":{"loc":{"start":{"line":122,"column":12},"end":{"line":124,"column":13}},"type":"if","locations":[{"start":{"line":122,"column":12},"end":{"line":124,"column":13}},{"start":{},"end":{}}],"line":122},"7":{"loc":{"start":{"line":152,"column":12},"end":{"line":154,"column":13}},"type":"if","locations":[{"start":{"line":152,"column":12},"end":{"line":154,"column":13}},{"start":{},"end":{}}],"line":152}},"s":{"0":8,"1":1,"2":1,"3":0,"4":1,"5":1,"6":1,"7":1,"8":1,"9":1,"10":1,"11":1,"12":1,"13":1,"14":1,"15":1,"16":1,"17":0,"18":0,"19":8,"20":2,"21":2,"22":0,"23":2,"24":2,"25":1,"26":1,"27":1,"28":1,"29":1,"30":0,"31":8,"32":2,"33":2,"34":0,"35":2,"36":2,"37":2,"38":2,"39":1,"40":1,"41":0,"42":8,"43":2,"44":2,"45":0,"46":2,"47":2,"48":2,"49":1,"50":1,"51":0,"52":0,"53":8,"54":2,"55":2,"56":0,"57":2,"58":2,"59":1,"60":1,"61":1,"62":0},"f":{"0":1,"1":2,"2":1,"3":1,"4":2,"5":1,"6":1,"7":2,"8":2,"9":1,"10":1,"11":0,"12":2,"13":1,"14":1,"15":1},"b":{"0":[0,1],"1":[1,1],"2":[0,1],"3":[1,1],"4":[0,2],"5":[0,2],"6":[0,2],"7":[0,2]},"_coverageSchema":"1a1c01bbd47fc00a2c39e90264f33305004495a9","hash":"e0a707cc4cfaec5ae84680d1f27401d647010b89"}
,"/home/mirelle/Documentos/revisao-da-api-de-matematica/src/controllers/RotasController.js": {"path":"/home/mirelle/Documentos/revisao-da-api-de-matematica/src/controllers/RotasController.js","statementMap":{"0":{"start":{"line":5,"column":23},"end":{"line":33,"column":3}},"1":{"start":{"line":7,"column":4},"end":{"line":32,"column":5}},"2":{"start":{"line":8,"column":23},"end":{"line":8,"column":37}},"3":{"start":{"line":9,"column":32},"end":{"line":9,"column":41}},"4":{"start":{"line":11,"column":22},"end":{"line":15,"column":7}},"5":{"start":{"line":17,"column":6},"end":{"line":27,"column":7}},"6":{"start":{"line":18,"column":21},"end":{"line":18,"column":54}},"7":{"start":{"line":21,"column":8},"end":{"line":21,"column":29}},"8":{"start":{"line":23,"column":21},"end":{"line":23,"column":85}},"9":{"start":{"line":26,"column":8},"end":{"line":26,"column":29}},"10":{"start":{"line":31,"column":8},"end":{"line":31,"column":100}},"11":{"start":{"line":35,"column":27},"end":{"line":54,"column":3}},"12":{"start":{"line":36,"column":4},"end":{"line":53,"column":5}},"13":{"start":{"line":38,"column":19},"end":{"line":38,"column":32}},"14":{"start":{"line":40,"column":8},"end":{"line":47,"column":10}},"15":{"start":{"line":42,"column":12},"end":{"line":42,"column":45}},"16":{"start":{"line":46,"column":10},"end":{"line":46,"column":96}},"17":{"start":{"line":52,"column":6},"end":{"line":52,"column":100}},"18":{"start":{"line":56,"column":25},"end":{"line":78,"column":3}},"19":{"start":{"line":57,"column":4},"end":{"line":77,"column":5}},"20":{"start":{"line":58,"column":19},"end":{"line":58,"column":38}},"21":{"start":{"line":59,"column":25},"end":{"line":59,"column":65}},"22":{"start":{"line":61,"column":6},"end":{"line":63,"column":7}},"23":{"start":{"line":62,"column":8},"end":{"line":62,"column":111}},"24":{"start":{"line":65,"column":6},"end":{"line":71,"column":8}},"25":{"start":{"line":66,"column":10},"end":{"line":66,"column":53}},"26":{"start":{"line":70,"column":10},"end":{"line":70,"column":109}},"27":{"start":{"line":76,"column":6},"end":{"line":76,"column":99}},"28":{"start":{"line":80,"column":25},"end":{"line":102,"column":3}},"29":{"start":{"line":81,"column":4},"end":{"line":101,"column":5}},"30":{"start":{"line":82,"column":17},"end":{"line":82,"column":30}},"31":{"start":{"line":83,"column":29},"end":{"line":83,"column":70}},"32":{"start":{"line":85,"column":8},"end":{"line":87,"column":9}},"33":{"start":{"line":86,"column":10},"end":{"line":86,"column":113}},"34":{"start":{"line":89,"column":8},"end":{"line":95,"column":10}},"35":{"start":{"line":90,"column":10},"end":{"line":90,"column":85}},"36":{"start":{"line":94,"column":10},"end":{"line":94,"column":98}},"37":{"start":{"line":100,"column":8},"end":{"line":100,"column":101}},"38":{"start":{"line":104,"column":23},"end":{"line":125,"column":3}},"39":{"start":{"line":105,"column":4},"end":{"line":124,"column":5}},"40":{"start":{"line":106,"column":15},"end":{"line":106,"column":28}},"41":{"start":{"line":107,"column":19},"end":{"line":107,"column":43}},"42":{"start":{"line":109,"column":6},"end":{"line":111,"column":7}},"43":{"start":{"line":110,"column":8},"end":{"line":110,"column":97}},"44":{"start":{"line":113,"column":6},"end":{"line":118,"column":8}},"45":{"start":{"line":114,"column":8},"end":{"line":114,"column":89}},"46":{"start":{"line":123,"column":6},"end":{"line":123,"column":98}}},"fnMap":{"0":{"name":"(anonymous_0)","decl":{"start":{"line":5,"column":23},"end":{"line":5,"column":24}},"loc":{"start":{"line":5,"column":43},"end":{"line":33,"column":3}},"line":5},"1":{"name":"(anonymous_1)","decl":{"start":{"line":35,"column":27},"end":{"line":35,"column":28}},"loc":{"start":{"line":35,"column":47},"end":{"line":54,"column":3}},"line":35},"2":{"name":"(anonymous_2)","decl":{"start":{"line":40,"column":32},"end":{"line":40,"column":33}},"loc":{"start":{"line":40,"column":48},"end":{"line":43,"column":9}},"line":40},"3":{"name":"(anonymous_3)","decl":{"start":{"line":44,"column":15},"end":{"line":44,"column":16}},"loc":{"start":{"line":44,"column":24},"end":{"line":47,"column":9}},"line":44},"4":{"name":"(anonymous_4)","decl":{"start":{"line":56,"column":25},"end":{"line":56,"column":26}},"loc":{"start":{"line":56,"column":45},"end":{"line":78,"column":3}},"line":56},"5":{"name":"(anonymous_5)","decl":{"start":{"line":65,"column":23},"end":{"line":65,"column":24}},"loc":{"start":{"line":65,"column":29},"end":{"line":67,"column":7}},"line":65},"6":{"name":"(anonymous_6)","decl":{"start":{"line":68,"column":13},"end":{"line":68,"column":14}},"loc":{"start":{"line":68,"column":22},"end":{"line":71,"column":7}},"line":68},"7":{"name":"(anonymous_7)","decl":{"start":{"line":80,"column":25},"end":{"line":80,"column":26}},"loc":{"start":{"line":80,"column":45},"end":{"line":102,"column":3}},"line":80},"8":{"name":"(anonymous_8)","decl":{"start":{"line":89,"column":59},"end":{"line":89,"column":60}},"loc":{"start":{"line":89,"column":64},"end":{"line":91,"column":9}},"line":89},"9":{"name":"(anonymous_9)","decl":{"start":{"line":92,"column":15},"end":{"line":92,"column":16}},"loc":{"start":{"line":92,"column":23},"end":{"line":95,"column":9}},"line":92},"10":{"name":"(anonymous_10)","decl":{"start":{"line":104,"column":23},"end":{"line":104,"column":24}},"loc":{"start":{"line":104,"column":43},"end":{"line":125,"column":3}},"line":104},"11":{"name":"(anonymous_11)","decl":{"start":{"line":113,"column":39},"end":{"line":113,"column":40}},"loc":{"start":{"line":113,"column":45},"end":{"line":115,"column":7}},"line":113},"12":{"name":"(anonymous_12)","decl":{"start":{"line":116,"column":13},"end":{"line":116,"column":14}},"loc":{"start":{"line":116,"column":22},"end":{"line":118,"column":7}},"line":116}},"branchMap":{"0":{"loc":{"start":{"line":13,"column":14},"end":{"line":13,"column":33}},"type":"binary-expr","locations":[{"start":{"line":13,"column":14},"end":{"line":13,"column":28}},{"start":{"line":13,"column":32},"end":{"line":13,"column":33}}],"line":13},"1":{"loc":{"start":{"line":14,"column":15},"end":{"line":14,"column":65}},"type":"cond-expr","locations":[{"start":{"line":14,"column":39},"end":{"line":14,"column":40}},{"start":{"line":14,"column":43},"end":{"line":14,"column":65}}],"line":14},"2":{"loc":{"start":{"line":14,"column":43},"end":{"line":14,"column":65}},"type":"binary-expr","locations":[{"start":{"line":14,"column":43},"end":{"line":14,"column":60}},{"start":{"line":14,"column":64},"end":{"line":14,"column":65}}],"line":14},"3":{"loc":{"start":{"line":17,"column":6},"end":{"line":27,"column":7}},"type":"if","locations":[{"start":{"line":17,"column":6},"end":{"line":27,"column":7}},{"start":{"line":22,"column":11},"end":{"line":27,"column":7}}],"line":17},"4":{"loc":{"start":{"line":61,"column":6},"end":{"line":63,"column":7}},"type":"if","locations":[{"start":{"line":61,"column":6},"end":{"line":63,"column":7}},{"start":{},"end":{}}],"line":61},"5":{"loc":{"start":{"line":85,"column":8},"end":{"line":87,"column":9}},"type":"if","locations":[{"start":{"line":85,"column":8},"end":{"line":87,"column":9}},{"start":{},"end":{}}],"line":85},"6":{"loc":{"start":{"line":109,"column":6},"end":{"line":111,"column":7}},"type":"if","locations":[{"start":{"line":109,"column":6},"end":{"line":111,"column":7}},{"start":{},"end":{}}],"line":109}},"s":{"0":8,"1":2,"2":2,"3":2,"4":2,"5":2,"6":1,"7":1,"8":1,"9":1,"10":0,"11":8,"12":2,"13":2,"14":2,"15":1,"16":1,"17":0,"18":8,"19":3,"20":3,"21":3,"22":3,"23":1,"24":2,"25":1,"26":1,"27":0,"28":8,"29":3,"30":3,"31":3,"32":3,"33":1,"34":2,"35":1,"36":1,"37":0,"38":8,"39":2,"40":2,"41":2,"42":2,"43":1,"44":1,"45":1,"46":0},"f":{"0":2,"1":2,"2":1,"3":1,"4":3,"5":1,"6":1,"7":3,"8":1,"9":1,"10":2,"11":1,"12":0},"b":{"0":[2,2],"1":[0,2],"2":[2,2],"3":[1,1],"4":[1,2],"5":[1,2],"6":[1,1]},"_coverageSchema":"1a1c01bbd47fc00a2c39e90264f33305004495a9","hash":"07e39e06eb055b0f74597ec19c3b0e9aa679cc0a"}
,"/home/mirelle/Documentos/revisao-da-api-de-matematica/src/controllers/UsuarioController.js": {"path":"/home/mirelle/Documentos/revisao-da-api-de-matematica/src/controllers/UsuarioController.js","statementMap":{"0":{"start":{"line":8,"column":27},"end":{"line":53,"column":5}},"1":{"start":{"line":10,"column":8},"end":{"line":52,"column":9}},"2":{"start":{"line":12,"column":12},"end":{"line":14,"column":13}},"3":{"start":{"line":13,"column":16},"end":{"line":13,"column":22}},"4":{"start":{"line":16,"column":25},"end":{"line":16,"column":39}},"5":{"start":{"line":17,"column":36},"end":{"line":17,"column":45}},"6":{"start":{"line":19,"column":28},"end":{"line":23,"column":13}},"7":{"start":{"line":25,"column":12},"end":{"line":47,"column":13}},"8":{"start":{"line":26,"column":32},"end":{"line":26,"column":68}},"9":{"start":{"line":27,"column":27},"end":{"line":27,"column":62}},"10":{"start":{"line":28,"column":16},"end":{"line":28,"column":83}},"11":{"start":{"line":30,"column":16},"end":{"line":32,"column":17}},"12":{"start":{"line":30,"column":29},"end":{"line":30,"column":30}},"13":{"start":{"line":31,"column":20},"end":{"line":31,"column":106}},"14":{"start":{"line":34,"column":16},"end":{"line":34,"column":37}},"15":{"start":{"line":38,"column":32},"end":{"line":38,"column":95}},"16":{"start":{"line":39,"column":27},"end":{"line":39,"column":62}},"17":{"start":{"line":40,"column":16},"end":{"line":40,"column":83}},"18":{"start":{"line":42,"column":16},"end":{"line":44,"column":17}},"19":{"start":{"line":42,"column":29},"end":{"line":42,"column":30}},"20":{"start":{"line":43,"column":20},"end":{"line":43,"column":106}},"21":{"start":{"line":46,"column":16},"end":{"line":46,"column":37}},"22":{"start":{"line":50,"column":12},"end":{"line":50,"column":30}},"23":{"start":{"line":51,"column":12},"end":{"line":51,"column":103}},"24":{"start":{"line":55,"column":29},"end":{"line":77,"column":5}},"25":{"start":{"line":56,"column":8},"end":{"line":76,"column":9}},"26":{"start":{"line":58,"column":12},"end":{"line":60,"column":13}},"27":{"start":{"line":59,"column":16},"end":{"line":59,"column":22}},"28":{"start":{"line":62,"column":23},"end":{"line":62,"column":36}},"29":{"start":{"line":64,"column":12},"end":{"line":72,"column":14}},"30":{"start":{"line":65,"column":27},"end":{"line":65,"column":62}},"31":{"start":{"line":66,"column":16},"end":{"line":66,"column":81}},"32":{"start":{"line":68,"column":16},"end":{"line":68,"column":49}},"33":{"start":{"line":71,"column":16},"end":{"line":71,"column":105}},"34":{"start":{"line":74,"column":12},"end":{"line":74,"column":30}},"35":{"start":{"line":75,"column":12},"end":{"line":75,"column":103}},"36":{"start":{"line":79,"column":30},"end":{"line":118,"column":5}},"37":{"start":{"line":80,"column":8},"end":{"line":117,"column":9}},"38":{"start":{"line":82,"column":26},"end":{"line":82,"column":48}},"39":{"start":{"line":84,"column":30},"end":{"line":84,"column":76}},"40":{"start":{"line":85,"column":29},"end":{"line":85,"column":74}},"41":{"start":{"line":87,"column":12},"end":{"line":112,"column":13}},"42":{"start":{"line":89,"column":16},"end":{"line":91,"column":17}},"43":{"start":{"line":90,"column":20},"end":{"line":90,"column":126}},"44":{"start":{"line":93,"column":30},"end":{"line":93,"column":68}},"45":{"start":{"line":94,"column":16},"end":{"line":94,"column":49}},"46":{"start":{"line":96,"column":32},"end":{"line":96,"column":64}},"47":{"start":{"line":97,"column":16},"end":{"line":97,"column":42}},"48":{"start":{"line":99,"column":16},"end":{"line":105,"column":18}},"49":{"start":{"line":100,"column":20},"end":{"line":100,"column":65}},"50":{"start":{"line":104,"column":20},"end":{"line":104,"column":121}},"51":{"start":{"line":107,"column":17},"end":{"line":112,"column":13}},"52":{"start":{"line":108,"column":16},"end":{"line":108,"column":104}},"53":{"start":{"line":110,"column":17},"end":{"line":112,"column":13}},"54":{"start":{"line":111,"column":16},"end":{"line":111,"column":103}},"55":{"start":{"line":115,"column":12},"end":{"line":115,"column":30}},"56":{"start":{"line":116,"column":12},"end":{"line":116,"column":103}},"57":{"start":{"line":120,"column":30},"end":{"line":173,"column":5}},"58":{"start":{"line":121,"column":8},"end":{"line":172,"column":9}},"59":{"start":{"line":123,"column":12},"end":{"line":125,"column":13}},"60":{"start":{"line":124,"column":16},"end":{"line":124,"column":22}},"61":{"start":{"line":126,"column":23},"end":{"line":126,"column":36}},"62":{"start":{"line":127,"column":26},"end":{"line":127,"column":28}},"63":{"start":{"line":128,"column":12},"end":{"line":166,"column":14}},"64":{"start":{"line":130,"column":30},"end":{"line":130,"column":52}},"65":{"start":{"line":131,"column":34},"end":{"line":131,"column":80}},"66":{"start":{"line":132,"column":33},"end":{"line":132,"column":78}},"67":{"start":{"line":134,"column":16},"end":{"line":136,"column":17}},"68":{"start":{"line":135,"column":20},"end":{"line":135,"column":91}},"69":{"start":{"line":137,"column":16},"end":{"line":139,"column":17}},"70":{"start":{"line":138,"column":20},"end":{"line":138,"column":91}},"71":{"start":{"line":141,"column":16},"end":{"line":149,"column":17}},"72":{"start":{"line":143,"column":20},"end":{"line":148,"column":21}},"73":{"start":{"line":144,"column":40},"end":{"line":144,"column":75}},"74":{"start":{"line":145,"column":24},"end":{"line":145,"column":50}},"75":{"start":{"line":147,"column":24},"end":{"line":147,"column":114}},"76":{"start":{"line":151,"column":16},"end":{"line":153,"column":17}},"77":{"start":{"line":152,"column":20},"end":{"line":152,"column":55}},"78":{"start":{"line":155,"column":16},"end":{"line":161,"column":18}},"79":{"start":{"line":156,"column":20},"end":{"line":156,"column":99}},"80":{"start":{"line":159,"column":20},"end":{"line":159,"column":36}},"81":{"start":{"line":160,"column":20},"end":{"line":160,"column":121}},"82":{"start":{"line":165,"column":16},"end":{"line":165,"column":106}},"83":{"start":{"line":170,"column":12},"end":{"line":170,"column":30}},"84":{"start":{"line":171,"column":12},"end":{"line":171,"column":103}},"85":{"start":{"line":175,"column":28},"end":{"line":200,"column":5}},"86":{"start":{"line":176,"column":8},"end":{"line":199,"column":9}},"87":{"start":{"line":178,"column":12},"end":{"line":180,"column":13}},"88":{"start":{"line":179,"column":16},"end":{"line":179,"column":22}},"89":{"start":{"line":182,"column":21},"end":{"line":182,"column":34}},"90":{"start":{"line":184,"column":12},"end":{"line":193,"column":14}},"91":{"start":{"line":186,"column":16},"end":{"line":188,"column":18}},"92":{"start":{"line":187,"column":24},"end":{"line":187,"column":107}},"93":{"start":{"line":192,"column":16},"end":{"line":192,"column":103}},"94":{"start":{"line":197,"column":12},"end":{"line":197,"column":30}},"95":{"start":{"line":198,"column":12},"end":{"line":198,"column":103}}},"fnMap":{"0":{"name":"(anonymous_0)","decl":{"start":{"line":8,"column":27},"end":{"line":8,"column":28}},"loc":{"start":{"line":8,"column":46},"end":{"line":53,"column":5}},"line":8},"1":{"name":"(anonymous_1)","decl":{"start":{"line":55,"column":29},"end":{"line":55,"column":30}},"loc":{"start":{"line":55,"column":48},"end":{"line":77,"column":5}},"line":55},"2":{"name":"(anonymous_2)","decl":{"start":{"line":64,"column":39},"end":{"line":64,"column":40}},"loc":{"start":{"line":64,"column":58},"end":{"line":69,"column":13}},"line":64},"3":{"name":"(anonymous_3)","decl":{"start":{"line":70,"column":19},"end":{"line":70,"column":20}},"loc":{"start":{"line":70,"column":28},"end":{"line":72,"column":13}},"line":70},"4":{"name":"(anonymous_4)","decl":{"start":{"line":79,"column":30},"end":{"line":79,"column":31}},"loc":{"start":{"line":79,"column":49},"end":{"line":118,"column":5}},"line":79},"5":{"name":"(anonymous_5)","decl":{"start":{"line":99,"column":36},"end":{"line":99,"column":37}},"loc":{"start":{"line":99,"column":42},"end":{"line":101,"column":17}},"line":99},"6":{"name":"(anonymous_6)","decl":{"start":{"line":102,"column":23},"end":{"line":102,"column":24}},"loc":{"start":{"line":102,"column":31},"end":{"line":105,"column":17}},"line":102},"7":{"name":"(anonymous_7)","decl":{"start":{"line":120,"column":30},"end":{"line":120,"column":31}},"loc":{"start":{"line":120,"column":48},"end":{"line":173,"column":5}},"line":120},"8":{"name":"(anonymous_8)","decl":{"start":{"line":128,"column":39},"end":{"line":128,"column":40}},"loc":{"start":{"line":128,"column":51},"end":{"line":162,"column":13}},"line":128},"9":{"name":"(anonymous_9)","decl":{"start":{"line":155,"column":70},"end":{"line":155,"column":71}},"loc":{"start":{"line":155,"column":74},"end":{"line":157,"column":17}},"line":155},"10":{"name":"(anonymous_10)","decl":{"start":{"line":158,"column":23},"end":{"line":158,"column":24}},"loc":{"start":{"line":158,"column":32},"end":{"line":161,"column":17}},"line":158},"11":{"name":"(anonymous_11)","decl":{"start":{"line":163,"column":19},"end":{"line":163,"column":20}},"loc":{"start":{"line":163,"column":26},"end":{"line":166,"column":13}},"line":163},"12":{"name":"(anonymous_12)","decl":{"start":{"line":175,"column":28},"end":{"line":175,"column":29}},"loc":{"start":{"line":175,"column":47},"end":{"line":200,"column":5}},"line":175},"13":{"name":"(anonymous_13)","decl":{"start":{"line":184,"column":45},"end":{"line":184,"column":46}},"loc":{"start":{"line":184,"column":51},"end":{"line":189,"column":13}},"line":184},"14":{"name":"(anonymous_14)","decl":{"start":{"line":186,"column":52},"end":{"line":186,"column":53}},"loc":{"start":{"line":186,"column":58},"end":{"line":188,"column":17}},"line":186},"15":{"name":"(anonymous_15)","decl":{"start":{"line":190,"column":19},"end":{"line":190,"column":20}},"loc":{"start":{"line":190,"column":28},"end":{"line":193,"column":13}},"line":190}},"branchMap":{"0":{"loc":{"start":{"line":12,"column":12},"end":{"line":14,"column":13}},"type":"if","locations":[{"start":{"line":12,"column":12},"end":{"line":14,"column":13}},{"start":{},"end":{}}],"line":12},"1":{"loc":{"start":{"line":21,"column":22},"end":{"line":21,"column":41}},"type":"binary-expr","locations":[{"start":{"line":21,"column":22},"end":{"line":21,"column":36}},{"start":{"line":21,"column":40},"end":{"line":21,"column":41}}],"line":21},"2":{"loc":{"start":{"line":22,"column":23},"end":{"line":22,"column":73}},"type":"cond-expr","locations":[{"start":{"line":22,"column":47},"end":{"line":22,"column":48}},{"start":{"line":22,"column":51},"end":{"line":22,"column":73}}],"line":22},"3":{"loc":{"start":{"line":22,"column":51},"end":{"line":22,"column":73}},"type":"binary-expr","locations":[{"start":{"line":22,"column":51},"end":{"line":22,"column":68}},{"start":{"line":22,"column":72},"end":{"line":22,"column":73}}],"line":22},"4":{"loc":{"start":{"line":25,"column":12},"end":{"line":47,"column":13}},"type":"if","locations":[{"start":{"line":25,"column":12},"end":{"line":47,"column":13}},{"start":{"line":37,"column":16},"end":{"line":47,"column":13}}],"line":25},"5":{"loc":{"start":{"line":58,"column":12},"end":{"line":60,"column":13}},"type":"if","locations":[{"start":{"line":58,"column":12},"end":{"line":60,"column":13}},{"start":{},"end":{}}],"line":58},"6":{"loc":{"start":{"line":87,"column":12},"end":{"line":112,"column":13}},"type":"if","locations":[{"start":{"line":87,"column":12},"end":{"line":112,"column":13}},{"start":{"line":107,"column":17},"end":{"line":112,"column":13}}],"line":87},"7":{"loc":{"start":{"line":87,"column":15},"end":{"line":87,"column":42}},"type":"binary-expr","locations":[{"start":{"line":87,"column":15},"end":{"line":87,"column":27}},{"start":{"line":87,"column":31},"end":{"line":87,"column":42}}],"line":87},"8":{"loc":{"start":{"line":89,"column":16},"end":{"line":91,"column":17}},"type":"if","locations":[{"start":{"line":89,"column":16},"end":{"line":91,"column":17}},{"start":{},"end":{}}],"line":89},"9":{"loc":{"start":{"line":107,"column":17},"end":{"line":112,"column":13}},"type":"if","locations":[{"start":{"line":107,"column":17},"end":{"line":112,"column":13}},{"start":{"line":110,"column":17},"end":{"line":112,"column":13}}],"line":107},"10":{"loc":{"start":{"line":110,"column":17},"end":{"line":112,"column":13}},"type":"if","locations":[{"start":{"line":110,"column":17},"end":{"line":112,"column":13}},{"start":{},"end":{}}],"line":110},"11":{"loc":{"start":{"line":123,"column":12},"end":{"line":125,"column":13}},"type":"if","locations":[{"start":{"line":123,"column":12},"end":{"line":125,"column":13}},{"start":{},"end":{}}],"line":123},"12":{"loc":{"start":{"line":134,"column":16},"end":{"line":136,"column":17}},"type":"if","locations":[{"start":{"line":134,"column":16},"end":{"line":136,"column":17}},{"start":{},"end":{}}],"line":134},"13":{"loc":{"start":{"line":137,"column":16},"end":{"line":139,"column":17}},"type":"if","locations":[{"start":{"line":137,"column":16},"end":{"line":139,"column":17}},{"start":{},"end":{}}],"line":137},"14":{"loc":{"start":{"line":141,"column":16},"end":{"line":149,"column":17}},"type":"if","locations":[{"start":{"line":141,"column":16},"end":{"line":149,"column":17}},{"start":{},"end":{}}],"line":141},"15":{"loc":{"start":{"line":143,"column":20},"end":{"line":148,"column":21}},"type":"if","locations":[{"start":{"line":143,"column":20},"end":{"line":148,"column":21}},{"start":{"line":146,"column":25},"end":{"line":148,"column":21}}],"line":143},"16":{"loc":{"start":{"line":151,"column":16},"end":{"line":153,"column":17}},"type":"if","locations":[{"start":{"line":151,"column":16},"end":{"line":153,"column":17}},{"start":{},"end":{}}],"line":151},"17":{"loc":{"start":{"line":178,"column":12},"end":{"line":180,"column":13}},"type":"if","locations":[{"start":{"line":178,"column":12},"end":{"line":180,"column":13}},{"start":{},"end":{}}],"line":178}},"s":{"0":8,"1":2,"2":2,"3":0,"4":2,"5":2,"6":2,"7":2,"8":1,"9":1,"10":1,"11":1,"12":1,"13":5,"14":1,"15":1,"16":1,"17":1,"18":1,"19":1,"20":1,"21":1,"22":0,"23":0,"24":8,"25":2,"26":2,"27":0,"28":2,"29":2,"30":1,"31":1,"32":1,"33":1,"34":0,"35":0,"36":8,"37":5,"38":5,"39":5,"40":5,"41":5,"42":3,"43":1,"44":2,"45":2,"46":2,"47":2,"48":2,"49":1,"50":1,"51":2,"52":1,"53":1,"54":1,"55":0,"56":0,"57":8,"58":5,"59":5,"60":0,"61":5,"62":5,"63":5,"64":4,"65":4,"66":4,"67":4,"68":1,"69":4,"70":1,"71":4,"72":1,"73":0,"74":0,"75":1,"76":4,"77":3,"78":1,"79":1,"80":0,"81":0,"82":1,"83":0,"84":0,"85":8,"86":2,"87":2,"88":0,"89":2,"90":2,"91":1,"92":1,"93":1,"94":0,"95":0},"f":{"0":2,"1":2,"2":1,"3":1,"4":5,"5":1,"6":1,"7":5,"8":4,"9":1,"10":0,"11":1,"12":2,"13":1,"14":1,"15":1},"b":{"0":[0,2],"1":[2,2],"2":[0,2],"3":[2,2],"4":[1,1],"5":[0,2],"6":[3,2],"7":[5,4],"8":[1,2],"9":[1,1],"10":[1,0],"11":[0,5],"12":[1,3],"13":[1,3],"14":[1,3],"15":[0,1],"16":[3,1],"17":[0,2]},"_coverageSchema":"1a1c01bbd47fc00a2c39e90264f33305004495a9","hash":"4fe1f243f96b34659004aa0391795eddcf51c66b"}
,"/home/mirelle/Documentos/revisao-da-api-de-matematica/src/middleware/AuthMiddleware.js": {"path":"/home/mirelle/Documentos/revisao-da-api-de-matematica/src/middleware/AuthMiddleware.js","statementMap":{"0":{"start":{"line":4,"column":23},"end":{"line":24,"column":1}},"1":{"start":{"line":5,"column":2},"end":{"line":22,"column":3}},"2":{"start":{"line":6,"column":17},"end":{"line":6,"column":42}},"3":{"start":{"line":8,"column":4},"end":{"line":10,"column":5}},"4":{"start":{"line":9,"column":6},"end":{"line":9,"column":108}},"5":{"start":{"line":12,"column":22},"end":{"line":12,"column":37}},"6":{"start":{"line":14,"column":25},"end":{"line":14,"column":79}},"7":{"start":{"line":15,"column":4},"end":{"line":18,"column":5}},"8":{"start":{"line":16,"column":6},"end":{"line":16,"column":36}},"9":{"start":{"line":17,"column":6},"end":{"line":17,"column":13}},"10":{"start":{"line":21,"column":4},"end":{"line":21,"column":92}}},"fnMap":{"0":{"name":"(anonymous_0)","decl":{"start":{"line":4,"column":23},"end":{"line":4,"column":24}},"loc":{"start":{"line":4,"column":49},"end":{"line":24,"column":1}},"line":4}},"branchMap":{"0":{"loc":{"start":{"line":8,"column":4},"end":{"line":10,"column":5}},"type":"if","locations":[{"start":{"line":8,"column":4},"end":{"line":10,"column":5}},{"start":{},"end":{}}],"line":8},"1":{"loc":{"start":{"line":15,"column":4},"end":{"line":18,"column":5}},"type":"if","locations":[{"start":{"line":15,"column":4},"end":{"line":18,"column":5}},{"start":{},"end":{}}],"line":15}},"s":{"0":7,"1":56,"2":56,"3":56,"4":1,"5":55,"6":55,"7":54,"8":54,"9":54,"10":1},"f":{"0":56},"b":{"0":[1,55],"1":[54,0]},"_coverageSchema":"1a1c01bbd47fc00a2c39e90264f33305004495a9","hash":"92e823655ebbf6ba2a681dd6dc68f3eb7b0480ac"}
,"/home/mirelle/Documentos/revisao-da-api-de-matematica/src/middleware/AuthPermissao.js": {"path":"/home/mirelle/Documentos/revisao-da-api-de-matematica/src/middleware/AuthPermissao.js","statementMap":{"0":{"start":{"line":7,"column":15},"end":{"line":7,"column":17}},"1":{"start":{"line":9,"column":18},"end":{"line":18,"column":1}},"2":{"start":{"line":10,"column":22},"end":{"line":10,"column":58}},"3":{"start":{"line":11,"column":18},"end":{"line":11,"column":72}},"4":{"start":{"line":12,"column":4},"end":{"line":12,"column":29}},"5":{"start":{"line":13,"column":4},"end":{"line":17,"column":5}},"6":{"start":{"line":14,"column":8},"end":{"line":14,"column":112}},"7":{"start":{"line":16,"column":8},"end":{"line":16,"column":27}},"8":{"start":{"line":23,"column":32},"end":{"line":115,"column":5}},"9":{"start":{"line":26,"column":8},"end":{"line":26,"column":26}},"10":{"start":{"line":29,"column":29},"end":{"line":29,"column":74}},"11":{"start":{"line":32,"column":8},"end":{"line":34,"column":9}},"12":{"start":{"line":33,"column":12},"end":{"line":33,"column":131}},"13":{"start":{"line":37,"column":21},"end":{"line":37,"column":74}},"14":{"start":{"line":40,"column":8},"end":{"line":42,"column":9}},"15":{"start":{"line":41,"column":12},"end":{"line":41,"column":174}},"16":{"start":{"line":45,"column":8},"end":{"line":47,"column":9}},"17":{"start":{"line":46,"column":12},"end":{"line":46,"column":198}},"18":{"start":{"line":50,"column":8},"end":{"line":52,"column":9}},"19":{"start":{"line":51,"column":12},"end":{"line":51,"column":230}},"20":{"start":{"line":56,"column":19},"end":{"line":56,"column":59}},"21":{"start":{"line":57,"column":8},"end":{"line":57,"column":78}},"22":{"start":{"line":60,"column":8},"end":{"line":87,"column":9}},"23":{"start":{"line":60,"column":21},"end":{"line":60,"column":22}},"24":{"start":{"line":61,"column":12},"end":{"line":86,"column":13}},"25":{"start":{"line":62,"column":16},"end":{"line":85,"column":17}},"26":{"start":{"line":63,"column":20},"end":{"line":81,"column":21}},"27":{"start":{"line":65,"column":24},"end":{"line":77,"column":25}},"28":{"start":{"line":66,"column":28},"end":{"line":73,"column":29}},"29":{"start":{"line":66,"column":41},"end":{"line":66,"column":42}},"30":{"start":{"line":67,"column":32},"end":{"line":72,"column":33}},"31":{"start":{"line":68,"column":36},"end":{"line":71,"column":37}},"32":{"start":{"line":69,"column":40},"end":{"line":69,"column":58}},"33":{"start":{"line":70,"column":40},"end":{"line":70,"column":53}},"34":{"start":{"line":75,"column":28},"end":{"line":75,"column":49}},"35":{"start":{"line":76,"column":28},"end":{"line":76,"column":150}},"36":{"start":{"line":80,"column":24},"end":{"line":80,"column":224}},"37":{"start":{"line":84,"column":20},"end":{"line":84,"column":191}},"38":{"start":{"line":90,"column":8},"end":{"line":111,"column":9}},"39":{"start":{"line":90,"column":21},"end":{"line":90,"column":22}},"40":{"start":{"line":91,"column":12},"end":{"line":110,"column":13}},"41":{"start":{"line":92,"column":16},"end":{"line":107,"column":17}},"42":{"start":{"line":92,"column":29},"end":{"line":92,"column":30}},"43":{"start":{"line":93,"column":20},"end":{"line":106,"column":21}},"44":{"start":{"line":94,"column":24},"end":{"line":105,"column":25}},"45":{"start":{"line":96,"column":28},"end":{"line":102,"column":29}},"46":{"start":{"line":98,"column":32},"end":{"line":98,"column":50}},"47":{"start":{"line":99,"column":32},"end":{"line":99,"column":45}},"48":{"start":{"line":101,"column":32},"end":{"line":101,"column":220}},"49":{"start":{"line":104,"column":28},"end":{"line":104,"column":218}},"50":{"start":{"line":109,"column":16},"end":{"line":109,"column":140}},"51":{"start":{"line":112,"column":8},"end":{"line":114,"column":9}},"52":{"start":{"line":113,"column":12},"end":{"line":113,"column":48}}},"fnMap":{"0":{"name":"(anonymous_0)","decl":{"start":{"line":9,"column":18},"end":{"line":9,"column":19}},"loc":{"start":{"line":9,"column":33},"end":{"line":18,"column":1}},"line":9},"1":{"name":"(anonymous_1)","decl":{"start":{"line":23,"column":32},"end":{"line":23,"column":33}},"loc":{"start":{"line":23,"column":74},"end":{"line":115,"column":5}},"line":23}},"branchMap":{"0":{"loc":{"start":{"line":13,"column":4},"end":{"line":17,"column":5}},"type":"if","locations":[{"start":{"line":13,"column":4},"end":{"line":17,"column":5}},{"start":{"line":15,"column":11},"end":{"line":17,"column":5}}],"line":13},"1":{"loc":{"start":{"line":32,"column":8},"end":{"line":34,"column":9}},"type":"if","locations":[{"start":{"line":32,"column":8},"end":{"line":34,"column":9}},{"start":{},"end":{}}],"line":32},"2":{"loc":{"start":{"line":40,"column":8},"end":{"line":42,"column":9}},"type":"if","locations":[{"start":{"line":40,"column":8},"end":{"line":42,"column":9}},{"start":{},"end":{}}],"line":40},"3":{"loc":{"start":{"line":45,"column":8},"end":{"line":47,"column":9}},"type":"if","locations":[{"start":{"line":45,"column":8},"end":{"line":47,"column":9}},{"start":{},"end":{}}],"line":45},"4":{"loc":{"start":{"line":50,"column":8},"end":{"line":52,"column":9}},"type":"if","locations":[{"start":{"line":50,"column":8},"end":{"line":52,"column":9}},{"start":{},"end":{}}],"line":50},"5":{"loc":{"start":{"line":61,"column":12},"end":{"line":86,"column":13}},"type":"if","locations":[{"start":{"line":61,"column":12},"end":{"line":86,"column":13}},{"start":{},"end":{}}],"line":61},"6":{"loc":{"start":{"line":62,"column":16},"end":{"line":85,"column":17}},"type":"if","locations":[{"start":{"line":62,"column":16},"end":{"line":85,"column":17}},{"start":{"line":83,"column":21},"end":{"line":85,"column":17}}],"line":62},"7":{"loc":{"start":{"line":63,"column":20},"end":{"line":81,"column":21}},"type":"if","locations":[{"start":{"line":63,"column":20},"end":{"line":81,"column":21}},{"start":{"line":79,"column":25},"end":{"line":81,"column":21}}],"line":63},"8":{"loc":{"start":{"line":67,"column":32},"end":{"line":72,"column":33}},"type":"if","locations":[{"start":{"line":67,"column":32},"end":{"line":72,"column":33}},{"start":{},"end":{}}],"line":67},"9":{"loc":{"start":{"line":68,"column":36},"end":{"line":71,"column":37}},"type":"if","locations":[{"start":{"line":68,"column":36},"end":{"line":71,"column":37}},{"start":{},"end":{}}],"line":68},"10":{"loc":{"start":{"line":91,"column":12},"end":{"line":110,"column":13}},"type":"if","locations":[{"start":{"line":91,"column":12},"end":{"line":110,"column":13}},{"start":{"line":108,"column":19},"end":{"line":110,"column":13}}],"line":91},"11":{"loc":{"start":{"line":93,"column":20},"end":{"line":106,"column":21}},"type":"if","locations":[{"start":{"line":93,"column":20},"end":{"line":106,"column":21}},{"start":{},"end":{}}],"line":93},"12":{"loc":{"start":{"line":94,"column":24},"end":{"line":105,"column":25}},"type":"if","locations":[{"start":{"line":94,"column":24},"end":{"line":105,"column":25}},{"start":{"line":103,"column":31},"end":{"line":105,"column":25}}],"line":94},"13":{"loc":{"start":{"line":96,"column":28},"end":{"line":102,"column":29}},"type":"if","locations":[{"start":{"line":96,"column":28},"end":{"line":102,"column":29}},{"start":{"line":100,"column":35},"end":{"line":102,"column":29}}],"line":96},"14":{"loc":{"start":{"line":112,"column":8},"end":{"line":114,"column":9}},"type":"if","locations":[{"start":{"line":112,"column":8},"end":{"line":114,"column":9}},{"start":{},"end":{}}],"line":112}},"s":{"0":11,"1":11,"2":42,"3":42,"4":42,"5":42,"6":0,"7":42,"8":11,"9":42,"10":42,"11":42,"12":0,"13":42,"14":42,"15":0,"16":42,"17":0,"18":42,"19":0,"20":42,"21":42,"22":42,"23":42,"24":191,"25":31,"26":31,"27":31,"28":31,"29":31,"30":191,"31":31,"32":31,"33":31,"34":0,"35":0,"36":0,"37":0,"38":11,"39":11,"40":11,"41":11,"42":11,"43":55,"44":11,"45":11,"46":11,"47":11,"48":0,"49":0,"50":0,"51":0,"52":0},"f":{"0":42,"1":42},"b":{"0":[0,42],"1":[0,42],"2":[0,42],"3":[0,42],"4":[0,42],"5":[31,160],"6":[31,0],"7":[31,0],"8":[31,160],"9":[31,0],"10":[11,0],"11":[11,44],"12":[11,0],"13":[11,0],"14":[0,0]},"_coverageSchema":"1a1c01bbd47fc00a2c39e90264f33305004495a9","hash":"901a6677197c98f5386c1800221a8637014691bb"}
,"/home/mirelle/Documentos/revisao-da-api-de-matematica/src/models/Curso.js": {"path":"/home/mirelle/Documentos/revisao-da-api-de-matematica/src/models/Curso.js","statementMap":{"0":{"start":{"line":4,"column":20},"end":{"line":36,"column":1}},"1":{"start":{"line":38,"column":0},"end":{"line":38,"column":37}},"2":{"start":{"line":39,"column":14},"end":{"line":39,"column":50}}},"fnMap":{},"branchMap":{},"s":{"0":9,"1":9,"2":9},"f":{},"b":{},"_coverageSchema":"1a1c01bbd47fc00a2c39e90264f33305004495a9","hash":"dbcd7533f9b70c1f9f5d86847cdfb8d6e958a7d2"}
,"/home/mirelle/Documentos/revisao-da-api-de-matematica/src/models/Grupo.js": {"path":"/home/mirelle/Documentos/revisao-da-api-de-matematica/src/models/Grupo.js","statementMap":{"0":{"start":{"line":4,"column":20},"end":{"line":25,"column":1}},"1":{"start":{"line":27,"column":0},"end":{"line":27,"column":37}},"2":{"start":{"line":29,"column":14},"end":{"line":29,"column":50}}},"fnMap":{},"branchMap":{},"s":{"0":11,"1":11,"2":11},"f":{},"b":{},"_coverageSchema":"1a1c01bbd47fc00a2c39e90264f33305004495a9","hash":"5e1feab1fd29183bc59d06fe26a1da508978a42d"}
,"/home/mirelle/Documentos/revisao-da-api-de-matematica/src/models/Matricula.js": {"path":"/home/mirelle/Documentos/revisao-da-api-de-matematica/src/models/Matricula.js","statementMap":{"0":{"start":{"line":4,"column":24},"end":{"line":23,"column":1}},"1":{"start":{"line":25,"column":0},"end":{"line":25,"column":41}},"2":{"start":{"line":27,"column":18},"end":{"line":27,"column":62}}},"fnMap":{},"branchMap":{},"s":{"0":8,"1":8,"2":8},"f":{},"b":{},"_coverageSchema":"1a1c01bbd47fc00a2c39e90264f33305004495a9","hash":"bb6c67978dc77f23f7d64f86dbd19b9df0f1d012"}
,"/home/mirelle/Documentos/revisao-da-api-de-matematica/src/models/Rota.js": {"path":"/home/mirelle/Documentos/revisao-da-api-de-matematica/src/models/Rota.js","statementMap":{"0":{"start":{"line":4,"column":19},"end":{"line":19,"column":1}},"1":{"start":{"line":21,"column":0},"end":{"line":21,"column":36}},"2":{"start":{"line":23,"column":13},"end":{"line":23,"column":47}}},"fnMap":{},"branchMap":{},"s":{"0":12,"1":12,"2":12},"f":{},"b":{},"_coverageSchema":"1a1c01bbd47fc00a2c39e90264f33305004495a9","hash":"cf5654fac4149e34be6921cb35d56087713f62f1"}
,"/home/mirelle/Documentos/revisao-da-api-de-matematica/src/models/Usuario.js": {"path":"/home/mirelle/Documentos/revisao-da-api-de-matematica/src/models/Usuario.js","statementMap":{"0":{"start":{"line":4,"column":22},"end":{"line":36,"column":1}},"1":{"start":{"line":39,"column":0},"end":{"line":39,"column":39}},"2":{"start":{"line":41,"column":16},"end":{"line":41,"column":56}}},"fnMap":{},"branchMap":{},"s":{"0":11,"1":11,"2":11},"f":{},"b":{},"_coverageSchema":"1a1c01bbd47fc00a2c39e90264f33305004495a9","hash":"dddf9565e63e7b10d933c2e1dda4438bc2992467"}
,"/home/mirelle/Documentos/revisao-da-api-de-matematica/src/routes/AutenticacaoRoutes.js": {"path":"/home/mirelle/Documentos/revisao-da-api-de-matematica/src/routes/AutenticacaoRoutes.js","statementMap":{"0":{"start":{"line":4,"column":15},"end":{"line":4,"column":31}},"1":{"start":{"line":58,"column":0},"end":{"line":59,"column":49}}},"fnMap":{},"branchMap":{},"s":{"0":7,"1":7},"f":{},"b":{},"_coverageSchema":"1a1c01bbd47fc00a2c39e90264f33305004495a9","hash":"f2d744dc39a3dcacaff5da5474adc6c243cad91d"}
,"/home/mirelle/Documentos/revisao-da-api-de-matematica/src/routes/cursosRoutes.js": {"path":"/home/mirelle/Documentos/revisao-da-api-de-matematica/src/routes/cursosRoutes.js","statementMap":{"0":{"start":{"line":6,"column":15},"end":{"line":6,"column":31}},"1":{"start":{"line":303,"column":0},"end":{"line":308,"column":72}}},"fnMap":{},"branchMap":{},"s":{"0":7,"1":7},"f":{},"b":{},"_coverageSchema":"1a1c01bbd47fc00a2c39e90264f33305004495a9","hash":"fbb1d29dc99303e2488f9fb670ab7c5d6a60f75b"}
,"/home/mirelle/Documentos/revisao-da-api-de-matematica/src/routes/gruposRoutes.js": {"path":"/home/mirelle/Documentos/revisao-da-api-de-matematica/src/routes/gruposRoutes.js","statementMap":{"0":{"start":{"line":5,"column":15},"end":{"line":5,"column":31}},"1":{"start":{"line":282,"column":0},"end":{"line":287,"column":72}}},"fnMap":{},"branchMap":{},"s":{"0":7,"1":7},"f":{},"b":{},"_coverageSchema":"1a1c01bbd47fc00a2c39e90264f33305004495a9","hash":"47a9fa61d30fdba77a44a7536ed48397402442fe"}
,"/home/mirelle/Documentos/revisao-da-api-de-matematica/src/routes/index.js": {"path":"/home/mirelle/Documentos/revisao-da-api-de-matematica/src/routes/index.js","statementMap":{"0":{"start":{"line":252,"column":15},"end":{"line":267,"column":1}},"1":{"start":{"line":253,"column":4},"end":{"line":255,"column":6}},"2":{"start":{"line":254,"column":8},"end":{"line":254,"column":41}},"3":{"start":{"line":257,"column":4},"end":{"line":266,"column":5}}},"fnMap":{"0":{"name":"(anonymous_0)","decl":{"start":{"line":252,"column":15},"end":{"line":252,"column":16}},"loc":{"start":{"line":252,"column":24},"end":{"line":267,"column":1}},"line":252},"1":{"name":"(anonymous_1)","decl":{"start":{"line":253,"column":23},"end":{"line":253,"column":24}},"loc":{"start":{"line":253,"column":37},"end":{"line":255,"column":5}},"line":253}},"branchMap":{},"s":{"0":7,"1":7,"2":0,"3":7},"f":{"0":7,"1":0},"b":{},"_coverageSchema":"1a1c01bbd47fc00a2c39e90264f33305004495a9","hash":"2df0f9b03f4ee4702db9dcee0ff472c15e2123b6"}
,"/home/mirelle/Documentos/revisao-da-api-de-matematica/src/routes/matriculaRoutes.js": {"path":"/home/mirelle/Documentos/revisao-da-api-de-matematica/src/routes/matriculaRoutes.js","statementMap":{"0":{"start":{"line":6,"column":15},"end":{"line":6,"column":31}},"1":{"start":{"line":276,"column":0},"end":{"line":281,"column":84}}},"fnMap":{},"branchMap":{},"s":{"0":7,"1":7},"f":{},"b":{},"_coverageSchema":"1a1c01bbd47fc00a2c39e90264f33305004495a9","hash":"c040f86c37ec93d32923a4ff3944d37f25d4bfbb"}
,"/home/mirelle/Documentos/revisao-da-api-de-matematica/src/routes/rotasRoutes.js": {"path":"/home/mirelle/Documentos/revisao-da-api-de-matematica/src/routes/rotasRoutes.js","statementMap":{"0":{"start":{"line":5,"column":15},"end":{"line":5,"column":31}},"1":{"start":{"line":281,"column":0},"end":{"line":286,"column":69}}},"fnMap":{},"branchMap":{},"s":{"0":7,"1":7},"f":{},"b":{},"_coverageSchema":"1a1c01bbd47fc00a2c39e90264f33305004495a9","hash":"2b45ae37a64a998d36f5c7e715a389f9c681f055"}
,"/home/mirelle/Documentos/revisao-da-api-de-matematica/src/routes/usuariosRoutes.js": {"path":"/home/mirelle/Documentos/revisao-da-api-de-matematica/src/routes/usuariosRoutes.js","statementMap":{"0":{"start":{"line":5,"column":15},"end":{"line":5,"column":31}},"1":{"start":{"line":289,"column":0},"end":{"line":294,"column":78}}},"fnMap":{},"branchMap":{},"s":{"0":7,"1":7},"f":{},"b":{},"_coverageSchema":"1a1c01bbd47fc00a2c39e90264f33305004495a9","hash":"7efdc5fb28d63cfaa8a76c534876b3c85bd7eff1"}
}
