TN:
SF:src/app.js
FN:9,(anonymous_0)
FNF:1
FNH:1
FNDA:7,(anonymous_0)
DA:8,7
DA:9,7
DA:10,7
DA:14,7
DA:17,7
DA:19,7
LF:6
LH:6
BRF:0
BRH:0
end_of_record
TN:
SF:src/config/dbConect.js
FN:9,(anonymous_0)
FN:11,(anonymous_1)
FNF:2
FNH:1
FNDA:7,(anonymous_0)
FNDA:0,(anonymous_1)
DA:4,7
DA:6,7
DA:10,7
DA:12,0
DA:16,7
LF:5
LH:4
BRF:0
BRH:0
end_of_record
TN:
SF:src/controllers/AutenticacaoController.js
FN:7,(anonymous_0)
FNF:1
FNH:1
FNDA:10,(anonymous_0)
DA:7,7
DA:9,10
DA:10,10
DA:13,10
DA:14,2
DA:17,8
DA:18,1
DA:21,7
DA:22,0
DA:25,7
LF:10
LH:9
BRDA:10,0,0,10
BRDA:10,0,1,2
BRDA:13,1,0,2
BRDA:13,1,1,8
BRDA:17,2,0,1
BRDA:17,2,1,7
BRDA:21,3,0,0
BRDA:21,3,1,7
BRF:8
BRH:7
end_of_record
TN:
SF:src/controllers/CursoController.js
FN:6,(anonymous_0)
FN:42,(anonymous_1)
FN:51,(anonymous_2)
FN:56,(anonymous_3)
FN:68,(anonymous_4)
FN:81,(anonymous_5)
FN:84,(anonymous_6)
FN:98,(anonymous_7)
FN:106,(anonymous_8)
FN:113,(anonymous_9)
FN:116,(anonymous_10)
FN:121,(anonymous_11)
FN:133,(anonymous_12)
FN:142,(anonymous_13)
FN:143,(anonymous_14)
FN:147,(anonymous_15)
FNF:16
FNH:14
FNDA:3,(anonymous_0)
FNDA:1,(anonymous_1)
FNDA:1,(anonymous_2)
FNDA:0,(anonymous_3)
FNDA:3,(anonymous_4)
FNDA:1,(anonymous_5)
FNDA:1,(anonymous_6)
FNDA:2,(anonymous_7)
FNDA:1,(anonymous_8)
FNDA:1,(anonymous_9)
FNDA:0,(anonymous_10)
FNDA:1,(anonymous_11)
FNDA:2,(anonymous_12)
FNDA:1,(anonymous_13)
FNDA:1,(anonymous_14)
FNDA:1,(anonymous_15)
DA:6,8
DA:7,3
DA:9,3
DA:10,0
DA:13,3
DA:14,3
DA:16,3
DA:22,3
DA:23,1
DA:24,1
DA:26,1
DA:29,2
DA:30,2
DA:32,2
DA:38,0
DA:42,8
DA:43,1
DA:45,1
DA:46,0
DA:49,1
DA:51,1
DA:54,1
DA:58,0
DA:64,0
DA:68,8
DA:69,3
DA:71,3
DA:72,0
DA:75,3
DA:77,3
DA:79,3
DA:81,2
DA:82,1
DA:86,1
DA:88,1
DA:89,1
DA:94,0
DA:98,8
DA:99,2
DA:101,2
DA:102,0
DA:105,2
DA:106,2
DA:107,1
DA:109,1
DA:110,0
DA:113,1
DA:114,1
DA:118,0
DA:123,1
DA:129,0
DA:133,8
DA:134,2
DA:136,2
DA:137,0
DA:140,2
DA:142,2
DA:143,1
DA:144,1
DA:149,1
DA:155,0
LF:61
LH:48
BRDA:9,0,0,0
BRDA:9,0,1,3
BRDA:18,1,0,3
BRDA:18,1,1,3
BRDA:19,2,0,0
BRDA:19,2,1,3
BRDA:19,3,0,3
BRDA:19,3,1,3
BRDA:22,4,0,1
BRDA:22,4,1,2
BRDA:45,5,0,0
BRDA:45,5,1,1
BRDA:71,6,0,0
BRDA:71,6,1,3
BRDA:79,7,0,2
BRDA:79,7,1,1
BRDA:88,8,0,1
BRDA:88,8,1,0
BRDA:101,9,0,0
BRDA:101,9,1,2
BRDA:109,10,0,0
BRDA:109,10,1,1
BRDA:136,11,0,0
BRDA:136,11,1,2
BRF:24
BRH:16
end_of_record
TN:
SF:src/controllers/GrupoController.js
FN:6,(anonymous_0)
FN:44,(anonymous_1)
FN:53,(anonymous_2)
FN:57,(anonymous_3)
FN:68,(anonymous_4)
FN:80,(anonymous_5)
FN:82,(anonymous_6)
FN:97,(anonymous_7)
FN:106,(anonymous_8)
FN:114,(anonymous_9)
FN:117,(anonymous_10)
FN:123,(anonymous_11)
FN:135,(anonymous_12)
FN:144,(anonymous_13)
FN:146,(anonymous_14)
FN:150,(anonymous_15)
FNF:16
FNH:15
FNDA:2,(anonymous_0)
FNDA:2,(anonymous_1)
FNDA:1,(anonymous_2)
FNDA:1,(anonymous_3)
FNDA:3,(anonymous_4)
FNDA:1,(anonymous_5)
FNDA:1,(anonymous_6)
FNDA:2,(anonymous_7)
FNDA:1,(anonymous_8)
FNDA:1,(anonymous_9)
FNDA:0,(anonymous_10)
FNDA:1,(anonymous_11)
FNDA:2,(anonymous_12)
FNDA:1,(anonymous_13)
FNDA:1,(anonymous_14)
FNDA:1,(anonymous_15)
DA:6,8
DA:8,2
DA:10,2
DA:11,0
DA:14,2
DA:15,2
DA:17,2
DA:23,2
DA:24,1
DA:25,1
DA:27,1
DA:31,1
DA:32,1
DA:34,1
DA:40,0
DA:44,8
DA:45,2
DA:47,2
DA:48,0
DA:51,2
DA:53,2
DA:54,1
DA:55,1
DA:59,1
DA:64,0
DA:68,8
DA:69,3
DA:71,3
DA:72,0
DA:75,3
DA:77,3
DA:79,3
DA:80,2
DA:81,1
DA:83,1
DA:87,1
DA:88,1
DA:93,0
DA:97,8
DA:98,2
DA:100,2
DA:101,0
DA:104,2
DA:106,2
DA:108,1
DA:110,1
DA:111,0
DA:114,1
DA:115,1
DA:119,0
DA:125,1
DA:131,0
DA:135,8
DA:136,2
DA:138,2
DA:139,0
DA:142,2
DA:144,2
DA:146,1
DA:147,1
DA:152,1
DA:157,0
LF:62
LH:50
BRDA:10,0,0,0
BRDA:10,0,1,2
BRDA:19,1,0,2
BRDA:19,1,1,2
BRDA:20,2,0,0
BRDA:20,2,1,2
BRDA:20,3,0,2
BRDA:20,3,1,2
BRDA:23,4,0,1
BRDA:23,4,1,1
BRDA:47,5,0,0
BRDA:47,5,1,2
BRDA:71,6,0,0
BRDA:71,6,1,3
BRDA:79,7,0,2
BRDA:79,7,1,1
BRDA:87,8,0,1
BRDA:87,8,1,0
BRDA:100,9,0,0
BRDA:100,9,1,2
BRDA:110,10,0,0
BRDA:110,10,1,1
BRDA:138,11,0,0
BRDA:138,11,1,2
BRF:24
BRH:16
end_of_record
TN:
SF:src/controllers/MatriculaController.js
FN:8,(anonymous_0)
FN:65,(anonymous_1)
FN:74,(anonymous_2)
FN:80,(anonymous_3)
FN:92,(anonymous_4)
FN:104,(anonymous_5)
FN:107,(anonymous_6)
FN:119,(anonymous_7)
FN:127,(anonymous_8)
FN:129,(anonymous_9)
FN:132,(anonymous_10)
FN:137,(anonymous_11)
FN:149,(anonymous_12)
FN:158,(anonymous_13)
FN:160,(anonymous_14)
FN:165,(anonymous_15)
FNF:16
FNH:15
FNDA:1,(anonymous_0)
FNDA:2,(anonymous_1)
FNDA:1,(anonymous_2)
FNDA:1,(anonymous_3)
FNDA:2,(anonymous_4)
FNDA:1,(anonymous_5)
FNDA:1,(anonymous_6)
FNDA:2,(anonymous_7)
FNDA:2,(anonymous_8)
FNDA:1,(anonymous_9)
FNDA:1,(anonymous_10)
FNDA:0,(anonymous_11)
FNDA:2,(anonymous_12)
FNDA:1,(anonymous_13)
FNDA:1,(anonymous_14)
FNDA:1,(anonymous_15)
DA:8,8
DA:10,1
DA:12,1
DA:13,0
DA:16,1
DA:18,1
DA:24,1
DA:25,1
DA:26,1
DA:27,1
DA:29,1
DA:30,1
DA:34,1
DA:35,1
DA:38,1
DA:60,0
DA:61,0
DA:65,8
DA:66,2
DA:68,2
DA:69,0
DA:72,2
DA:74,2
DA:75,1
DA:76,1
DA:77,1
DA:78,1
DA:82,1
DA:88,0
DA:92,8
DA:93,2
DA:95,2
DA:96,0
DA:99,2
DA:101,2
DA:102,2
DA:104,2
DA:105,1
DA:109,1
DA:115,0
DA:119,8
DA:120,2
DA:122,2
DA:123,0
DA:125,2
DA:127,2
DA:129,2
DA:130,1
DA:134,1
DA:139,0
DA:145,0
DA:149,8
DA:150,2
DA:152,2
DA:153,0
DA:156,2
DA:158,2
DA:160,1
DA:161,1
DA:167,1
DA:172,0
LF:61
LH:49
BRDA:12,0,0,0
BRDA:12,0,1,1
BRDA:19,1,0,1
BRDA:19,1,1,1
BRDA:20,2,0,0
BRDA:20,2,1,1
BRDA:20,3,0,1
BRDA:20,3,1,1
BRDA:68,4,0,0
BRDA:68,4,1,2
BRDA:95,5,0,0
BRDA:95,5,1,2
BRDA:122,6,0,0
BRDA:122,6,1,2
BRDA:152,7,0,0
BRDA:152,7,1,2
BRF:16
BRH:10
end_of_record
TN:
SF:src/controllers/RotasController.js
FN:5,(anonymous_0)
FN:35,(anonymous_1)
FN:40,(anonymous_2)
FN:44,(anonymous_3)
FN:56,(anonymous_4)
FN:65,(anonymous_5)
FN:68,(anonymous_6)
FN:80,(anonymous_7)
FN:89,(anonymous_8)
FN:92,(anonymous_9)
FN:104,(anonymous_10)
FN:113,(anonymous_11)
FN:116,(anonymous_12)
FNF:13
FNH:12
FNDA:2,(anonymous_0)
FNDA:2,(anonymous_1)
FNDA:1,(anonymous_2)
FNDA:1,(anonymous_3)
FNDA:3,(anonymous_4)
FNDA:1,(anonymous_5)
FNDA:1,(anonymous_6)
FNDA:3,(anonymous_7)
FNDA:1,(anonymous_8)
FNDA:1,(anonymous_9)
FNDA:2,(anonymous_10)
FNDA:1,(anonymous_11)
FNDA:0,(anonymous_12)
DA:5,8
DA:7,2
DA:8,2
DA:9,2
DA:11,2
DA:17,2
DA:18,1
DA:21,1
DA:23,1
DA:26,1
DA:31,0
DA:35,8
DA:36,2
DA:38,2
DA:40,2
DA:42,1
DA:46,1
DA:52,0
DA:56,8
DA:57,3
DA:58,3
DA:59,3
DA:61,3
DA:62,1
DA:65,2
DA:66,1
DA:70,1
DA:76,0
DA:80,8
DA:81,3
DA:82,3
DA:83,3
DA:85,3
DA:86,1
DA:89,2
DA:90,1
DA:94,1
DA:100,0
DA:104,8
DA:105,2
DA:106,2
DA:107,2
DA:109,2
DA:110,1
DA:113,1
DA:114,1
DA:123,0
LF:47
LH:42
BRDA:13,0,0,2
BRDA:13,0,1,2
BRDA:14,1,0,0
BRDA:14,1,1,2
BRDA:14,2,0,2
BRDA:14,2,1,2
BRDA:17,3,0,1
BRDA:17,3,1,1
BRDA:61,4,0,1
BRDA:61,4,1,2
BRDA:85,5,0,1
BRDA:85,5,1,2
BRDA:109,6,0,1
BRDA:109,6,1,1
BRF:14
BRH:13
end_of_record
TN:
SF:src/controllers/UsuarioController.js
FN:8,(anonymous_0)
FN:57,(anonymous_1)
FN:66,(anonymous_2)
FN:72,(anonymous_3)
FN:81,(anonymous_4)
FN:101,(anonymous_5)
FN:104,(anonymous_6)
FN:122,(anonymous_7)
FN:130,(anonymous_8)
FN:157,(anonymous_9)
FN:160,(anonymous_10)
FN:165,(anonymous_11)
FN:177,(anonymous_12)
FN:186,(anonymous_13)
FN:188,(anonymous_14)
FN:192,(anonymous_15)
FNF:16
FNH:15
FNDA:2,(anonymous_0)
FNDA:2,(anonymous_1)
FNDA:1,(anonymous_2)
FNDA:1,(anonymous_3)
FNDA:5,(anonymous_4)
FNDA:1,(anonymous_5)
FNDA:1,(anonymous_6)
FNDA:5,(anonymous_7)
FNDA:4,(anonymous_8)
FNDA:1,(anonymous_9)
FNDA:0,(anonymous_10)
FNDA:1,(anonymous_11)
FNDA:2,(anonymous_12)
FNDA:1,(anonymous_13)
FNDA:1,(anonymous_14)
FNDA:1,(anonymous_15)
DA:8,8
DA:10,2
DA:12,2
DA:13,0
DA:16,2
DA:17,2
DA:19,2
DA:27,2
DA:28,1
DA:29,1
DA:30,1
DA:32,1
DA:33,5
DA:36,1
DA:40,1
DA:41,1
DA:42,1
DA:44,1
DA:45,1
DA:48,1
DA:52,0
DA:53,0
DA:57,8
DA:58,2
DA:60,2
DA:61,0
DA:64,2
DA:66,2
DA:67,1
DA:68,1
DA:70,1
DA:73,1
DA:76,0
DA:77,0
DA:81,8
DA:82,5
DA:84,5
DA:86,5
DA:87,5
DA:89,5
DA:91,3
DA:92,1
DA:95,2
DA:96,2
DA:98,2
DA:99,2
DA:101,2
DA:102,1
DA:106,1
DA:109,2
DA:110,1
DA:112,1
DA:113,1
DA:117,0
DA:118,0
DA:122,8
DA:123,5
DA:125,5
DA:126,0
DA:128,5
DA:129,5
DA:130,5
DA:132,4
DA:133,4
DA:134,4
DA:136,4
DA:137,1
DA:139,4
DA:140,1
DA:143,4
DA:145,1
DA:146,0
DA:147,0
DA:149,1
DA:153,4
DA:154,3
DA:157,1
DA:158,1
DA:161,0
DA:162,0
DA:167,1
DA:172,0
DA:173,0
DA:177,8
DA:178,2
DA:180,2
DA:181,0
DA:184,2
DA:186,2
DA:188,1
DA:189,1
DA:194,1
DA:199,0
DA:200,0
LF:94
LH:76
BRDA:12,0,0,0
BRDA:12,0,1,2
BRDA:23,1,0,2
BRDA:23,1,1,2
BRDA:24,2,0,0
BRDA:24,2,1,2
BRDA:24,3,0,2
BRDA:24,3,1,2
BRDA:27,4,0,1
BRDA:27,4,1,1
BRDA:60,5,0,0
BRDA:60,5,1,2
BRDA:89,6,0,3
BRDA:89,6,1,2
BRDA:89,7,0,5
BRDA:89,7,1,4
BRDA:91,8,0,1
BRDA:91,8,1,2
BRDA:109,9,0,1
BRDA:109,9,1,1
BRDA:112,10,0,1
BRDA:112,10,1,0
BRDA:125,11,0,0
BRDA:125,11,1,5
BRDA:136,12,0,1
BRDA:136,12,1,3
BRDA:139,13,0,1
BRDA:139,13,1,3
BRDA:143,14,0,1
BRDA:143,14,1,3
BRDA:145,15,0,0
BRDA:145,15,1,1
BRDA:153,16,0,3
BRDA:153,16,1,1
BRDA:180,17,0,0
BRDA:180,17,1,2
BRF:36
BRH:29
end_of_record
TN:
SF:src/middleware/AuthMiddleware.js
FN:4,(anonymous_0)
FNF:1
FNH:1
FNDA:56,(anonymous_0)
DA:4,7
DA:5,56
DA:6,56
DA:8,56
DA:9,1
DA:12,55
DA:14,55
DA:15,54
DA:16,54
DA:17,54
DA:21,1
LF:11
LH:11
BRDA:8,0,0,1
BRDA:8,0,1,55
BRDA:15,1,0,54
BRDA:15,1,1,0
BRF:4
BRH:3
end_of_record
TN:
SF:src/middleware/AuthPermissao.js
FN:9,(anonymous_0)
FN:23,(anonymous_1)
FNF:2
FNH:2
FNDA:42,(anonymous_0)
FNDA:42,(anonymous_1)
DA:7,11
DA:9,11
DA:10,42
DA:11,42
DA:12,42
DA:13,42
DA:14,0
DA:16,42
DA:23,11
DA:26,42
DA:29,42
DA:32,42
DA:33,0
DA:37,42
DA:40,42
DA:41,0
DA:45,42
DA:46,0
DA:50,42
DA:51,0
DA:56,42
DA:57,42
DA:60,42
DA:61,191
DA:62,31
DA:63,31
DA:65,31
DA:66,31
DA:67,191
DA:68,31
DA:69,31
DA:70,31
DA:75,0
DA:76,0
DA:80,0
DA:84,0
DA:90,11
DA:91,11
DA:92,11
DA:93,55
DA:94,11
DA:96,11
DA:98,11
DA:99,11
DA:101,0
DA:104,0
DA:109,0
DA:112,0
DA:113,0
LF:49
LH:35
BRDA:13,0,0,0
BRDA:13,0,1,42
BRDA:32,1,0,0
BRDA:32,1,1,42
BRDA:40,2,0,0
BRDA:40,2,1,42
BRDA:45,3,0,0
BRDA:45,3,1,42
BRDA:50,4,0,0
BRDA:50,4,1,42
BRDA:61,5,0,31
BRDA:61,5,1,160
BRDA:62,6,0,31
BRDA:62,6,1,0
BRDA:63,7,0,31
BRDA:63,7,1,0
BRDA:67,8,0,31
BRDA:67,8,1,160
BRDA:68,9,0,31
BRDA:68,9,1,0
BRDA:91,10,0,11
BRDA:91,10,1,0
BRDA:93,11,0,11
BRDA:93,11,1,44
BRDA:94,12,0,11
BRDA:94,12,1,0
BRDA:96,13,0,11
BRDA:96,13,1,0
BRDA:112,14,0,0
BRDA:112,14,1,0
BRF:30
BRH:17
end_of_record
TN:
SF:src/models/Curso.js
FNF:0
FNH:0
DA:4,9
DA:38,9
DA:39,9
LF:3
LH:3
BRF:0
BRH:0
end_of_record
TN:
SF:src/models/Grupo.js
FNF:0
FNH:0
DA:4,11
DA:27,11
DA:29,11
LF:3
LH:3
BRF:0
BRH:0
end_of_record
TN:
SF:src/models/Matricula.js
FNF:0
FNH:0
DA:4,8
DA:25,8
DA:27,8
LF:3
LH:3
BRF:0
BRH:0
end_of_record
TN:
SF:src/models/Rota.js
FNF:0
FNH:0
DA:4,12
DA:21,12
DA:23,12
LF:3
LH:3
BRF:0
BRH:0
end_of_record
TN:
SF:src/models/Usuario.js
FNF:0
FNH:0
DA:4,11
DA:39,11
DA:41,11
LF:3
LH:3
BRF:0
BRH:0
end_of_record
TN:
SF:src/routes/AutenticacaoRoutes.js
FNF:0
FNH:0
DA:4,7
DA:58,7
LF:2
LH:2
BRF:0
BRH:0
end_of_record
TN:
SF:src/routes/cursosRoutes.js
FNF:0
FNH:0
DA:6,7
DA:303,7
LF:2
LH:2
BRF:0
BRH:0
end_of_record
TN:
SF:src/routes/gruposRoutes.js
FNF:0
FNH:0
DA:5,7
DA:282,7
LF:2
LH:2
BRF:0
BRH:0
end_of_record
TN:
SF:src/routes/index.js
FN:252,(anonymous_0)
FN:253,(anonymous_1)
FNF:2
FNH:1
FNDA:7,(anonymous_0)
FNDA:0,(anonymous_1)
DA:252,7
DA:253,7
DA:254,0
DA:257,7
LF:4
LH:3
BRF:0
BRH:0
end_of_record
TN:
SF:src/routes/matriculaRoutes.js
FNF:0
FNH:0
DA:6,7
DA:276,7
LF:2
LH:2
BRF:0
BRH:0
end_of_record
TN:
SF:src/routes/rotasRoutes.js
FNF:0
FNH:0
DA:5,7
DA:281,7
LF:2
LH:2
BRF:0
BRH:0
end_of_record
TN:
SF:src/routes/usuariosRoutes.js
FNF:0
FNH:0
DA:5,7
DA:289,7
LF:2
LH:2
BRF:0
BRH:0
end_of_record
